Info in <TCanvas::Print>: png file Limits/sig900/hh4b2plus1_fit_s.png has been created
Warning in <TFile::Append>: Replacing existing TH1: correlation_matrix (Potential memory leak).
Info in <TCanvas::Print>: png file Limits/sig900/covariance_fit_s.png has been created
h4b2plus1_plot__CMS_th1x) WARNING: non-integer bin entry 17.8611 with Poisson errors, interpolating between Poisson errors of adjacent integer
[#0] WARNING:Plotting -- RooHist::addBin(hh4b2plus1_plot__CMS_th1x) WARNING: non-integer bin entry 27.0425 with Poisson errors, interpolating between Poisson errors of adjacent integer
[#0] WARNING:Plotting -- RooHist::addBin(hh4b2plus1_plot__CMS_th1x) WARNING: non-integer bin entry 21.0588 with Poisson errors, interpolating between Poisson errors of adjacent integer
[#0] WARNING:Plotting -- RooHist::addBin(hh4b2plus1_plot__CMS_th1x) WARNING: non-integer bin entry 22.6305 with Poisson errors, interpolating between Poisson errors of adjacent integer
[#0] WARNING:Plotting -- RooHist::addBin(hh4b2plus1_plot__CMS_th1x) WARNING: non-integer bin entry 13.1726 with Poisson errors, interpolating between Poisson errors of adjacent integer
[#0] WARNING:Plotting -- RooHist::addBin(hh4b2plus1_plot__CMS_th1x) WARNING: non-integer bin entry 9.71275 with Poisson errors, interpolating between Poisson errors of adjacent integer
[#0] WARNING:Plotting -- RooHist::addBin(hh4b2plus1_plot__CMS_th1x) WARNING: non-integer bin entry 8.44501 with Poisson errors, interpolating between Poisson errors of adjacent integer
[#0] WARNING:Plotting -- RooHist::addBin(hh4b2plus1_plot__CMS_th1x) WARNING: non-integer bin entry 7.75365 with Poisson errors, interpolating between Poisson errors of adjacent integer
[#0] WARNING:Plotting -- RooHist::addBin(hh4b2plus1_plot__CMS_th1x) WARNING: non-integer bin entry 7.39454 with Poisson errors, interpolating between Poisson errors of adjacent integer
[#0] WARNING:Plotting -- RooHist::addBin(hh4b2plus1_plot__CMS_th1x) WARNING: non-integer bin entry 5.42858 with Poisson errors, interpolating between Poisson errors of adjacent integer
[#0] WARNING:Plotting -- RooHist::addBin(hh4b2plus1_plot__CMS_th1x) WARNING: non-integer bin entry 1.5148 with Poisson errors, interpolating between Poisson errors of adjacent integer
[#0] WARNING:Plotting -- RooHist::addBin(hh4b2plus1_plot__CMS_th1x) WARNING: non-integer bin entry 3.42598 with Poisson errors, interpolating between Poisson errors of adjacent integer
[#0] WARNING:Plotting -- RooHist::addBin(hh4b2plus1_plot__CMS_th1x) WARNING: non-integer bin entry 1.57015 with Poisson errors, interpolating between Poisson errors of adjacent integer
[#0] WARNING:Plotting -- RooHist::addBin(hh4b2plus1_plot__CMS_th1x) WARNING: non-integer bin entry 1.1732 with Poisson errors, interpolating between Poisson errors of adjacent integer
[#0] WARNING:Plotting -- RooHist::addBin(hh4b2plus1_plot__CMS_th1x) WARNING: non-integer bin entry 1.93335 with Poisson errors, interpolating between Poisson errors of adjacent integer
[#0] WARNING:Plotting -- RooHist::addBin(hh4b2plus1_plot__CMS_th1x) WARNING: non-integer bin entry 1.16159 with Poisson errors, interpolating between Poisson errors of adjacent integer
[#0] WARNING:Plotting -- RooHist::addBin(hh4b2plus1_plot__CMS_th1x) WARNING: non-integer bin entry 0.394967 with Poisson errors, interpolating between Poisson errors of adjacent integer
[#0] WARNING:Plotting -- RooHist::addBin(hh4b2plus1_plot__CMS_th1x) WARNING: non-integer bin entry 1.52557 with Poisson errors, interpolating between Poisson errors of adjacent integer
[#0] WARNING:Plotting -- RooHist::addBin(hh4b2plus1_plot__CMS_th1x) WARNING: non-integer bin entry 1.12607 with Poisson errors, interpolating between Poisson errors of adjacent integer
[#0] WARNING:Plotting -- RooHist::addBin(hh4b2plus1_plot__CMS_th1x) WARNING: non-integer bin entry 0.769082 with Poisson errors, interpolating between Poisson errors of adjacent integer
[#0] WARNING:Plotting -- RooHist::addBin(hh4b2plus1_plot__CMS_th1x) WARNING: non-integer bin entry 0.404585 with Poisson errors, interpolating between Poisson errors of adjacent integer
[#0] WARNING:Plotting -- RooHist::addBin(hh4b2plus1_plot__CMS_th1x) WARNING: non-integer bin entry 0.379811 with Poisson errors, interpolating between Poisson errors of adjacent integer
[#0] WARNING:Plotting -- RooHist::addBin(hh4b2plus1_plot__CMS_th1x) WARNING: non-integer bin entry 0.375051 with Poisson errors, interpolating between Poisson errors of adjacent integer
[#0] ERROR:Eval -- RooAbsReal::logEvalError(pdf_binhh4b2plus1_nuis) evaluation error, 
 origin       : RooAddPdf::pdf_binhh4b2plus1_nuis[ n_exp_final_binhh4b2plus1_proc_QCD2plus1 * shapeBkg_hh4b2plus1_QCD2plus1_morph + n_exp_binhh4b2plus1_proc_Signal2plus1_mX_900 * shapeSig_Signal2plus1_mX_900_hh4b2plus1_rebinPdf ]
 message      : p.d.f value is less than zero (-0.000000), forcing value to zero
 server values: !refCoefNorm=(), !pdfs=(shapeBkg_hh4b2plus1_QCD2plus1_morph = 0.0203353,shapeSig_Signal2plus1_mX_900_hh4b2plus1_rebinPdf = 1.11719e-06), !coefficients=(n_exp_final_binhh4b2plus1_proc_QCD2plus1 = 171.029,n_exp_binhh4b2plus1_proc_Signal2plus1_mX_900 = -0.0119037)
[#0] ERROR:Eval -- RooAbsReal::logEvalError(pdf_binhh4b2plus1_nuis) evaluation error, 
 origin       : RooAddPdf::pdf_binhh4b2plus1_nuis[ n_exp_final_binhh4b2plus1_proc_QCD2plus1 * shapeBkg_hh4b2plus1_QCD2plus1_morph + n_exp_binhh4b2plus1_proc_Signal2plus1_mX_900 * shapeSig_Signal2plus1_mX_900_hh4b2plus1_rebinPdf ]
 message      : p.d.f value is less than zero (-0.000000), forcing value to zero
 server values: !refCoefNorm=(), !pdfs=(shapeBkg_hh4b2plus1_QCD2plus1_morph = 0.0203353,shapeSig_Signal2plus1_mX_900_hh4b2plus1_rebinPdf = 1.11719e-06), !coefficients=(n_exp_final_binhh4b2plus1_proc_QCD2plus1 = 171.029,n_exp_binhh4b2plus1_proc_Signal2plus1_mX_900 = -0.0119037)
[#0] ERROR:Eval -- RooAbsReal::logEvalError(pdf_binhh4b2plus1_nuis) evaluation error, 
 origin       : RooAddPdf::pdf_binhh4b2plus1_nuis[ n_exp_final_binhh4b2plus1_proc_QCD2plus1 * shapeBkg_hh4b2plus1_QCD2plus1_morph + n_exp_binhh4b2plus1_proc_Signal2plus1_mX_900 * shapeSig_Signal2plus1_mX_900_hh4b2plus1_rebinPdf ]
 message      : p.d.f value is less than zero (-0.000000), forcing value to zero
 server values: !refCoefNorm=(), !pdfs=(shapeBkg_hh4b2plus1_QCD2plus1_morph = 0.0203353/1,shapeSig_Signal2plus1_mX_900_hh4b2plus1_rebinPdf = 1.11719e-06/1), !coefficients=(n_exp_final_binhh4b2plus1_proc_QCD2plus1 = 171.029,n_exp_binhh4b2plus1_proc_Signal2plus1_mX_900 = -0.0119037)
[#0] WARNING:Plotting -- At observable [x]=1 RooAddPdf::pdf_binhh4b2plus1_nuis[ n_exp_final_binhh4b2plus1_proc_QCD2plus1 * shapeBkg_hh4b2plus1_QCD2plus1_morph + n_exp_binhh4b2plus1_proc_Signal2plus1_mX_900 * shapeSig_Signal2plus1_mX_900_hh4b2plus1_rebinPdf ]
     p.d.f value is less than zero (-0.000000), forcing value to zero @ !refCoefNorm=(CMS_th1x = 1), !pdfs=(shapeBkg_hh4b2plus1_QCD2plus1_morph = 0.0717608/1,shapeSig_Signal2plus1_mX_900_hh4b2plus1_rebinPdf = 1.67487e-06/1), !coefficients=(n_exp_final_binhh4b2plus1_proc_QCD2plus1 = 171.029,n_exp_binhh4b2plus1_proc_Signal2plus1_mX_900 = -0.0119037)
[#0] WARNING:Plotting -- At observable [x]=2 RooAddPdf::pdf_binhh4b2plus1_nuis[ n_exp_final_binhh4b2plus1_proc_QCD2plus1 * shapeBkg_hh4b2plus1_QCD2plus1_morph + n_exp_binhh4b2plus1_proc_Signal2plus1_mX_900 * shapeSig_Signal2plus1_mX_900_hh4b2plus1_rebinPdf ]
     p.d.f value is less than zero (-0.000000), forcing value to zero @ !refCoefNorm=(CMS_th1x = 2), !pdfs=(shapeBkg_hh4b2plus1_QCD2plus1_morph = 0.105839/1,shapeSig_Signal2plus1_mX_900_hh4b2plus1_rebinPdf = 0.000224244/1), !coefficients=(n_exp_final_binhh4b2plus1_proc_QCD2plus1 = 171.029,n_exp_binhh4b2plus1_proc_Signal2plus1_mX_900 = -0.0119037)
[#0] WARNING:Plotting -- At observable [x]=3 RooAddPdf::pdf_binhh4b2plus1_nuis[ n_exp_final_binhh4b2plus1_proc_QCD2plus1 * shapeBkg_hh4b2plus1_QCD2plus1_morph + n_exp_binhh4b2plus1_proc_Signal2plus1_mX_900 * shapeSig_Signal2plus1_mX_900_hh4b2plus1_rebinPdf ]
     p.d.f value is less than zero (-0.000000), forcing value to zero @ !refCoefNorm=(CMS_th1x = 3), !pdfs=(shapeBkg_hh4b2plus1_QCD2plus1_morph = 0.159995/1,shapeSig_Signal2plus1_mX_900_hh4b2plus1_rebinPdf = 0.00073504/1), !coefficients=(n_exp_final_binhh4b2plus1_proc_QCD2plus1 = 171.029,n_exp_binhh4b2plus1_proc_Signal2plus1_mX_900 = -0.0119037)
[#0] WARNING:Plotting -- At observable [x]=4 RooAddPdf::pdf_binhh4b2plus1_nuis[ n_exp_final_binhh4b2plus1_proc_QCD2plus1 * shapeBkg_hh4b2plus1_QCD2plus1_morph + n_exp_binhh4b2plus1_proc_Signal2plus1_mX_900 * shapeSig_Signal2plus1_mX_900_hh4b2plus1_rebinPdf ]
     p.d.f value is less than zero (-0.000000), forcing value to zero @ !refCoefNorm=(CMS_th1x = 4), !pdfs=(shapeBkg_hh4b2plus1_QCD2plus1_morph = 0.124727/1,shapeSig_Signal2plus1_mX_900_hh4b2plus1_rebinPdf = 0.00278178/1), !coefficients=(n_exp_final_binhh4b2plus1_proc_QCD2plus1 = 171.029,n_exp_binhh4b2plus1_proc_Signal2plus1_mX_900 = -0.0119037)
[#0] WARNING:Plotting -- At observable [x]=5 RooAddPdf::pdf_binhh4b2plus1_nuis[ n_exp_final_binhh4b2plus1_proc_QCD2plus1 * shapeBkg_hh4b2plus1_QCD2plus1_morph + n_exp_binhh4b2plus1_proc_Signal2plus1_mX_900 * shapeSig_Signal2plus1_mX_900_hh4b2plus1_rebinPdf ]
     p.d.f value is less than zero (-0.000001), forcing value to zero @ !refCoefNorm=(CMS_th1x = 5), !pdfs=(shapeBkg_hh4b2plus1_QCD2plus1_morph = 0.134453/1,shapeSig_Signal2plus1_mX_900_hh4b2plus1_rebinPdf = 0.0203432/1), !coefficients=(n_exp_final_binhh4b2plus1_proc_QCD2plus1 = 171.029,n_exp_binhh4b2plus1_proc_Signal2plus1_mX_900 = -0.0119037)
[#0] WARNING:Plotting -- At observable [x]=6 RooAddPdf::pdf_binhh4b2plus1_nuis[ n_exp_final_binhh4b2plus1_proc_QCD2plus1 * shapeBkg_hh4b2plus1_QCD2plus1_morph + n_exp_binhh4b2plus1_proc_Signal2plus1_mX_900 * shapeSig_Signal2plus1_mX_900_hh4b2plus1_rebinPdf ]
     p.d.f value is less than zero (-0.000017), forcing value to zero @ !refCoefNorm=(CMS_th1x = 6), !pdfs=(shapeBkg_hh4b2plus1_QCD2plus1_morph = 0.0784485/1,shapeSig_Signal2plus1_mX_900_hh4b2plus1_rebinPdf = 0.247669/1), !coefficients=(n_exp_final_binhh4b2plus1_proc_QCD2plus1 = 171.029,n_exp_binhh4b2plus1_proc_Signal2plus1_mX_900 = -0.0119037)
[#0] WARNING:Plotting -- At observable [x]=7 RooAddPdf::pdf_binhh4b2plus1_nuis[ n_exp_final_binhh4b2plus1_proc_QCD2plus1 * shapeBkg_hh4b2plus1_QCD2plus1_morph + n_exp_binhh4b2plus1_proc_Signal2plus1_mX_900 * shapeSig_Signal2plus1_mX_900_hh4b2plus1_rebinPdf ]
     p.d.f value is less than zero (-0.000038), forcing value to zero @ !refCoefNorm=(CMS_th1x = 7), !pdfs=(shapeBkg_hh4b2plus1_QCD2plus1_morph = 0.0588839/1,shapeSig_Signal2plus1_mX_900_hh4b2plus1_rebinPdf = 0.548938/1), !coefficients=(n_exp_final_binhh4b2plus1_proc_QCD2plus1 = 171.029,n_exp_binhh4b2plus1_proc_Signal2plus1_mX_900 = -0.0119037)
[#0] WARNING:Plotting -- At observable [x]=8 RooAddPdf::pdf_binhh4b2plus1_nuis[ n_exp_final_binhh4b2plus1_proc_QCD2plus1 * shapeBkg_hh4b2plus1_QCD2plus1_morph + n_exp_binhh4b2plus1_proc_Signal2plus1_mX_900 * shapeSig_Signal2plus1_mX_900_hh4b2plus1_rebinPdf ]
     p.d.f value is less than zero (-0.000012), forcing value to zero @ !refCoefNorm=(CMS_th1x = 8), !pdfs=(shapeBkg_hh4b2plus1_QCD2plus1_morph = 0.0502028/1,shapeSig_Signal2plus1_mX_900_hh4b2plus1_rebinPdf = 0.171976/1), !coefficients=(n_exp_final_binhh4b2plus1_proc_QCD2plus1 = 171.029,n_exp_binhh4b2plus1_proc_Signal2plus1_mX_900 = -0.0119037)
[#0] WARNING:Plotting -- At observable [x]=9 RooAddPdf::pdf_binhh4b2plus1_nuis[ n_exp_final_binhh4b2plus1_proc_QCD2plus1 * shapeBkg_hh4b2plus1_QCD2plus1_morph + n_exp_binhh4b2plus1_proc_Signal2plus1_mX_900 * shapeSig_Signal2plus1_mX_900_hh4b2plus1_rebinPdf ]
     p.d.f value is less than zero (-0.000000), forcing value to zero @ !refCoefNorm=(CMS_th1x = 9), !pdfs=(shapeBkg_hh4b2plus1_QCD2plus1_morph = 0.0460404/1,shapeSig_Signal2plus1_mX_900_hh4b2plus1_rebinPdf = 0.00595793/1), !coefficients=(n_exp_final_binhh4b2plus1_proc_QCD2plus1 = 171.029,n_exp_binhh4b2plus1_proc_Signal2plus1_mX_900 = -0.0119037)
[#0] WARNING:Plotting -- At observable [x]=10 RooAddPdf::pdf_binhh4b2plus1_nuis[ n_exp_final_binhh4b2plus1_proc_QCD2plus1 * shapeBkg_hh4b2plus1_QCD2plus1_morph + n_exp_binhh4b2plus1_proc_Signal2plus1_mX_900 * shapeSig_Signal2plus1_mX_900_hh4b2plus1_rebinPdf ]
     p.d.f value is less than zero (-0.000000), forcing value to zero @ !refCoefNorm=(CMS_th1x = 10), !pdfs=(shapeBkg_hh4b2plus1_QCD2plus1_morph = 0.0438807/1,shapeSig_Signal2plus1_mX_900_hh4b2plus1_rebinPdf = 0.00114854/1), !coefficients=(n_exp_final_binhh4b2plus1_proc_QCD2plus1 = 171.029,n_exp_binhh4b2plus1_proc_Signal2plus1_mX_900 = -0.0119037)
[#0] WARNING:Plotting -- At observable [x]=11 RooAddPdf::pdf_binhh4b2plus1_nuis[ n_exp_final_binhh4b2plus1_proc_QCD2plus1 * shapeBkg_hh4b2plus1_QCD2plus1_morph + n_exp_binhh4b2plus1_proc_Signal2plus1_mX_900 * shapeSig_Signal2plus1_mX_900_hh4b2plus1_rebinPdf ]
     p.d.f value is less than zero (-0.000000), forcing value to zero @ !refCoefNorm=(CMS_th1x = 11), !pdfs=(shapeBkg_hh4b2plus1_QCD2plus1_morph = 0.0322354/1,shapeSig_Signal2plus1_mX_900_hh4b2plus1_rebinPdf = 1e-09/1), !coefficients=(n_exp_final_binhh4b2plus1_proc_QCD2plus1 = 171.029,n_exp_binhh4b2plus1_proc_Signal2plus1_mX_900 = -0.0119037)
[#0] WARNING:Plotting -- At observable [x]=12 RooAddPdf::pdf_binhh4b2plus1_nuis[ n_exp_final_binhh4b2plus1_proc_QCD2plus1 * shapeBkg_hh4b2plus1_QCD2plus1_morph + n_exp_binhh4b2plus1_proc_Signal2plus1_mX_900 * shapeSig_Signal2plus1_mX_900_hh4b2plus1_rebinPdf ]
     p.d.f value is less than zero (-0.000000), forcing value to zero @ !refCoefNorm=(CMS_th1x = 12), !pdfs=(shapeBkg_hh4b2plus1_QCD2plus1_morph = 0.00900402/1,shapeSig_Signal2plus1_mX_900_hh4b2plus1_rebinPdf = 9.80204e-05/1), !coefficients=(n_exp_final_binhh4b2plus1_proc_QCD2plus1 = 171.029,n_exp_binhh4b2plus1_proc_Signal2plus1_mX_900 = -0.0119037)
[#0] WARNING:Plotting -- At observable [x]=13 RooAddPdf::pdf_binhh4b2plus1_nuis[ n_exp_final_binhh4b2plus1_proc_QCD2plus1 * shapeBkg_hh4b2plus1_QCD2plus1_morph + n_exp_binhh4b2plus1_proc_Signal2plus1_mX_900 * shapeSig_Signal2plus1_mX_900_hh4b2plus1_rebinPdf ]
     p.d.f value is less than zero (-0.000000), forcing value to zero @ !refCoefNorm=(CMS_th1x = 13), !pdfs=(shapeBkg_hh4b2plus1_QCD2plus1_morph = 0.0203353/1,shapeSig_Signal2plus1_mX_900_hh4b2plus1_rebinPdf = 1.11719e-06/1), !coefficients=(n_exp_final_binhh4b2plus1_proc_QCD2plus1 = 171.029,n_exp_binhh4b2plus1_proc_Signal2plus1_mX_900 = -0.0119037)
[#0] WARNING:Plotting -- At observable [x]=14 RooAddPdf::pdf_binhh4b2plus1_nuis[ n_exp_final_binhh4b2plus1_proc_QCD2plus1 * shapeBkg_hh4b2plus1_QCD2plus1_morph + n_exp_binhh4b2plus1_proc_Signal2plus1_mX_900 * shapeSig_Signal2plus1_mX_900_hh4b2plus1_rebinPdf ]
     p.d.f value is less than zero (-0.000000), forcing value to zero @ !refCoefNorm=(CMS_th1x = 14), !pdfs=(shapeBkg_hh4b2plus1_QCD2plus1_morph = 0.00932202/1,shapeSig_Signal2plus1_mX_900_hh4b2plus1_rebinPdf = 1e-09/1), !coefficients=(n_exp_final_binhh4b2plus1_proc_QCD2plus1 = 171.029,n_exp_binhh4b2plus1_proc_Signal2plus1_mX_900 = -0.0119037)
[#0] WARNING:Plotting -- At observable [x]=15 RooAddPdf::pdf_binhh4b2plus1_nuis[ n_exp_final_binhh4b2plus1_proc_QCD2plus1 * shapeBkg_hh4b2plus1_QCD2plus1_morph + n_exp_binhh4b2plus1_proc_Signal2plus1_mX_900 * shapeSig_Signal2plus1_mX_900_hh4b2plus1_rebinPdf ]
     p.d.f value is less than zero (-0.000000), forcing value to zero @ !refCoefNorm=(CMS_th1x = 15), !pdfs=(shapeBkg_hh4b2plus1_QCD2plus1_morph = 0.00696538/1,shapeSig_Signal2plus1_mX_900_hh4b2plus1_rebinPdf = 0.00012571/1), !coefficients=(n_exp_final_binhh4b2plus1_proc_QCD2plus1 = 171.029,n_exp_binhh4b2plus1_proc_Signal2plus1_mX_900 = -0.0119037)
[#0] WARNING:Plotting -- At observable [x]=16 RooAddPdf::pdf_binhh4b2plus1_nuis[ n_exp_final_binhh4b2plus1_proc_QCD2plus1 * shapeBkg_hh4b2plus1_QCD2plus1_morph + n_exp_binhh4b2plus1_proc_Signal2plus1_mX_900 * shapeSig_Signal2plus1_mX_900_hh4b2plus1_rebinPdf ]
     p.d.f value is less than zero (-0.000000), forcing value to zero @ !refCoefNorm=(CMS_th1x = 16), !pdfs=(shapeBkg_hh4b2plus1_QCD2plus1_morph = 0.0114776/1,shapeSig_Signal2plus1_mX_900_hh4b2plus1_rebinPdf = 1e-09/1), !coefficients=(n_exp_final_binhh4b2plus1_proc_QCD2plus1 = 171.029,n_exp_binhh4b2plus1_proc_Signal2plus1_mX_900 = -0.0119037)
[#0] WARNING:Plotting -- At observable [x]=17 RooAddPdf::pdf_binhh4b2plus1_nuis[ n_exp_final_binhh4b2plus1_proc_QCD2plus1 * shapeBkg_hh4b2plus1_QCD2plus1_morph + n_exp_binhh4b2plus1_proc_Signal2plus1_mX_900 * shapeSig_Signal2plus1_mX_900_hh4b2plus1_rebinPdf ]
     p.d.f value is less than zero (-0.000000), forcing value to zero @ !refCoefNorm=(CMS_th1x = 17), !pdfs=(shapeBkg_hh4b2plus1_QCD2plus1_morph = 0.00689571/1,shapeSig_Signal2plus1_mX_900_hh4b2plus1_rebinPdf = 1e-09/1), !coefficients=(n_exp_final_binhh4b2plus1_proc_QCD2plus1 = 171.029,n_exp_binhh4b2plus1_proc_Signal2plus1_mX_900 = -0.0119037)
[#0] WARNING:Plotting -- At observable [x]=18 RooAddPdf::pdf_binhh4b2plus1_nuis[ n_exp_final_binhh4b2plus1_proc_QCD2plus1 * shapeBkg_hh4b2plus1_QCD2plus1_morph + n_exp_binhh4b2plus1_proc_Signal2plus1_mX_900 * shapeSig_Signal2plus1_mX_900_hh4b2plus1_rebinPdf ]
     p.d.f value is less than zero (-0.000000), forcing value to zero @ !refCoefNorm=(CMS_th1x = 18), !pdfs=(shapeBkg_hh4b2plus1_QCD2plus1_morph = 0.00234417/1,shapeSig_Signal2plus1_mX_900_hh4b2plus1_rebinPdf = 1e-09/1), !coefficients=(n_exp_final_binhh4b2plus1_proc_QCD2plus1 = 171.029,n_exp_binhh4b2plus1_proc_Signal2plus1_mX_900 = -0.0119037)
[#0] WARNING:Plotting -- At observable [x]=19 RooAddPdf::pdf_binhh4b2plus1_nuis[ n_exp_final_binhh4b2plus1_proc_QCD2plus1 * shapeBkg_hh4b2plus1_QCD2plus1_morph + n_exp_binhh4b2plus1_proc_Signal2plus1_mX_900 * shapeSig_Signal2plus1_mX_900_hh4b2plus1_rebinPdf ]
     p.d.f value is less than zero (-0.000000), forcing value to zero @ !refCoefNorm=(CMS_th1x = 19), !pdfs=(shapeBkg_hh4b2plus1_QCD2plus1_morph = 0.00905774/1,shapeSig_Signal2plus1_mX_900_hh4b2plus1_rebinPdf = 1e-09/1), !coefficients=(n_exp_final_binhh4b2plus1_proc_QCD2plus1 = 171.029,n_exp_binhh4b2plus1_proc_Signal2plus1_mX_900 = -0.0119037)
[#0] WARNING:Plotting -- At observable [x]=20 RooAddPdf::pdf_binhh4b2plus1_nuis[ n_exp_final_binhh4b2plus1_proc_QCD2plus1 * shapeBkg_hh4b2plus1_QCD2plus1_morph + n_exp_binhh4b2plus1_proc_Signal2plus1_mX_900 * shapeSig_Signal2plus1_mX_900_hh4b2plus1_rebinPdf ]
     p.d.f value is less than zero (-0.000000), forcing value to zero @ !refCoefNorm=(CMS_th1x = 20), !pdfs=(shapeBkg_hh4b2plus1_QCD2plus1_morph = 0/1,shapeSig_Signal2plus1_mX_900_hh4b2plus1_rebinPdf = 1e-09/1), !coefficients=(n_exp_final_binhh4b2plus1_proc_QCD2plus1 = 171.029,n_exp_binhh4b2plus1_proc_Signal2plus1_mX_900 = -0.0119037)
[#0] WARNING:Plotting -- At observable [x]=21 RooAddPdf::pdf_binhh4b2plus1_nuis[ n_exp_final_binhh4b2plus1_proc_QCD2plus1 * shapeBkg_hh4b2plus1_QCD2plus1_morph + n_exp_binhh4b2plus1_proc_Signal2plus1_mX_900 * shapeSig_Signal2plus1_mX_900_hh4b2plus1_rebinPdf ]
     p.d.f value is less than zero (-0.000000), forcing value to zero @ !refCoefNorm=(CMS_th1x = 21), !pdfs=(shapeBkg_hh4b2plus1_QCD2plus1_morph = 0.00668521/1,shapeSig_Signal2plus1_mX_900_hh4b2plus1_rebinPdf = 1e-09/1), !coefficients=(n_exp_final_binhh4b2plus1_proc_QCD2plus1 = 171.029,n_exp_binhh4b2plus1_proc_Signal2plus1_mX_900 = -0.0119037)
[#0] WARNING:Plotting -- At observable [x]=22 RooAddPdf::pdf_binhh4b2plus1_nuis[ n_exp_final_binhh4b2plus1_proc_QCD2plus1 * shapeBkg_hh4b2plus1_QCD2plus1_morph + n_exp_binhh4b2plus1_proc_Signal2plus1_mX_900 * shapeSig_Signal2plus1_mX_900_hh4b2plus1_rebinPdf ]
     p.d.f value is less than zero (-0.000000), forcing value to zero @ !refCoefNorm=(CMS_th1x = 22), !pdfs=(shapeBkg_hh4b2plus1_QCD2plus1_morph = 0.00456629/1,shapeSig_Signal2plus1_mX_900_hh4b2plus1_rebinPdf = 1e-09/1), !coefficients=(n_exp_final_binhh4b2plus1_proc_QCD2plus1 = 171.029,n_exp_binhh4b2plus1_proc_Signal2plus1_mX_900 = -0.0119037)
[#0] WARNING:Plotting -- At observable [x]=23 RooAddPdf::pdf_binhh4b2plus1_nuis[ n_exp_final_binhh4b2plus1_proc_QCD2plus1 * shapeBkg_hh4b2plus1_QCD2plus1_morph + n_exp_binhh4b2plus1_proc_Signal2plus1_mX_900 * shapeSig_Signal2plus1_mX_900_hh4b2plus1_rebinPdf ]
     p.d.f value is less than zero (-0.000000), forcing value to zero @ !refCoefNorm=(CMS_th1x = 23), !pdfs=(shapeBkg_hh4b2plus1_QCD2plus1_morph = 0.00240068/1,shapeSig_Signal2plus1_mX_900_hh4b2plus1_rebinPdf = 1e-09/1), !coefficients=(n_exp_final_binhh4b2plus1_proc_QCD2plus1 = 171.029,n_exp_binhh4b2plus1_proc_Signal2plus1_mX_900 = -0.0119037)
[#0] WARNING:Plotting -- At observable [x]=24 RooAddPdf::pdf_binhh4b2plus1_nuis[ n_exp_final_binhh4b2plus1_proc_QCD2plus1 * shapeBkg_hh4b2plus1_QCD2plus1_morph + n_exp_binhh4b2plus1_proc_Signal2plus1_mX_900 * shapeSig_Signal2plus1_mX_900_hh4b2plus1_rebinPdf ]
     p.d.f value is less than zero (-0.000000), forcing value to zero @ !refCoefNorm=(CMS_th1x = 24), !pdfs=(shapeBkg_hh4b2plus1_QCD2plus1_morph = 0.00225436/1,shapeSig_Signal2plus1_mX_900_hh4b2plus1_rebinPdf = 1e-09/1), !coefficients=(n_exp_final_binhh4b2plus1_proc_QCD2plus1 = 171.029,n_exp_binhh4b2plus1_proc_Signal2plus1_mX_900 = -0.0119037)
[#0] WARNING:Plotting -- At observable [x]=25 RooAddPdf::pdf_binhh4b2plus1_nuis[ n_exp_final_binhh4b2plus1_proc_QCD2plus1 * shapeBkg_hh4b2plus1_QCD2plus1_morph + n_exp_binhh4b2plus1_proc_Signal2plus1_mX_900 * shapeSig_Signal2plus1_mX_900_hh4b2plus1_rebinPdf ]
     p.d.f value is less than zero (-0.000000), forcing value to zero @ !refCoefNorm=(CMS_th1x = 25), !pdfs=(shapeBkg_hh4b2plus1_QCD2plus1_morph = 0.00222589/1,shapeSig_Signal2plus1_mX_900_hh4b2plus1_rebinPdf = 1e-09/1), !coefficients=(n_exp_final_binhh4b2plus1_proc_QCD2plus1 = 171.029,n_exp_binhh4b2plus1_proc_Signal2plus1_mX_900 = -0.0119037)
[#0] WARNING:Plotting -- At observable [x]=0.5 RooAddPdf::pdf_binhh4b2plus1_nuis[ n_exp_final_binhh4b2plus1_proc_QCD2plus1 * shapeBkg_hh4b2plus1_QCD2plus1_morph + n_exp_binhh4b2plus1_proc_Signal2plus1_mX_900 * shapeSig_Signal2plus1_mX_900_hh4b2plus1_rebinPdf ]
     p.d.f value is less than zero (-0.000000), forcing value to zero @ !refCoefNorm=(CMS_th1x = 0.5), !pdfs=(shapeBkg_hh4b2plus1_QCD2plus1_morph = 0.0717608/1,shapeSig_Signal2plus1_mX_900_hh4b2plus1_rebinPdf = 1.67487e-06/1), !coefficients=(n_exp_final_binhh4b2plus1_proc_QCD2plus1 = 171.029,n_exp_binhh4b2plus1_proc_Signal2plus1_mX_900 = -0.0119037)
[#0] WARNING:Plotting -- At observable [x]=1.5 RooAddPdf::pdf_binhh4b2plus1_nuis[ n_exp_final_binhh4b2plus1_proc_QCD2plus1 * shapeBkg_hh4b2plus1_QCD2plus1_morph + n_exp_binhh4b2plus1_proc_Signal2plus1_mX_900 * shapeSig_Signal2plus1_mX_900_hh4b2plus1_rebinPdf ]
     p.d.f value is less than zero (-0.000000), forcing value to zero @ !refCoefNorm=(CMS_th1x = 1.5), !pdfs=(shapeBkg_hh4b2plus1_QCD2plus1_morph = 0.105839/1,shapeSig_Signal2plus1_mX_900_hh4b2plus1_rebinPdf = 0.000224244/1), !coefficients=(n_exp_final_binhh4b2plus1_proc_QCD2plus1 = 171.029,n_exp_binhh4b2plus1_proc_Signal2plus1_mX_900 = -0.0119037)
[#0] WARNING:Plotting -- At observable [x]=2.5 RooAddPdf::pdf_binhh4b2plus1_nuis[ n_exp_final_binhh4b2plus1_proc_QCD2plus1 * shapeBkg_hh4b2plus1_QCD2plus1_morph + n_exp_binhh4b2plus1_proc_Signal2plus1_mX_900 * shapeSig_Signal2plus1_mX_900_hh4b2plus1_rebinPdf ]
     p.d.f value is less than zero (-0.000000), forcing value to zero @ !refCoefNorm=(CMS_th1x = 2.5), !pdfs=(shapeBkg_hh4b2plus1_QCD2plus1_morph = 0.159995/1,shapeSig_Signal2plus1_mX_900_hh4b2plus1_rebinPdf = 0.00073504/1), !coefficients=(n_exp_final_binhh4b2plus1_proc_QCD2plus1 = 171.029,n_exp_binhh4b2plus1_proc_Signal2plus1_mX_900 = -0.0119037)
[#0] WARNING:Plotting -- At observable [x]=3.5 RooAddPdf::pdf_binhh4b2plus1_nuis[ n_exp_final_binhh4b2plus1_proc_QCD2plus1 * shapeBkg_hh4b2plus1_QCD2plus1_morph + n_exp_binhh4b2plus1_proc_Signal2plus1_mX_900 * shapeSig_Signal2plus1_mX_900_hh4b2plus1_rebinPdf ]
     p.d.f value is less than zero (-0.000000), forcing value to zero @ !refCoefNorm=(CMS_th1x = 3.5), !pdfs=(shapeBkg_hh4b2plus1_QCD2plus1_morph = 0.124727/1,shapeSig_Signal2plus1_mX_900_hh4b2plus1_rebinPdf = 0.00278178/1), !coefficients=(n_exp_final_binhh4b2plus1_proc_QCD2plus1 = 171.029,n_exp_binhh4b2plus1_proc_Signal2plus1_mX_900 = -0.0119037)
[#0] WARNING:Plotting -- At observable [x]=4.5 RooAddPdf::pdf_binhh4b2plus1_nuis[ n_exp_final_binhh4b2plus1_proc_QCD2plus1 * shapeBkg_hh4b2plus1_QCD2plus1_morph + n_exp_binhh4b2plus1_proc_Signal2plus1_mX_900 * shapeSig_Signal2plus1_mX_900_hh4b2plus1_rebinPdf ]
     p.d.f value is less than zero (-0.000001), forcing value to zero @ !refCoefNorm=(CMS_th1x = 4.5), !pdfs=(shapeBkg_hh4b2plus1_QCD2plus1_morph = 0.134453/1,shapeSig_Signal2plus1_mX_900_hh4b2plus1_rebinPdf = 0.0203432/1), !coefficients=(n_exp_final_binhh4b2plus1_proc_QCD2plus1 = 171.029,n_exp_binhh4b2plus1_proc_Signal2plus1_mX_900 = -0.0119037)
[#0] WARNING:Plotting -- At observable [x]=5.5 RooAddPdf::pdf_binhh4b2plus1_nuis[ n_exp_final_binhh4b2plus1_proc_QCD2plus1 * shapeBkg_hh4b2plus1_QCD2plus1_morph + n_exp_binhh4b2plus1_proc_Signal2plus1_mX_900 * shapeSig_Signal2plus1_mX_900_hh4b2plus1_rebinPdf ]
     p.d.f value is less than zero (-0.000017), forcing value to zero @ !refCoefNorm=(CMS_th1x = 5.5), !pdfs=(shapeBkg_hh4b2plus1_QCD2plus1_morph = 0.0784485/1,shapeSig_Signal2plus1_mX_900_hh4b2plus1_rebinPdf = 0.247669/1), !coefficients=(n_exp_final_binhh4b2plus1_proc_QCD2plus1 = 171.029,n_exp_binhh4b2plus1_proc_Signal2plus1_mX_900 = -0.0119037)
[#0] WARNING:Plotting -- At observable [x]=6.5 RooAddPdf::pdf_binhh4b2plus1_nuis[ n_exp_final_binhh4b2plus1_proc_QCD2plus1 * shapeBkg_hh4b2plus1_QCD2plus1_morph + n_exp_binhh4b2plus1_proc_Signal2plus1_mX_900 * shapeSig_Signal2plus1_mX_900_hh4b2plus1_rebinPdf ]
     p.d.f value is less than zero (-0.000038), forcing value to zero @ !refCoefNorm=(CMS_th1x = 6.5), !pdfs=(shapeBkg_hh4b2plus1_QCD2plus1_morph = 0.0588839/1,shapeSig_Signal2plus1_mX_900_hh4b2plus1_rebinPdf = 0.548938/1), !coefficients=(n_exp_final_binhh4b2plus1_proc_QCD2plus1 = 171.029,n_exp_binhh4b2plus1_proc_Signal2plus1_mX_900 = -0.0119037)
[#0] WARNING:Plotting -- At observable [x]=7.5 RooAddPdf::pdf_binhh4b2plus1_nuis[ n_exp_final_binhh4b2plus1_proc_QCD2plus1 * shapeBkg_hh4b2plus1_QCD2plus1_morph + n_exp_binhh4b2plus1_proc_Signal2plus1_mX_900 * shapeSig_Signal2plus1_mX_900_hh4b2plus1_rebinPdf ]
     p.d.f value is less than zero (-0.000012), forcing value to zero @ !refCoefNorm=(CMS_th1x = 7.5), !pdfs=(shapeBkg_hh4b2plus1_QCD2plus1_morph = 0.0502028/1,shapeSig_Signal2plus1_mX_900_hh4b2plus1_rebinPdf = 0.171976/1), !coefficients=(n_exp_final_binhh4b2plus1_proc_QCD2plus1 = 171.029,n_exp_binhh4b2plus1_proc_Signal2plus1_mX_900 = -0.0119037)
[#0] WARNING:Plotting -- At observable [x]=8.5 RooAddPdf::pdf_binhh4b2plus1_nuis[ n_exp_final_binhh4b2plus1_proc_QCD2plus1 * shapeBkg_hh4b2plus1_QCD2plus1_morph + n_exp_binhh4b2plus1_proc_Signal2plus1_mX_900 * shapeSig_Signal2plus1_mX_900_hh4b2plus1_rebinPdf ]
     p.d.f value is less than zero (-0.000000), forcing value to zero @ !refCoefNorm=(CMS_th1x = 8.5), !pdfs=(shapeBkg_hh4b2plus1_QCD2plus1_morph = 0.0460404/1,shapeSig_Signal2plus1_mX_900_hh4b2plus1_rebinPdf = 0.00595793/1), !coefficients=(n_exp_final_binhh4b2plus1_proc_QCD2plus1 = 171.029,n_exp_binhh4b2plus1_proc_Signal2plus1_mX_900 = -0.0119037)
[#0] WARNING:Plotting -- At observable [x]=9.5 RooAddPdf::pdf_binhh4b2plus1_nuis[ n_exp_final_binhh4b2plus1_proc_QCD2plus1 * shapeBkg_hh4b2plus1_QCD2plus1_morph + n_exp_binhh4b2plus1_proc_Signal2plus1_mX_900 * shapeSig_Signal2plus1_mX_900_hh4b2plus1_rebinPdf ]
     p.d.f value is less than zero (-0.000000), forcing value to zero @ !refCoefNorm=(CMS_th1x = 9.5), !pdfs=(shapeBkg_hh4b2plus1_QCD2plus1_morph = 0.0438807/1,shapeSig_Signal2plus1_mX_900_hh4b2plus1_rebinPdf = 0.00114854/1), !coefficients=(n_exp_final_binhh4b2plus1_proc_QCD2plus1 = 171.029,n_exp_binhh4b2plus1_proc_Signal2plus1_mX_900 = -0.0119037)
[#0] WARNING:Plotting -- At observable [x]=10.5 RooAddPdf::pdf_binhh4b2plus1_nuis[ n_exp_final_binhh4b2plus1_proc_QCD2plus1 * shapeBkg_hh4b2plus1_QCD2plus1_morph + n_exp_binhh4b2plus1_proc_Signal2plus1_mX_900 * shapeSig_Signal2plus1_mX_900_hh4b2plus1_rebinPdf ]
     p.d.f value is less than zero (-0.000000), forcing value to zero @ !refCoefNorm=(CMS_th1x = 10.5), !pdfs=(shapeBkg_hh4b2plus1_QCD2plus1_morph = 0.0322354/1,shapeSig_Signal2plus1_mX_900_hh4b2plus1_rebinPdf = 1e-09/1), !coefficients=(n_exp_final_binhh4b2plus1_proc_QCD2plus1 = 171.029,n_exp_binhh4b2plus1_proc_Signal2plus1_mX_900 = -0.0119037)
[#0] WARNING:Plotting -- At observable [x]=11.5 RooAddPdf::pdf_binhh4b2plus1_nuis[ n_exp_final_binhh4b2plus1_proc_QCD2plus1 * shapeBkg_hh4b2plus1_QCD2plus1_morph + n_exp_binhh4b2plus1_proc_Signal2plus1_mX_900 * shapeSig_Signal2plus1_mX_900_hh4b2plus1_rebinPdf ]
     p.d.f value is less than zero (-0.000000), forcing value to zero @ !refCoefNorm=(CMS_th1x = 11.5), !pdfs=(shapeBkg_hh4b2plus1_QCD2plus1_morph = 0.00900402/1,shapeSig_Signal2plus1_mX_900_hh4b2plus1_rebinPdf = 9.80204e-05/1), !coefficients=(n_exp_final_binhh4b2plus1_proc_QCD2plus1 = 171.029,n_exp_binhh4b2plus1_proc_Signal2plus1_mX_900 = -0.0119037)
[#0] WARNING:Plotting -- At observable [x]=12.5 RooAddPdf::pdf_binhh4b2plus1_nuis[ n_exp_final_binhh4b2plus1_proc_QCD2plus1 * shapeBkg_hh4b2plus1_QCD2plus1_morph + n_exp_binhh4b2plus1_proc_Signal2plus1_mX_900 * shapeSig_Signal2plus1_mX_900_hh4b2plus1_rebinPdf ]
     p.d.f value is less than zero (-0.000000), forcing value to zero @ !refCoefNorm=(CMS_th1x = 12.5), !pdfs=(shapeBkg_hh4b2plus1_QCD2plus1_morph = 0.0203353/1,shapeSig_Signal2plus1_mX_900_hh4b2plus1_rebinPdf = 1.11719e-06/1), !coefficients=(n_exp_final_binhh4b2plus1_proc_QCD2plus1 = 171.029,n_exp_binhh4b2plus1_proc_Signal2plus1_mX_900 = -0.0119037)
[#0] WARNING:Plotting -- At observable [x]=13.5 RooAddPdf::pdf_binhh4b2plus1_nuis[ n_exp_final_binhh4b2plus1_proc_QCD2plus1 * shapeBkg_hh4b2plus1_QCD2plus1_morph + n_exp_binhh4b2plus1_proc_Signal2plus1_mX_900 * shapeSig_Signal2plus1_mX_900_hh4b2plus1_rebinPdf ]
     p.d.f value is less than zero (-0.000000), forcing value to zero @ !refCoefNorm=(CMS_th1x = 13.5), !pdfs=(shapeBkg_hh4b2plus1_QCD2plus1_morph = 0.00932202/1,shapeSig_Signal2plus1_mX_900_hh4b2plus1_rebinPdf = 1e-09/1), !coefficients=(n_exp_final_binhh4b2plus1_proc_QCD2plus1 = 171.029,n_exp_binhh4b2plus1_proc_Signal2plus1_mX_900 = -0.0119037)
[#0] WARNING:Plotting -- At observable [x]=14.5 RooAddPdf::pdf_binhh4b2plus1_nuis[ n_exp_final_binhh4b2plus1_proc_QCD2plus1 * shapeBkg_hh4b2plus1_QCD2plus1_morph + n_exp_binhh4b2plus1_proc_Signal2plus1_mX_900 * shapeSig_Signal2plus1_mX_900_hh4b2plus1_rebinPdf ]
     p.d.f value is less than zero (-0.000000), forcing value to zero @ !refCoefNorm=(CMS_th1x = 14.5), !pdfs=(shapeBkg_hh4b2plus1_QCD2plus1_morph = 0.00696538/1,shapeSig_Signal2plus1_mX_900_hh4b2plus1_rebinPdf = 0.00012571/1), !coefficients=(n_exp_final_binhh4b2plus1_proc_QCD2plus1 = 171.029,n_exp_binhh4b2plus1_proc_Signal2plus1_mX_900 = -0.0119037)
[#0] WARNING:Plotting -- At observable [x]=15.5 RooAddPdf::pdf_binhh4b2plus1_nuis[ n_exp_final_binhh4b2plus1_proc_QCD2plus1 * shapeBkg_hh4b2plus1_QCD2plus1_morph + n_exp_binhh4b2plus1_proc_Signal2plus1_mX_900 * shapeSig_Signal2plus1_mX_900_hh4b2plus1_rebinPdf ]
     p.d.f value is less than zero (-0.000000), forcing value to zero @ !refCoefNorm=(CMS_th1x = 15.5), !pdfs=(shapeBkg_hh4b2plus1_QCD2plus1_morph = 0.0114776/1,shapeSig_Signal2plus1_mX_900_hh4b2plus1_rebinPdf = 1e-09/1), !coefficients=(n_exp_final_binhh4b2plus1_proc_QCD2plus1 = 171.029,n_exp_binhh4b2plus1_proc_Signal2plus1_mX_900 = -0.0119037)
[#0] WARNING:Plotting -- At observable [x]=16.5 RooAddPdf::pdf_binhh4b2plus1_nuis[ n_exp_final_binhh4b2plus1_proc_QCD2plus1 * shapeBkg_hh4b2plus1_QCD2plus1_morph + n_exp_binhh4b2plus1_proc_Signal2plus1_mX_900 * shapeSig_Signal2plus1_mX_900_hh4b2plus1_rebinPdf ]
     p.d.f value is less than zero (-0.000000), forcing value to zero @ !refCoefNorm=(CMS_th1x = 16.5), !pdfs=(shapeBkg_hh4b2plus1_QCD2plus1_morph = 0.00689571/1,shapeSig_Signal2plus1_mX_900_hh4b2plus1_rebinPdf = 1e-09/1), !coefficients=(n_exp_final_binhh4b2plus1_proc_QCD2plus1 = 171.029,n_exp_binhh4b2plus1_proc_Signal2plus1_mX_900 = -0.0119037)
[#0] WARNING:Plotting -- At observable [x]=17.5 RooAddPdf::pdf_binhh4b2plus1_nuis[ n_exp_final_binhh4b2plus1_proc_QCD2plus1 * shapeBkg_hh4b2plus1_QCD2plus1_morph + n_exp_binhh4b2plus1_proc_Signal2plus1_mX_900 * shapeSig_Signal2plus1_mX_900_hh4b2plus1_rebinPdf ]
     p.d.f value is less than zero (-0.000000), forcing value to zero @ !refCoefNorm=(CMS_th1x = 17.5), !pdfs=(shapeBkg_hh4b2plus1_QCD2plus1_morph = 0.00234417/1,shapeSig_Signal2plus1_mX_900_hh4b2plus1_rebinPdf = 1e-09/1), !coefficients=(n_exp_final_binhh4b2plus1_proc_QCD2plus1 = 171.029,n_exp_binhh4b2plus1_proc_Signal2plus1_mX_900 = -0.0119037)
[#0] WARNING:Plotting -- At observable [x]=18.5 RooAddPdf::pdf_binhh4b2plus1_nuis[ n_exp_final_binhh4b2plus1_proc_QCD2plus1 * shapeBkg_hh4b2plus1_QCD2plus1_morph + n_exp_binhh4b2plus1_proc_Signal2plus1_mX_900 * shapeSig_Signal2plus1_mX_900_hh4b2plus1_rebinPdf ]
     p.d.f value is less than zero (-0.000000), forcing value to zero @ !refCoefNorm=(CMS_th1x = 18.5), !pdfs=(shapeBkg_hh4b2plus1_QCD2plus1_morph = 0.00905774/1,shapeSig_Signal2plus1_mX_900_hh4b2plus1_rebinPdf = 1e-09/1), !coefficients=(n_exp_final_binhh4b2plus1_proc_QCD2plus1 = 171.029,n_exp_binhh4b2plus1_proc_Signal2plus1_mX_900 = -0.0119037)
[#0] WARNING:Plotting -- At observable [x]=19.5 RooAddPdf::pdf_binhh4b2plus1_nuis[ n_exp_final_binhh4b2plus1_proc_QCD2plus1 * shapeBkg_hh4b2plus1_QCD2plus1_morph + n_exp_binhh4b2plus1_proc_Signal2plus1_mX_900 * shapeSig_Signal2plus1_mX_900_hh4b2plus1_rebinPdf ]
     p.d.f value is less than zero (-0.000000), forcing value to zero @ !refCoefNorm=(CMS_th1x = 19.5), !pdfs=(shapeBkg_hh4b2plus1_QCD2plus1_morph = 0/1,shapeSig_Signal2plus1_mX_900_hh4b2plus1_rebinPdf = 1e-09/1), !coefficients=(n_exp_final_binhh4b2plus1_proc_QCD2plus1 = 171.029,n_exp_binhh4b2plus1_proc_Signal2plus1_mX_900 = -0.0119037)
[#0] WARNING:Plotting -- At observable [x]=20.5 RooAddPdf::pdf_binhh4b2plus1_nuis[ n_exp_final_binhh4b2plus1_proc_QCD2plus1 * shapeBkg_hh4b2plus1_QCD2plus1_morph + n_exp_binhh4b2plus1_proc_Signal2plus1_mX_900 * shapeSig_Signal2plus1_mX_900_hh4b2plus1_rebinPdf ]
     p.d.f value is less than zero (-0.000000), forcing value to zero @ !refCoefNorm=(CMS_th1x = 20.5), !pdfs=(shapeBkg_hh4b2plus1_QCD2plus1_morph = 0.00668521/1,shapeSig_Signal2plus1_mX_900_hh4b2plus1_rebinPdf = 1e-09/1), !coefficients=(n_exp_final_binhh4b2plus1_proc_QCD2plus1 = 171.029,n_exp_binhh4b2plus1_proc_Signal2plus1_mX_900 = -0.0119037)
[#0] WARNING:Plotting -- At observable [x]=21.5 RooAddPdf::pdf_binhh4b2plus1_nuis[ n_exp_final_binhh4b2plus1_proc_QCD2plus1 * shapeBkg_hh4b2plus1_QCD2plus1_morph + n_exp_binhh4b2plus1_proc_Signal2plus1_mX_900 * shapeSig_Signal2plus1_mX_900_hh4b2plus1_rebinPdf ]
     p.d.f value is less than zero (-0.000000), forcing value to zero @ !refCoefNorm=(CMS_th1x = 21.5), !pdfs=(shapeBkg_hh4b2plus1_QCD2plus1_morph = 0.00456629/1,shapeSig_Signal2plus1_mX_900_hh4b2plus1_rebinPdf = 1e-09/1), !coefficients=(n_exp_final_binhh4b2plus1_proc_QCD2plus1 = 171.029,n_exp_binhh4b2plus1_proc_Signal2plus1_mX_900 = -0.0119037)
[#0] WARNING:Plotting -- At observable [x]=22.5 RooAddPdf::pdf_binhh4b2plus1_nuis[ n_exp_final_binhh4b2plus1_proc_QCD2plus1 * shapeBkg_hh4b2plus1_QCD2plus1_morph + n_exp_binhh4b2plus1_proc_Signal2plus1_mX_900 * shapeSig_Signal2plus1_mX_900_hh4b2plus1_rebinPdf ]
     p.d.f value is less than zero (-0.000000), forcing value to zero @ !refCoefNorm=(CMS_th1x = 22.5), !pdfs=(shapeBkg_hh4b2plus1_QCD2plus1_morph = 0.00240068/1,shapeSig_Signal2plus1_mX_900_hh4b2plus1_rebinPdf = 1e-09/1), !coefficients=(n_exp_final_binhh4b2plus1_proc_QCD2plus1 = 171.029,n_exp_binhh4b2plus1_proc_Signal2plus1_mX_900 = -0.0119037)
[#0] WARNING:Plotting -- At observable [x]=23.5 RooAddPdf::pdf_binhh4b2plus1_nuis[ n_exp_final_binhh4b2plus1_proc_QCD2plus1 * shapeBkg_hh4b2plus1_QCD2plus1_morph + n_exp_binhh4b2plus1_proc_Signal2plus1_mX_900 * shapeSig_Signal2plus1_mX_900_hh4b2plus1_rebinPdf ]
     p.d.f value is less than zero (-0.000000), forcing value to zero @ !refCoefNorm=(CMS_th1x = 23.5), !pdfs=(shapeBkg_hh4b2plus1_QCD2plus1_morph = 0.00225436/1,shapeSig_Signal2plus1_mX_900_hh4b2plus1_rebinPdf = 1e-09/1), !coefficients=(n_exp_final_binhh4b2plus1_proc_QCD2plus1 = 171.029,n_exp_binhh4b2plus1_proc_Signal2plus1_mX_900 = -0.0119037)
[#0] WARNING:Plotting -- At observable [x]=24.5 RooAddPdf::pdf_binhh4b2plus1_nuis[ n_exp_final_binhh4b2plus1_proc_QCD2plus1 * shapeBkg_hh4b2plus1_QCD2plus1_morph + n_exp_binhh4b2plus1_proc_Signal2plus1_mX_900 * shapeSig_Signal2plus1_mX_900_hh4b2plus1_rebinPdf ]
     p.d.f value is less than zero (-0.000000), forcing value to zero @ !refCoefNorm=(CMS_th1x = 24.5), !pdfs=(shapeBkg_hh4b2plus1_QCD2plus1_morph = 0.00222589/1,shapeSig_Signal2plus1_mX_900_hh4b2plus1_rebinPdf = 1e-09/1), !coefficients=(n_exp_final_binhh4b2plus1_proc_QCD2plus1 = 171.029,n_exp_binhh4b2plus1_proc_Signal2plus1_mX_900 = -0.0119037)
[#0] WARNING:Plotting -- At observable [x]=20 RooAddPdf::pdf_binhh4b2plus1_nuis[ n_exp_final_binhh4b2plus1_proc_QCD2plus1 * shapeBkg_hh4b2plus1_QCD2plus1_morph + n_exp_binhh4b2plus1_proc_Signal2plus1_mX_900 * shapeSig_Signal2plus1_mX_900_hh4b2plus1_rebinPdf ]
     p.d.f value is less than zero (-0.000000), forcing value to zero @ !refCoefNorm=(CMS_th1x = 20), !pdfs=(shapeBkg_hh4b2plus1_QCD2plus1_morph = 0/1,shapeSig_Signal2plus1_mX_900_hh4b2plus1_rebinPdf = 1e-09/1), !coefficients=(n_exp_final_binhh4b2plus1_proc_QCD2plus1 = 171.029,n_exp_binhh4b2plus1_proc_Signal2plus1_mX_900 = -0.0119037)
[#0] WARNING:Plotting -- At observable [x]=19.5 RooAddPdf::pdf_binhh4b2plus1_nuis[ n_exp_final_binhh4b2plus1_proc_QCD2plus1 * shapeBkg_hh4b2plus1_QCD2plus1_morph + n_exp_binhh4b2plus1_proc_Signal2plus1_mX_900 * shapeSig_Signal2plus1_mX_900_hh4b2plus1_rebinPdf ]
     p.d.f value is less than zero (-0.000000), forcing value to zero @ !refCoefNorm=(CMS_th1x = 19.5), !pdfs=(shapeBkg_hh4b2plus1_QCD2plus1_morph = 0/1,shapeSig_Signal2plus1_mX_900_hh4b2plus1_rebinPdf = 1e-09/1), !coefficients=(n_exp_final_binhh4b2plus1_proc_QCD2plus1 = 171.029,n_exp_binhh4b2plus1_proc_Signal2plus1_mX_900 = -0.0119037)
[#0] WARNING:Plotting -- At observable [x]=19.25 RooAddPdf::pdf_binhh4b2plus1_nuis[ n_exp_final_binhh4b2plus1_proc_QCD2plus1 * shapeBkg_hh4b2plus1_QCD2plus1_morph + n_exp_binhh4b2plus1_proc_Signal2plus1_mX_900 * shapeSig_Signal2plus1_mX_900_hh4b2plus1_rebinPdf ]
     p.d.f value is less than zero (-0.000000), forcing value to zero @ !refCoefNorm=(CMS_th1x = 19.25), !pdfs=(shapeBkg_hh4b2plus1_QCD2plus1_morph = 0/1,shapeSig_Signal2plus1_mX_900_hh4b2plus1_rebinPdf = 1e-09/1), !coefficients=(n_exp_final_binhh4b2plus1_proc_QCD2plus1 = 171.029,n_exp_binhh4b2plus1_proc_Signal2plus1_mX_900 = -0.0119037)
[#0] WARNING:Plotting -- At observable [x]=19.125 RooAddPdf::pdf_binhh4b2plus1_nuis[ n_exp_final_binhh4b2plus1_proc_QCD2plus1 * shapeBkg_hh4b2plus1_QCD2plus1_morph + n_exp_binhh4b2plus1_proc_Signal2plus1_mX_900 * shapeSig_Signal2plus1_mX_900_hh4b2plus1_rebinPdf ]
     p.d.f value is less than zero (-0.000000), forcing value to zero @ !refCoefNorm=(CMS_th1x = 19.125), !pdfs=(shapeBkg_hh4b2plus1_QCD2plus1_morph = 0/1,shapeSig_Signal2plus1_mX_900_hh4b2plus1_rebinPdf = 1e-09/1), !coefficients=(n_exp_final_binhh4b2plus1_proc_QCD2plus1 = 171.029,n_exp_binhh4b2plus1_proc_Signal2plus1_mX_900 = -0.0119037)
[#0] WARNING:Plotting -- At observable [x]=19.0625 RooAddPdf::pdf_binhh4b2plus1_nuis[ n_exp_final_binhh4b2plus1_proc_QCD2plus1 * shapeBkg_hh4b2plus1_QCD2plus1_morph + n_exp_binhh4b2plus1_proc_Signal2plus1_mX_900 * shapeSig_Signal2plus1_mX_900_hh4b2plus1_rebinPdf ]
     p.d.f value is less than zero (-0.000000), forcing value to zero @ !refCoefNorm=(CMS_th1x = 19.0625), !pdfs=(shapeBkg_hh4b2plus1_QCD2plus1_morph = 0/1,shapeSig_Signal2plus1_mX_900_hh4b2plus1_rebinPdf = 1e-09/1), !coefficients=(n_exp_final_binhh4b2plus1_proc_QCD2plus1 = 171.029,n_exp_binhh4b2plus1_proc_Signal2plus1_mX_900 = -0.0119037)
[#0] WARNING:Plotting -- At observable [x]=19.0312 RooAddPdf::pdf_binhh4b2plus1_nuis[ n_exp_final_binhh4b2plus1_proc_QCD2plus1 * shapeBkg_hh4b2plus1_QCD2plus1_morph + n_exp_binhh4b2plus1_proc_Signal2plus1_mX_900 * shapeSig_Signal2plus1_mX_900_hh4b2plus1_rebinPdf ]
     p.d.f value is less than zero (-0.000000), forcing value to zero @ !refCoefNorm=(CMS_th1x = 19.0312), !pdfs=(shapeBkg_hh4b2plus1_QCD2plus1_morph = 0/1,shapeSig_Signal2plus1_mX_900_hh4b2plus1_rebinPdf = 1e-09/1), !coefficients=(n_exp_final_binhh4b2plus1_proc_QCD2plus1 = 171.029,n_exp_binhh4b2plus1_proc_Signal2plus1_mX_900 = -0.0119037)
[#0] WARNING:Plotting -- At observable [x]=19.0156 RooAddPdf::pdf_binhh4b2plus1_nuis[ n_exp_final_binhh4b2plus1_proc_QCD2plus1 * shapeBkg_hh4b2plus1_QCD2plus1_morph + n_exp_binhh4b2plus1_proc_Signal2plus1_mX_900 * shapeSig_Signal2plus1_mX_900_hh4b2plus1_rebinPdf ]
     p.d.f value is less than zero (-0.000000), forcing value to zero @ !refCoefNorm=(CMS_th1x = 19.0156), !pdfs=(shapeBkg_hh4b2plus1_QCD2plus1_morph = 0/1,shapeSig_Signal2plus1_mX_900_hh4b2plus1_rebinPdf = 1e-09/1), !coefficients=(n_exp_final_binhh4b2plus1_proc_QCD2plus1 = 171.029,n_exp_binhh4b2plus1_proc_Signal2plus1_mX_900 = -0.0119037)
[#0] WARNING:Plotting -- At observable [x]=19.0469 RooAddPdf::pdf_binhh4b2plus1_nuis[ n_exp_final_binhh4b2plus1_proc_QCD2plus1 * shapeBkg_hh4b2plus1_QCD2plus1_morph + n_exp_binhh4b2plus1_proc_Signal2plus1_mX_900 * shapeSig_Signal2plus1_mX_900_hh4b2plus1_rebinPdf ]
     p.d.f value is less than zero (-0.000000), forcing value to zero @ !refCoefNorm=(CMS_th1x = 19.0469), !pdfs=(shapeBkg_hh4b2plus1_QCD2plus1_morph = 0/1,shapeSig_Signal2plus1_mX_900_hh4b2plus1_rebinPdf = 1e-09/1), !coefficients=(n_exp_final_binhh4b2plus1_proc_QCD2plus1 = 171.029,n_exp_binhh4b2plus1_proc_Signal2plus1_mX_900 = -0.0119037)
[#0] WARNING:Plotting -- At observable [x]=19.0938 RooAddPdf::pdf_binhh4b2plus1_nuis[ n_exp_final_binhh4b2plus1_proc_QCD2plus1 * shapeBkg_hh4b2plus1_QCD2plus1_morph + n_exp_binhh4b2plus1_proc_Signal2plus1_mX_900 * shapeSig_Signal2plus1_mX_900_hh4b2plus1_rebinPdf ]
     p.d.f value is less than zero (-0.000000), forcing value to zero @ !refCoefNorm=(CMS_th1x = 19.0938), !pdfs=(shapeBkg_hh4b2plus1_QCD2plus1_morph = 0/1,shapeSig_Signal2plus1_mX_900_hh4b2plus1_rebinPdf = 1e-09/1), !coefficients=(n_exp_final_binhh4b2plus1_proc_QCD2plus1 = 171.029,n_exp_binhh4b2plus1_proc_Signal2plus1_mX_900 = -0.0119037)
[#0] WARNING:Plotting -- At observable [x]=19.1875 RooAddPdf::pdf_binhh4b2plus1_nuis[ n_exp_final_binhh4b2plus1_proc_QCD2plus1 * shapeBkg_hh4b2plus1_QCD2plus1_morph + n_exp_binhh4b2plus1_proc_Signal2plus1_mX_900 * shapeSig_Signal2plus1_mX_900_hh4b2plus1_rebinPdf ]
     p.d.f value is less than zero (-0.000000), forcing value to zero @ !refCoefNorm=(CMS_th1x = 19.1875), !pdfs=(shapeBkg_hh4b2plus1_QCD2plus1_morph = 0/1,shapeSig_Signal2plus1_mX_900_hh4b2plus1_rebinPdf = 1e-09/1), !coefficients=(n_exp_final_binhh4b2plus1_proc_QCD2plus1 = 171.029,n_exp_binhh4b2plus1_proc_Signal2plus1_mX_900 = -0.0119037)
[#0] WARNING:Plotting -- At observable [x]=19.375 RooAddPdf::pdf_binhh4b2plus1_nuis[ n_exp_final_binhh4b2plus1_proc_QCD2plus1 * shapeBkg_hh4b2plus1_QCD2plus1_morph + n_exp_binhh4b2plus1_proc_Signal2plus1_mX_900 * shapeSig_Signal2plus1_mX_900_hh4b2plus1_rebinPdf ]
     p.d.f value is less than zero (-0.000000), forcing value to zero @ !refCoefNorm=(CMS_th1x = 19.375), !pdfs=(shapeBkg_hh4b2plus1_QCD2plus1_morph = 0/1,shapeSig_Signal2plus1_mX_900_hh4b2plus1_rebinPdf = 1e-09/1), !coefficients=(n_exp_final_binhh4b2plus1_proc_QCD2plus1 = 171.029,n_exp_binhh4b2plus1_proc_Signal2plus1_mX_900 = -0.0119037)
[#0] WARNING:Plotting -- At observable [x]=19.75 RooAddPdf::pdf_binhh4b2plus1_nuis[ n_exp_final_binhh4b2plus1_proc_QCD2plus1 * shapeBkg_hh4b2plus1_QCD2plus1_morph + n_exp_binhh4b2plus1_proc_Signal2plus1_mX_900 * shapeSig_Signal2plus1_mX_900_hh4b2plus1_rebinPdf ]
     p.d.f value is less than zero (-0.000000), forcing value to zero @ !refCoefNorm=(CMS_th1x = 19.75), !pdfs=(shapeBkg_hh4b2plus1_QCD2plus1_morph = 0/1,shapeSig_Signal2plus1_mX_900_hh4b2plus1_rebinPdf = 1e-09/1), !coefficients=(n_exp_final_binhh4b2plus1_proc_QCD2plus1 = 171.029,n_exp_binhh4b2plus1_proc_Signal2plus1_mX_900 = -0.0119037)

 --- MaxLikelihoodFit ---
Best fit r: -0.00480969  -4.99519/+5.00481  (68% CL)
nll S+B -> 0.0281849  nll B -> 0
Done in 0.02 min (cpu), 0.03 min (real)
