Info in <TCanvas::Print>: png file Limits/sig1800/hh4b2plus1_fit_s.png has been created
Warning in <TFile::Append>: Replacing existing TH1: correlation_matrix (Potential memory leak).
Info in <TCanvas::Print>: png file Limits/sig1800/covariance_fit_s.png has been created
er
[#0] WARNING:Plotting -- RooHist::addBin(hh4b2plus1_plot__CMS_th1x) WARNING: non-integer bin entry 17.8611 with Poisson errors, interpolating between Poisson errors of adjacent integer
[#0] WARNING:Plotting -- RooHist::addBin(hh4b2plus1_plot__CMS_th1x) WARNING: non-integer bin entry 27.0425 with Poisson errors, interpolating between Poisson errors of adjacent integer
[#0] WARNING:Plotting -- RooHist::addBin(hh4b2plus1_plot__CMS_th1x) WARNING: non-integer bin entry 21.0588 with Poisson errors, interpolating between Poisson errors of adjacent integer
[#0] WARNING:Plotting -- RooHist::addBin(hh4b2plus1_plot__CMS_th1x) WARNING: non-integer bin entry 22.6305 with Poisson errors, interpolating between Poisson errors of adjacent integer
[#0] WARNING:Plotting -- RooHist::addBin(hh4b2plus1_plot__CMS_th1x) WARNING: non-integer bin entry 13.1726 with Poisson errors, interpolating between Poisson errors of adjacent integer
[#0] WARNING:Plotting -- RooHist::addBin(hh4b2plus1_plot__CMS_th1x) WARNING: non-integer bin entry 9.71275 with Poisson errors, interpolating between Poisson errors of adjacent integer
[#0] WARNING:Plotting -- RooHist::addBin(hh4b2plus1_plot__CMS_th1x) WARNING: non-integer bin entry 8.44501 with Poisson errors, interpolating between Poisson errors of adjacent integer
[#0] WARNING:Plotting -- RooHist::addBin(hh4b2plus1_plot__CMS_th1x) WARNING: non-integer bin entry 7.75365 with Poisson errors, interpolating between Poisson errors of adjacent integer
[#0] WARNING:Plotting -- RooHist::addBin(hh4b2plus1_plot__CMS_th1x) WARNING: non-integer bin entry 7.39454 with Poisson errors, interpolating between Poisson errors of adjacent integer
[#0] WARNING:Plotting -- RooHist::addBin(hh4b2plus1_plot__CMS_th1x) WARNING: non-integer bin entry 5.42858 with Poisson errors, interpolating between Poisson errors of adjacent integer
[#0] WARNING:Plotting -- RooHist::addBin(hh4b2plus1_plot__CMS_th1x) WARNING: non-integer bin entry 1.5148 with Poisson errors, interpolating between Poisson errors of adjacent integer
[#0] WARNING:Plotting -- RooHist::addBin(hh4b2plus1_plot__CMS_th1x) WARNING: non-integer bin entry 3.42598 with Poisson errors, interpolating between Poisson errors of adjacent integer
[#0] WARNING:Plotting -- RooHist::addBin(hh4b2plus1_plot__CMS_th1x) WARNING: non-integer bin entry 1.57015 with Poisson errors, interpolating between Poisson errors of adjacent integer
[#0] WARNING:Plotting -- RooHist::addBin(hh4b2plus1_plot__CMS_th1x) WARNING: non-integer bin entry 1.1732 with Poisson errors, interpolating between Poisson errors of adjacent integer
[#0] WARNING:Plotting -- RooHist::addBin(hh4b2plus1_plot__CMS_th1x) WARNING: non-integer bin entry 1.93335 with Poisson errors, interpolating between Poisson errors of adjacent integer
[#0] WARNING:Plotting -- RooHist::addBin(hh4b2plus1_plot__CMS_th1x) WARNING: non-integer bin entry 1.16159 with Poisson errors, interpolating between Poisson errors of adjacent integer
[#0] WARNING:Plotting -- RooHist::addBin(hh4b2plus1_plot__CMS_th1x) WARNING: non-integer bin entry 0.394967 with Poisson errors, interpolating between Poisson errors of adjacent integer
[#0] WARNING:Plotting -- RooHist::addBin(hh4b2plus1_plot__CMS_th1x) WARNING: non-integer bin entry 1.52557 with Poisson errors, interpolating between Poisson errors of adjacent integer
[#0] WARNING:Plotting -- RooHist::addBin(hh4b2plus1_plot__CMS_th1x) WARNING: non-integer bin entry 1.12607 with Poisson errors, interpolating between Poisson errors of adjacent integer
[#0] WARNING:Plotting -- RooHist::addBin(hh4b2plus1_plot__CMS_th1x) WARNING: non-integer bin entry 0.769082 with Poisson errors, interpolating between Poisson errors of adjacent integer
[#0] WARNING:Plotting -- RooHist::addBin(hh4b2plus1_plot__CMS_th1x) WARNING: non-integer bin entry 0.404585 with Poisson errors, interpolating between Poisson errors of adjacent integer
[#0] WARNING:Plotting -- RooHist::addBin(hh4b2plus1_plot__CMS_th1x) WARNING: non-integer bin entry 0.379811 with Poisson errors, interpolating between Poisson errors of adjacent integer
[#0] WARNING:Plotting -- RooHist::addBin(hh4b2plus1_plot__CMS_th1x) WARNING: non-integer bin entry 0.375051 with Poisson errors, interpolating between Poisson errors of adjacent integer
[#0] ERROR:Eval -- RooAbsReal::logEvalError(pdf_binhh4b2plus1_nuis) evaluation error, 
 origin       : RooAddPdf::pdf_binhh4b2plus1_nuis[ n_exp_binhh4b2plus1_proc_Signal2plus1_mX_1800 * shapeSig_Signal2plus1_mX_1800_hh4b2plus1_rebinPdf + n_exp_final_binhh4b2plus1_proc_QCD2plus1 * shapeBkg_hh4b2plus1_QCD2plus1_morph ]
 message      : p.d.f value is less than zero (-0.000023), forcing value to zero
 server values: !refCoefNorm=(), !pdfs=(shapeSig_Signal2plus1_mX_1800_hh4b2plus1_rebinPdf = 0.00268378,shapeBkg_hh4b2plus1_QCD2plus1_morph = 0.020299), !coefficients=(n_exp_binhh4b2plus1_proc_Signal2plus1_mX_1800 = -1.47947,n_exp_final_binhh4b2plus1_proc_QCD2plus1 = 170.605)
[#0] ERROR:Eval -- RooAbsReal::logEvalError(pdf_binhh4b2plus1_nuis) evaluation error, 
 origin       : RooAddPdf::pdf_binhh4b2plus1_nuis[ n_exp_binhh4b2plus1_proc_Signal2plus1_mX_1800 * shapeSig_Signal2plus1_mX_1800_hh4b2plus1_rebinPdf + n_exp_final_binhh4b2plus1_proc_QCD2plus1 * shapeBkg_hh4b2plus1_QCD2plus1_morph ]
 message      : p.d.f value is less than zero (-0.000023), forcing value to zero
 server values: !refCoefNorm=(), !pdfs=(shapeSig_Signal2plus1_mX_1800_hh4b2plus1_rebinPdf = 0.00268378,shapeBkg_hh4b2plus1_QCD2plus1_morph = 0.020299), !coefficients=(n_exp_binhh4b2plus1_proc_Signal2plus1_mX_1800 = -1.47947,n_exp_final_binhh4b2plus1_proc_QCD2plus1 = 170.605)
[#0] ERROR:Eval -- RooAbsReal::logEvalError(pdf_binhh4b2plus1_nuis) evaluation error, 
 origin       : RooAddPdf::pdf_binhh4b2plus1_nuis[ n_exp_binhh4b2plus1_proc_Signal2plus1_mX_1800 * shapeSig_Signal2plus1_mX_1800_hh4b2plus1_rebinPdf + n_exp_final_binhh4b2plus1_proc_QCD2plus1 * shapeBkg_hh4b2plus1_QCD2plus1_morph ]
 message      : p.d.f value is less than zero (-0.000023), forcing value to zero
 server values: !refCoefNorm=(), !pdfs=(shapeSig_Signal2plus1_mX_1800_hh4b2plus1_rebinPdf = 0.00268378/1,shapeBkg_hh4b2plus1_QCD2plus1_morph = 0.020299/1), !coefficients=(n_exp_binhh4b2plus1_proc_Signal2plus1_mX_1800 = -1.47947,n_exp_final_binhh4b2plus1_proc_QCD2plus1 = 170.605)
[#0] WARNING:Plotting -- At observable [x]=1 RooAddPdf::pdf_binhh4b2plus1_nuis[ n_exp_binhh4b2plus1_proc_Signal2plus1_mX_1800 * shapeSig_Signal2plus1_mX_1800_hh4b2plus1_rebinPdf + n_exp_final_binhh4b2plus1_proc_QCD2plus1 * shapeBkg_hh4b2plus1_QCD2plus1_morph ]
     p.d.f value is less than zero (-0.000000), forcing value to zero @ !refCoefNorm=(CMS_th1x = 1), !pdfs=(shapeSig_Signal2plus1_mX_1800_hh4b2plus1_rebinPdf = 1e-09/1,shapeBkg_hh4b2plus1_QCD2plus1_morph = 0.071943/1), !coefficients=(n_exp_binhh4b2plus1_proc_Signal2plus1_mX_1800 = -1.47947,n_exp_final_binhh4b2plus1_proc_QCD2plus1 = 170.605)
[#0] WARNING:Plotting -- At observable [x]=2 RooAddPdf::pdf_binhh4b2plus1_nuis[ n_exp_binhh4b2plus1_proc_Signal2plus1_mX_1800 * shapeSig_Signal2plus1_mX_1800_hh4b2plus1_rebinPdf + n_exp_final_binhh4b2plus1_proc_QCD2plus1 * shapeBkg_hh4b2plus1_QCD2plus1_morph ]
     p.d.f value is less than zero (-0.000000), forcing value to zero @ !refCoefNorm=(CMS_th1x = 2), !pdfs=(shapeSig_Signal2plus1_mX_1800_hh4b2plus1_rebinPdf = 1e-09/1,shapeBkg_hh4b2plus1_QCD2plus1_morph = 0.106496/1), !coefficients=(n_exp_binhh4b2plus1_proc_Signal2plus1_mX_1800 = -1.47947,n_exp_final_binhh4b2plus1_proc_QCD2plus1 = 170.605)
[#0] WARNING:Plotting -- At observable [x]=3 RooAddPdf::pdf_binhh4b2plus1_nuis[ n_exp_binhh4b2plus1_proc_Signal2plus1_mX_1800 * shapeSig_Signal2plus1_mX_1800_hh4b2plus1_rebinPdf + n_exp_final_binhh4b2plus1_proc_QCD2plus1 * shapeBkg_hh4b2plus1_QCD2plus1_morph ]
     p.d.f value is less than zero (-0.000000), forcing value to zero @ !refCoefNorm=(CMS_th1x = 3), !pdfs=(shapeSig_Signal2plus1_mX_1800_hh4b2plus1_rebinPdf = 1e-09/1,shapeBkg_hh4b2plus1_QCD2plus1_morph = 0.161899/1), !coefficients=(n_exp_binhh4b2plus1_proc_Signal2plus1_mX_1800 = -1.47947,n_exp_final_binhh4b2plus1_proc_QCD2plus1 = 170.605)
[#0] WARNING:Plotting -- At observable [x]=4 RooAddPdf::pdf_binhh4b2plus1_nuis[ n_exp_binhh4b2plus1_proc_Signal2plus1_mX_1800 * shapeSig_Signal2plus1_mX_1800_hh4b2plus1_rebinPdf + n_exp_final_binhh4b2plus1_proc_QCD2plus1 * shapeBkg_hh4b2plus1_QCD2plus1_morph ]
     p.d.f value is less than zero (-0.000000), forcing value to zero @ !refCoefNorm=(CMS_th1x = 4), !pdfs=(shapeSig_Signal2plus1_mX_1800_hh4b2plus1_rebinPdf = 1e-09/1,shapeBkg_hh4b2plus1_QCD2plus1_morph = 0.125542/1), !coefficients=(n_exp_binhh4b2plus1_proc_Signal2plus1_mX_1800 = -1.47947,n_exp_final_binhh4b2plus1_proc_QCD2plus1 = 170.605)
[#0] WARNING:Plotting -- At observable [x]=5 RooAddPdf::pdf_binhh4b2plus1_nuis[ n_exp_binhh4b2plus1_proc_Signal2plus1_mX_1800 * shapeSig_Signal2plus1_mX_1800_hh4b2plus1_rebinPdf + n_exp_final_binhh4b2plus1_proc_QCD2plus1 * shapeBkg_hh4b2plus1_QCD2plus1_morph ]
     p.d.f value is less than zero (-0.000000), forcing value to zero @ !refCoefNorm=(CMS_th1x = 5), !pdfs=(shapeSig_Signal2plus1_mX_1800_hh4b2plus1_rebinPdf = 1e-09/1,shapeBkg_hh4b2plus1_QCD2plus1_morph = 0.133229/1), !coefficients=(n_exp_binhh4b2plus1_proc_Signal2plus1_mX_1800 = -1.47947,n_exp_final_binhh4b2plus1_proc_QCD2plus1 = 170.605)
[#0] WARNING:Plotting -- At observable [x]=6 RooAddPdf::pdf_binhh4b2plus1_nuis[ n_exp_binhh4b2plus1_proc_Signal2plus1_mX_1800 * shapeSig_Signal2plus1_mX_1800_hh4b2plus1_rebinPdf + n_exp_final_binhh4b2plus1_proc_QCD2plus1 * shapeBkg_hh4b2plus1_QCD2plus1_morph ]
     p.d.f value is less than zero (-0.000000), forcing value to zero @ !refCoefNorm=(CMS_th1x = 6), !pdfs=(shapeSig_Signal2plus1_mX_1800_hh4b2plus1_rebinPdf = 1e-09/1,shapeBkg_hh4b2plus1_QCD2plus1_morph = 0.0775521/1), !coefficients=(n_exp_binhh4b2plus1_proc_Signal2plus1_mX_1800 = -1.47947,n_exp_final_binhh4b2plus1_proc_QCD2plus1 = 170.605)
[#0] WARNING:Plotting -- At observable [x]=7 RooAddPdf::pdf_binhh4b2plus1_nuis[ n_exp_binhh4b2plus1_proc_Signal2plus1_mX_1800 * shapeSig_Signal2plus1_mX_1800_hh4b2plus1_rebinPdf + n_exp_final_binhh4b2plus1_proc_QCD2plus1 * shapeBkg_hh4b2plus1_QCD2plus1_morph ]
     p.d.f value is less than zero (-0.000010), forcing value to zero @ !refCoefNorm=(CMS_th1x = 7), !pdfs=(shapeSig_Signal2plus1_mX_1800_hh4b2plus1_rebinPdf = 0.00108852/1,shapeBkg_hh4b2plus1_QCD2plus1_morph = 0.0571962/1), !coefficients=(n_exp_binhh4b2plus1_proc_Signal2plus1_mX_1800 = -1.47947,n_exp_final_binhh4b2plus1_proc_QCD2plus1 = 170.605)
[#0] WARNING:Plotting -- At observable [x]=8 RooAddPdf::pdf_binhh4b2plus1_nuis[ n_exp_binhh4b2plus1_proc_Signal2plus1_mX_1800 * shapeSig_Signal2plus1_mX_1800_hh4b2plus1_rebinPdf + n_exp_final_binhh4b2plus1_proc_QCD2plus1 * shapeBkg_hh4b2plus1_QCD2plus1_morph ]
     p.d.f value is less than zero (-0.000010), forcing value to zero @ !refCoefNorm=(CMS_th1x = 8), !pdfs=(shapeSig_Signal2plus1_mX_1800_hh4b2plus1_rebinPdf = 0.00109069/1,shapeBkg_hh4b2plus1_QCD2plus1_morph = 0.0497288/1), !coefficients=(n_exp_binhh4b2plus1_proc_Signal2plus1_mX_1800 = -1.47947,n_exp_final_binhh4b2plus1_proc_QCD2plus1 = 170.605)
[#0] WARNING:Plotting -- At observable [x]=9 RooAddPdf::pdf_binhh4b2plus1_nuis[ n_exp_binhh4b2plus1_proc_Signal2plus1_mX_1800 * shapeSig_Signal2plus1_mX_1800_hh4b2plus1_rebinPdf + n_exp_final_binhh4b2plus1_proc_QCD2plus1 * shapeBkg_hh4b2plus1_QCD2plus1_morph ]
     p.d.f value is less than zero (-0.000008), forcing value to zero @ !refCoefNorm=(CMS_th1x = 9), !pdfs=(shapeSig_Signal2plus1_mX_1800_hh4b2plus1_rebinPdf = 0.000901595/1,shapeBkg_hh4b2plus1_QCD2plus1_morph = 0.0458659/1), !coefficients=(n_exp_binhh4b2plus1_proc_Signal2plus1_mX_1800 = -1.47947,n_exp_final_binhh4b2plus1_proc_QCD2plus1 = 170.605)
[#0] WARNING:Plotting -- At observable [x]=10 RooAddPdf::pdf_binhh4b2plus1_nuis[ n_exp_binhh4b2plus1_proc_Signal2plus1_mX_1800 * shapeSig_Signal2plus1_mX_1800_hh4b2plus1_rebinPdf + n_exp_final_binhh4b2plus1_proc_QCD2plus1 * shapeBkg_hh4b2plus1_QCD2plus1_morph ]
     p.d.f value is less than zero (-0.000000), forcing value to zero @ !refCoefNorm=(CMS_th1x = 10), !pdfs=(shapeSig_Signal2plus1_mX_1800_hh4b2plus1_rebinPdf = 1e-09/1,shapeBkg_hh4b2plus1_QCD2plus1_morph = 0.043769/1), !coefficients=(n_exp_binhh4b2plus1_proc_Signal2plus1_mX_1800 = -1.47947,n_exp_final_binhh4b2plus1_proc_QCD2plus1 = 170.605)
[#0] WARNING:Plotting -- At observable [x]=11 RooAddPdf::pdf_binhh4b2plus1_nuis[ n_exp_binhh4b2plus1_proc_Signal2plus1_mX_1800 * shapeSig_Signal2plus1_mX_1800_hh4b2plus1_rebinPdf + n_exp_final_binhh4b2plus1_proc_QCD2plus1 * shapeBkg_hh4b2plus1_QCD2plus1_morph ]
     p.d.f value is less than zero (-0.000008), forcing value to zero @ !refCoefNorm=(CMS_th1x = 11), !pdfs=(shapeSig_Signal2plus1_mX_1800_hh4b2plus1_rebinPdf = 0.000915396/1,shapeBkg_hh4b2plus1_QCD2plus1_morph = 0.032133/1), !coefficients=(n_exp_binhh4b2plus1_proc_Signal2plus1_mX_1800 = -1.47947,n_exp_final_binhh4b2plus1_proc_QCD2plus1 = 170.605)
[#0] WARNING:Plotting -- At observable [x]=12 RooAddPdf::pdf_binhh4b2plus1_nuis[ n_exp_binhh4b2plus1_proc_Signal2plus1_mX_1800 * shapeSig_Signal2plus1_mX_1800_hh4b2plus1_rebinPdf + n_exp_final_binhh4b2plus1_proc_QCD2plus1 * shapeBkg_hh4b2plus1_QCD2plus1_morph ]
     p.d.f value is less than zero (-0.000000), forcing value to zero @ !refCoefNorm=(CMS_th1x = 12), !pdfs=(shapeSig_Signal2plus1_mX_1800_hh4b2plus1_rebinPdf = 1e-09/1,shapeBkg_hh4b2plus1_QCD2plus1_morph = 0.00897943/1), !coefficients=(n_exp_binhh4b2plus1_proc_Signal2plus1_mX_1800 = -1.47947,n_exp_final_binhh4b2plus1_proc_QCD2plus1 = 170.605)
[#0] WARNING:Plotting -- At observable [x]=13 RooAddPdf::pdf_binhh4b2plus1_nuis[ n_exp_binhh4b2plus1_proc_Signal2plus1_mX_1800 * shapeSig_Signal2plus1_mX_1800_hh4b2plus1_rebinPdf + n_exp_final_binhh4b2plus1_proc_QCD2plus1 * shapeBkg_hh4b2plus1_QCD2plus1_morph ]
     p.d.f value is less than zero (-0.000023), forcing value to zero @ !refCoefNorm=(CMS_th1x = 13), !pdfs=(shapeSig_Signal2plus1_mX_1800_hh4b2plus1_rebinPdf = 0.00268378/1,shapeBkg_hh4b2plus1_QCD2plus1_morph = 0.020299/1), !coefficients=(n_exp_binhh4b2plus1_proc_Signal2plus1_mX_1800 = -1.47947,n_exp_final_binhh4b2plus1_proc_QCD2plus1 = 170.605)
[#0] WARNING:Plotting -- At observable [x]=14 RooAddPdf::pdf_binhh4b2plus1_nuis[ n_exp_binhh4b2plus1_proc_Signal2plus1_mX_1800 * shapeSig_Signal2plus1_mX_1800_hh4b2plus1_rebinPdf + n_exp_final_binhh4b2plus1_proc_QCD2plus1 * shapeBkg_hh4b2plus1_QCD2plus1_morph ]
     p.d.f value is less than zero (-0.000030), forcing value to zero @ !refCoefNorm=(CMS_th1x = 14), !pdfs=(shapeSig_Signal2plus1_mX_1800_hh4b2plus1_rebinPdf = 0.00340501/1,shapeBkg_hh4b2plus1_QCD2plus1_morph = 0.00930502/1), !coefficients=(n_exp_binhh4b2plus1_proc_Signal2plus1_mX_1800 = -1.47947,n_exp_final_binhh4b2plus1_proc_QCD2plus1 = 170.605)
[#0] WARNING:Plotting -- At observable [x]=15 RooAddPdf::pdf_binhh4b2plus1_nuis[ n_exp_binhh4b2plus1_proc_Signal2plus1_mX_1800 * shapeSig_Signal2plus1_mX_1800_hh4b2plus1_rebinPdf + n_exp_final_binhh4b2plus1_proc_QCD2plus1 * shapeBkg_hh4b2plus1_QCD2plus1_morph ]
     p.d.f value is less than zero (-0.000111), forcing value to zero @ !refCoefNorm=(CMS_th1x = 15), !pdfs=(shapeSig_Signal2plus1_mX_1800_hh4b2plus1_rebinPdf = 0.0126696/1,shapeBkg_hh4b2plus1_QCD2plus1_morph = 0.00695886/1), !coefficients=(n_exp_binhh4b2plus1_proc_Signal2plus1_mX_1800 = -1.47947,n_exp_final_binhh4b2plus1_proc_QCD2plus1 = 170.605)
[#0] WARNING:Plotting -- At observable [x]=16 RooAddPdf::pdf_binhh4b2plus1_nuis[ n_exp_binhh4b2plus1_proc_Signal2plus1_mX_1800 * shapeSig_Signal2plus1_mX_1800_hh4b2plus1_rebinPdf + n_exp_final_binhh4b2plus1_proc_QCD2plus1 * shapeBkg_hh4b2plus1_QCD2plus1_morph ]
     p.d.f value is less than zero (-0.000363), forcing value to zero @ !refCoefNorm=(CMS_th1x = 16), !pdfs=(shapeSig_Signal2plus1_mX_1800_hh4b2plus1_rebinPdf = 0.0414746/1,shapeBkg_hh4b2plus1_QCD2plus1_morph = 0.0114605/1), !coefficients=(n_exp_binhh4b2plus1_proc_Signal2plus1_mX_1800 = -1.47947,n_exp_final_binhh4b2plus1_proc_QCD2plus1 = 170.605)
[#0] WARNING:Plotting -- At observable [x]=17 RooAddPdf::pdf_binhh4b2plus1_nuis[ n_exp_binhh4b2plus1_proc_Signal2plus1_mX_1800 * shapeSig_Signal2plus1_mX_1800_hh4b2plus1_rebinPdf + n_exp_final_binhh4b2plus1_proc_QCD2plus1 * shapeBkg_hh4b2plus1_QCD2plus1_morph ]
     p.d.f value is less than zero (-0.000706), forcing value to zero @ !refCoefNorm=(CMS_th1x = 17), !pdfs=(shapeSig_Signal2plus1_mX_1800_hh4b2plus1_rebinPdf = 0.0806894/1,shapeBkg_hh4b2plus1_QCD2plus1_morph = 0.00689917/1), !coefficients=(n_exp_binhh4b2plus1_proc_Signal2plus1_mX_1800 = -1.47947,n_exp_final_binhh4b2plus1_proc_QCD2plus1 = 170.605)
[#0] WARNING:Plotting -- At observable [x]=18 RooAddPdf::pdf_binhh4b2plus1_nuis[ n_exp_binhh4b2plus1_proc_Signal2plus1_mX_1800 * shapeSig_Signal2plus1_mX_1800_hh4b2plus1_rebinPdf + n_exp_final_binhh4b2plus1_proc_QCD2plus1 * shapeBkg_hh4b2plus1_QCD2plus1_morph ]
     p.d.f value is less than zero (-0.001657), forcing value to zero @ !refCoefNorm=(CMS_th1x = 18), !pdfs=(shapeSig_Signal2plus1_mX_1800_hh4b2plus1_rebinPdf = 0.189443/1,shapeBkg_hh4b2plus1_QCD2plus1_morph = 0.00322094/1), !coefficients=(n_exp_binhh4b2plus1_proc_Signal2plus1_mX_1800 = -1.47947,n_exp_final_binhh4b2plus1_proc_QCD2plus1 = 170.605)
[#0] WARNING:Plotting -- At observable [x]=19 RooAddPdf::pdf_binhh4b2plus1_nuis[ n_exp_binhh4b2plus1_proc_Signal2plus1_mX_1800 * shapeSig_Signal2plus1_mX_1800_hh4b2plus1_rebinPdf + n_exp_final_binhh4b2plus1_proc_QCD2plus1 * shapeBkg_hh4b2plus1_QCD2plus1_morph ]
     p.d.f value is less than zero (-0.002267), forcing value to zero @ !refCoefNorm=(CMS_th1x = 19), !pdfs=(shapeSig_Signal2plus1_mX_1800_hh4b2plus1_rebinPdf = 0.259137/1,shapeBkg_hh4b2plus1_QCD2plus1_morph = 0.00920355/1), !coefficients=(n_exp_binhh4b2plus1_proc_Signal2plus1_mX_1800 = -1.47947,n_exp_final_binhh4b2plus1_proc_QCD2plus1 = 170.605)
[#0] WARNING:Plotting -- At observable [x]=20 RooAddPdf::pdf_binhh4b2plus1_nuis[ n_exp_binhh4b2plus1_proc_Signal2plus1_mX_1800 * shapeSig_Signal2plus1_mX_1800_hh4b2plus1_rebinPdf + n_exp_final_binhh4b2plus1_proc_QCD2plus1 * shapeBkg_hh4b2plus1_QCD2plus1_morph ]
     p.d.f value is less than zero (-0.002613), forcing value to zero @ !refCoefNorm=(CMS_th1x = 20), !pdfs=(shapeSig_Signal2plus1_mX_1800_hh4b2plus1_rebinPdf = 0.298658/1,shapeBkg_hh4b2plus1_QCD2plus1_morph = 0/1), !coefficients=(n_exp_binhh4b2plus1_proc_Signal2plus1_mX_1800 = -1.47947,n_exp_final_binhh4b2plus1_proc_QCD2plus1 = 170.605)
[#0] WARNING:Plotting -- At observable [x]=21 RooAddPdf::pdf_binhh4b2plus1_nuis[ n_exp_binhh4b2plus1_proc_Signal2plus1_mX_1800 * shapeSig_Signal2plus1_mX_1800_hh4b2plus1_rebinPdf + n_exp_final_binhh4b2plus1_proc_QCD2plus1 * shapeBkg_hh4b2plus1_QCD2plus1_morph ]
     p.d.f value is less than zero (-0.000781), forcing value to zero @ !refCoefNorm=(CMS_th1x = 21), !pdfs=(shapeSig_Signal2plus1_mX_1800_hh4b2plus1_rebinPdf = 0.0893055/1,shapeBkg_hh4b2plus1_QCD2plus1_morph = 0.00668709/1), !coefficients=(n_exp_binhh4b2plus1_proc_Signal2plus1_mX_1800 = -1.47947,n_exp_final_binhh4b2plus1_proc_QCD2plus1 = 170.605)
[#0] WARNING:Plotting -- At observable [x]=22 RooAddPdf::pdf_binhh4b2plus1_nuis[ n_exp_binhh4b2plus1_proc_Signal2plus1_mX_1800 * shapeSig_Signal2plus1_mX_1800_hh4b2plus1_rebinPdf + n_exp_final_binhh4b2plus1_proc_QCD2plus1 * shapeBkg_hh4b2plus1_QCD2plus1_morph ]
     p.d.f value is less than zero (-0.000162), forcing value to zero @ !refCoefNorm=(CMS_th1x = 22), !pdfs=(shapeSig_Signal2plus1_mX_1800_hh4b2plus1_rebinPdf = 0.0185381/1,shapeBkg_hh4b2plus1_QCD2plus1_morph = 0.00457193/1), !coefficients=(n_exp_binhh4b2plus1_proc_Signal2plus1_mX_1800 = -1.47947,n_exp_final_binhh4b2plus1_proc_QCD2plus1 = 170.605)
[#0] WARNING:Plotting -- At observable [x]=23 RooAddPdf::pdf_binhh4b2plus1_nuis[ n_exp_binhh4b2plus1_proc_Signal2plus1_mX_1800 * shapeSig_Signal2plus1_mX_1800_hh4b2plus1_rebinPdf + n_exp_final_binhh4b2plus1_proc_QCD2plus1 * shapeBkg_hh4b2plus1_QCD2plus1_morph ]
     p.d.f value is less than zero (-0.000000), forcing value to zero @ !refCoefNorm=(CMS_th1x = 23), !pdfs=(shapeSig_Signal2plus1_mX_1800_hh4b2plus1_rebinPdf = 1e-09/1,shapeBkg_hh4b2plus1_QCD2plus1_morph = 0.00246237/1), !coefficients=(n_exp_binhh4b2plus1_proc_Signal2plus1_mX_1800 = -1.47947,n_exp_final_binhh4b2plus1_proc_QCD2plus1 = 170.605)
[#0] WARNING:Plotting -- At observable [x]=24 RooAddPdf::pdf_binhh4b2plus1_nuis[ n_exp_binhh4b2plus1_proc_Signal2plus1_mX_1800 * shapeSig_Signal2plus1_mX_1800_hh4b2plus1_rebinPdf + n_exp_final_binhh4b2plus1_proc_QCD2plus1 * shapeBkg_hh4b2plus1_QCD2plus1_morph ]
     p.d.f value is less than zero (-0.000000), forcing value to zero @ !refCoefNorm=(CMS_th1x = 24), !pdfs=(shapeSig_Signal2plus1_mX_1800_hh4b2plus1_rebinPdf = 1e-09/1,shapeBkg_hh4b2plus1_QCD2plus1_morph = 0.00231479/1), !coefficients=(n_exp_binhh4b2plus1_proc_Signal2plus1_mX_1800 = -1.47947,n_exp_final_binhh4b2plus1_proc_QCD2plus1 = 170.605)
[#0] WARNING:Plotting -- At observable [x]=25 RooAddPdf::pdf_binhh4b2plus1_nuis[ n_exp_binhh4b2plus1_proc_Signal2plus1_mX_1800 * shapeSig_Signal2plus1_mX_1800_hh4b2plus1_rebinPdf + n_exp_final_binhh4b2plus1_proc_QCD2plus1 * shapeBkg_hh4b2plus1_QCD2plus1_morph ]
     p.d.f value is less than zero (-0.000000), forcing value to zero @ !refCoefNorm=(CMS_th1x = 25), !pdfs=(shapeSig_Signal2plus1_mX_1800_hh4b2plus1_rebinPdf = 1e-09/1,shapeBkg_hh4b2plus1_QCD2plus1_morph = 0.00228377/1), !coefficients=(n_exp_binhh4b2plus1_proc_Signal2plus1_mX_1800 = -1.47947,n_exp_final_binhh4b2plus1_proc_QCD2plus1 = 170.605)
[#0] WARNING:Plotting -- At observable [x]=0.5 RooAddPdf::pdf_binhh4b2plus1_nuis[ n_exp_binhh4b2plus1_proc_Signal2plus1_mX_1800 * shapeSig_Signal2plus1_mX_1800_hh4b2plus1_rebinPdf + n_exp_final_binhh4b2plus1_proc_QCD2plus1 * shapeBkg_hh4b2plus1_QCD2plus1_morph ]
     p.d.f value is less than zero (-0.000000), forcing value to zero @ !refCoefNorm=(CMS_th1x = 0.5), !pdfs=(shapeSig_Signal2plus1_mX_1800_hh4b2plus1_rebinPdf = 1e-09/1,shapeBkg_hh4b2plus1_QCD2plus1_morph = 0.071943/1), !coefficients=(n_exp_binhh4b2plus1_proc_Signal2plus1_mX_1800 = -1.47947,n_exp_final_binhh4b2plus1_proc_QCD2plus1 = 170.605)
[#0] WARNING:Plotting -- At observable [x]=1.5 RooAddPdf::pdf_binhh4b2plus1_nuis[ n_exp_binhh4b2plus1_proc_Signal2plus1_mX_1800 * shapeSig_Signal2plus1_mX_1800_hh4b2plus1_rebinPdf + n_exp_final_binhh4b2plus1_proc_QCD2plus1 * shapeBkg_hh4b2plus1_QCD2plus1_morph ]
     p.d.f value is less than zero (-0.000000), forcing value to zero @ !refCoefNorm=(CMS_th1x = 1.5), !pdfs=(shapeSig_Signal2plus1_mX_1800_hh4b2plus1_rebinPdf = 1e-09/1,shapeBkg_hh4b2plus1_QCD2plus1_morph = 0.106496/1), !coefficients=(n_exp_binhh4b2plus1_proc_Signal2plus1_mX_1800 = -1.47947,n_exp_final_binhh4b2plus1_proc_QCD2plus1 = 170.605)
[#0] WARNING:Plotting -- At observable [x]=2.5 RooAddPdf::pdf_binhh4b2plus1_nuis[ n_exp_binhh4b2plus1_proc_Signal2plus1_mX_1800 * shapeSig_Signal2plus1_mX_1800_hh4b2plus1_rebinPdf + n_exp_final_binhh4b2plus1_proc_QCD2plus1 * shapeBkg_hh4b2plus1_QCD2plus1_morph ]
     p.d.f value is less than zero (-0.000000), forcing value to zero @ !refCoefNorm=(CMS_th1x = 2.5), !pdfs=(shapeSig_Signal2plus1_mX_1800_hh4b2plus1_rebinPdf = 1e-09/1,shapeBkg_hh4b2plus1_QCD2plus1_morph = 0.161899/1), !coefficients=(n_exp_binhh4b2plus1_proc_Signal2plus1_mX_1800 = -1.47947,n_exp_final_binhh4b2plus1_proc_QCD2plus1 = 170.605)
[#0] WARNING:Plotting -- At observable [x]=3.5 RooAddPdf::pdf_binhh4b2plus1_nuis[ n_exp_binhh4b2plus1_proc_Signal2plus1_mX_1800 * shapeSig_Signal2plus1_mX_1800_hh4b2plus1_rebinPdf + n_exp_final_binhh4b2plus1_proc_QCD2plus1 * shapeBkg_hh4b2plus1_QCD2plus1_morph ]
     p.d.f value is less than zero (-0.000000), forcing value to zero @ !refCoefNorm=(CMS_th1x = 3.5), !pdfs=(shapeSig_Signal2plus1_mX_1800_hh4b2plus1_rebinPdf = 1e-09/1,shapeBkg_hh4b2plus1_QCD2plus1_morph = 0.125542/1), !coefficients=(n_exp_binhh4b2plus1_proc_Signal2plus1_mX_1800 = -1.47947,n_exp_final_binhh4b2plus1_proc_QCD2plus1 = 170.605)
[#0] WARNING:Plotting -- At observable [x]=4.5 RooAddPdf::pdf_binhh4b2plus1_nuis[ n_exp_binhh4b2plus1_proc_Signal2plus1_mX_1800 * shapeSig_Signal2plus1_mX_1800_hh4b2plus1_rebinPdf + n_exp_final_binhh4b2plus1_proc_QCD2plus1 * shapeBkg_hh4b2plus1_QCD2plus1_morph ]
     p.d.f value is less than zero (-0.000000), forcing value to zero @ !refCoefNorm=(CMS_th1x = 4.5), !pdfs=(shapeSig_Signal2plus1_mX_1800_hh4b2plus1_rebinPdf = 1e-09/1,shapeBkg_hh4b2plus1_QCD2plus1_morph = 0.133229/1), !coefficients=(n_exp_binhh4b2plus1_proc_Signal2plus1_mX_1800 = -1.47947,n_exp_final_binhh4b2plus1_proc_QCD2plus1 = 170.605)
[#0] WARNING:Plotting -- At observable [x]=5.5 RooAddPdf::pdf_binhh4b2plus1_nuis[ n_exp_binhh4b2plus1_proc_Signal2plus1_mX_1800 * shapeSig_Signal2plus1_mX_1800_hh4b2plus1_rebinPdf + n_exp_final_binhh4b2plus1_proc_QCD2plus1 * shapeBkg_hh4b2plus1_QCD2plus1_morph ]
     p.d.f value is less than zero (-0.000000), forcing value to zero @ !refCoefNorm=(CMS_th1x = 5.5), !pdfs=(shapeSig_Signal2plus1_mX_1800_hh4b2plus1_rebinPdf = 1e-09/1,shapeBkg_hh4b2plus1_QCD2plus1_morph = 0.0775521/1), !coefficients=(n_exp_binhh4b2plus1_proc_Signal2plus1_mX_1800 = -1.47947,n_exp_final_binhh4b2plus1_proc_QCD2plus1 = 170.605)
[#0] WARNING:Plotting -- At observable [x]=6.5 RooAddPdf::pdf_binhh4b2plus1_nuis[ n_exp_binhh4b2plus1_proc_Signal2plus1_mX_1800 * shapeSig_Signal2plus1_mX_1800_hh4b2plus1_rebinPdf + n_exp_final_binhh4b2plus1_proc_QCD2plus1 * shapeBkg_hh4b2plus1_QCD2plus1_morph ]
     p.d.f value is less than zero (-0.000010), forcing value to zero @ !refCoefNorm=(CMS_th1x = 6.5), !pdfs=(shapeSig_Signal2plus1_mX_1800_hh4b2plus1_rebinPdf = 0.00108852/1,shapeBkg_hh4b2plus1_QCD2plus1_morph = 0.0571962/1), !coefficients=(n_exp_binhh4b2plus1_proc_Signal2plus1_mX_1800 = -1.47947,n_exp_final_binhh4b2plus1_proc_QCD2plus1 = 170.605)
[#0] WARNING:Plotting -- At observable [x]=7.5 RooAddPdf::pdf_binhh4b2plus1_nuis[ n_exp_binhh4b2plus1_proc_Signal2plus1_mX_1800 * shapeSig_Signal2plus1_mX_1800_hh4b2plus1_rebinPdf + n_exp_final_binhh4b2plus1_proc_QCD2plus1 * shapeBkg_hh4b2plus1_QCD2plus1_morph ]
     p.d.f value is less than zero (-0.000010), forcing value to zero @ !refCoefNorm=(CMS_th1x = 7.5), !pdfs=(shapeSig_Signal2plus1_mX_1800_hh4b2plus1_rebinPdf = 0.00109069/1,shapeBkg_hh4b2plus1_QCD2plus1_morph = 0.0497288/1), !coefficients=(n_exp_binhh4b2plus1_proc_Signal2plus1_mX_1800 = -1.47947,n_exp_final_binhh4b2plus1_proc_QCD2plus1 = 170.605)
[#0] WARNING:Plotting -- At observable [x]=8.5 RooAddPdf::pdf_binhh4b2plus1_nuis[ n_exp_binhh4b2plus1_proc_Signal2plus1_mX_1800 * shapeSig_Signal2plus1_mX_1800_hh4b2plus1_rebinPdf + n_exp_final_binhh4b2plus1_proc_QCD2plus1 * shapeBkg_hh4b2plus1_QCD2plus1_morph ]
     p.d.f value is less than zero (-0.000008), forcing value to zero @ !refCoefNorm=(CMS_th1x = 8.5), !pdfs=(shapeSig_Signal2plus1_mX_1800_hh4b2plus1_rebinPdf = 0.000901595/1,shapeBkg_hh4b2plus1_QCD2plus1_morph = 0.0458659/1), !coefficients=(n_exp_binhh4b2plus1_proc_Signal2plus1_mX_1800 = -1.47947,n_exp_final_binhh4b2plus1_proc_QCD2plus1 = 170.605)
[#0] WARNING:Plotting -- At observable [x]=9.5 RooAddPdf::pdf_binhh4b2plus1_nuis[ n_exp_binhh4b2plus1_proc_Signal2plus1_mX_1800 * shapeSig_Signal2plus1_mX_1800_hh4b2plus1_rebinPdf + n_exp_final_binhh4b2plus1_proc_QCD2plus1 * shapeBkg_hh4b2plus1_QCD2plus1_morph ]
     p.d.f value is less than zero (-0.000000), forcing value to zero @ !refCoefNorm=(CMS_th1x = 9.5), !pdfs=(shapeSig_Signal2plus1_mX_1800_hh4b2plus1_rebinPdf = 1e-09/1,shapeBkg_hh4b2plus1_QCD2plus1_morph = 0.043769/1), !coefficients=(n_exp_binhh4b2plus1_proc_Signal2plus1_mX_1800 = -1.47947,n_exp_final_binhh4b2plus1_proc_QCD2plus1 = 170.605)
[#0] WARNING:Plotting -- At observable [x]=10.5 RooAddPdf::pdf_binhh4b2plus1_nuis[ n_exp_binhh4b2plus1_proc_Signal2plus1_mX_1800 * shapeSig_Signal2plus1_mX_1800_hh4b2plus1_rebinPdf + n_exp_final_binhh4b2plus1_proc_QCD2plus1 * shapeBkg_hh4b2plus1_QCD2plus1_morph ]
     p.d.f value is less than zero (-0.000008), forcing value to zero @ !refCoefNorm=(CMS_th1x = 10.5), !pdfs=(shapeSig_Signal2plus1_mX_1800_hh4b2plus1_rebinPdf = 0.000915396/1,shapeBkg_hh4b2plus1_QCD2plus1_morph = 0.032133/1), !coefficients=(n_exp_binhh4b2plus1_proc_Signal2plus1_mX_1800 = -1.47947,n_exp_final_binhh4b2plus1_proc_QCD2plus1 = 170.605)
[#0] WARNING:Plotting -- At observable [x]=11.5 RooAddPdf::pdf_binhh4b2plus1_nuis[ n_exp_binhh4b2plus1_proc_Signal2plus1_mX_1800 * shapeSig_Signal2plus1_mX_1800_hh4b2plus1_rebinPdf + n_exp_final_binhh4b2plus1_proc_QCD2plus1 * shapeBkg_hh4b2plus1_QCD2plus1_morph ]
     p.d.f value is less than zero (-0.000000), forcing value to zero @ !refCoefNorm=(CMS_th1x = 11.5), !pdfs=(shapeSig_Signal2plus1_mX_1800_hh4b2plus1_rebinPdf = 1e-09/1,shapeBkg_hh4b2plus1_QCD2plus1_morph = 0.00897943/1), !coefficients=(n_exp_binhh4b2plus1_proc_Signal2plus1_mX_1800 = -1.47947,n_exp_final_binhh4b2plus1_proc_QCD2plus1 = 170.605)
[#0] WARNING:Plotting -- At observable [x]=12.5 RooAddPdf::pdf_binhh4b2plus1_nuis[ n_exp_binhh4b2plus1_proc_Signal2plus1_mX_1800 * shapeSig_Signal2plus1_mX_1800_hh4b2plus1_rebinPdf + n_exp_final_binhh4b2plus1_proc_QCD2plus1 * shapeBkg_hh4b2plus1_QCD2plus1_morph ]
     p.d.f value is less than zero (-0.000023), forcing value to zero @ !refCoefNorm=(CMS_th1x = 12.5), !pdfs=(shapeSig_Signal2plus1_mX_1800_hh4b2plus1_rebinPdf = 0.00268378/1,shapeBkg_hh4b2plus1_QCD2plus1_morph = 0.020299/1), !coefficients=(n_exp_binhh4b2plus1_proc_Signal2plus1_mX_1800 = -1.47947,n_exp_final_binhh4b2plus1_proc_QCD2plus1 = 170.605)
[#0] WARNING:Plotting -- At observable [x]=13.5 RooAddPdf::pdf_binhh4b2plus1_nuis[ n_exp_binhh4b2plus1_proc_Signal2plus1_mX_1800 * shapeSig_Signal2plus1_mX_1800_hh4b2plus1_rebinPdf + n_exp_final_binhh4b2plus1_proc_QCD2plus1 * shapeBkg_hh4b2plus1_QCD2plus1_morph ]
     p.d.f value is less than zero (-0.000030), forcing value to zero @ !refCoefNorm=(CMS_th1x = 13.5), !pdfs=(shapeSig_Signal2plus1_mX_1800_hh4b2plus1_rebinPdf = 0.00340501/1,shapeBkg_hh4b2plus1_QCD2plus1_morph = 0.00930502/1), !coefficients=(n_exp_binhh4b2plus1_proc_Signal2plus1_mX_1800 = -1.47947,n_exp_final_binhh4b2plus1_proc_QCD2plus1 = 170.605)
[#0] WARNING:Plotting -- At observable [x]=14.5 RooAddPdf::pdf_binhh4b2plus1_nuis[ n_exp_binhh4b2plus1_proc_Signal2plus1_mX_1800 * shapeSig_Signal2plus1_mX_1800_hh4b2plus1_rebinPdf + n_exp_final_binhh4b2plus1_proc_QCD2plus1 * shapeBkg_hh4b2plus1_QCD2plus1_morph ]
     p.d.f value is less than zero (-0.000111), forcing value to zero @ !refCoefNorm=(CMS_th1x = 14.5), !pdfs=(shapeSig_Signal2plus1_mX_1800_hh4b2plus1_rebinPdf = 0.0126696/1,shapeBkg_hh4b2plus1_QCD2plus1_morph = 0.00695886/1), !coefficients=(n_exp_binhh4b2plus1_proc_Signal2plus1_mX_1800 = -1.47947,n_exp_final_binhh4b2plus1_proc_QCD2plus1 = 170.605)
[#0] WARNING:Plotting -- At observable [x]=15.5 RooAddPdf::pdf_binhh4b2plus1_nuis[ n_exp_binhh4b2plus1_proc_Signal2plus1_mX_1800 * shapeSig_Signal2plus1_mX_1800_hh4b2plus1_rebinPdf + n_exp_final_binhh4b2plus1_proc_QCD2plus1 * shapeBkg_hh4b2plus1_QCD2plus1_morph ]
     p.d.f value is less than zero (-0.000363), forcing value to zero @ !refCoefNorm=(CMS_th1x = 15.5), !pdfs=(shapeSig_Signal2plus1_mX_1800_hh4b2plus1_rebinPdf = 0.0414746/1,shapeBkg_hh4b2plus1_QCD2plus1_morph = 0.0114605/1), !coefficients=(n_exp_binhh4b2plus1_proc_Signal2plus1_mX_1800 = -1.47947,n_exp_final_binhh4b2plus1_proc_QCD2plus1 = 170.605)
[#0] WARNING:Plotting -- At observable [x]=16.5 RooAddPdf::pdf_binhh4b2plus1_nuis[ n_exp_binhh4b2plus1_proc_Signal2plus1_mX_1800 * shapeSig_Signal2plus1_mX_1800_hh4b2plus1_rebinPdf + n_exp_final_binhh4b2plus1_proc_QCD2plus1 * shapeBkg_hh4b2plus1_QCD2plus1_morph ]
     p.d.f value is less than zero (-0.000706), forcing value to zero @ !refCoefNorm=(CMS_th1x = 16.5), !pdfs=(shapeSig_Signal2plus1_mX_1800_hh4b2plus1_rebinPdf = 0.0806894/1,shapeBkg_hh4b2plus1_QCD2plus1_morph = 0.00689917/1), !coefficients=(n_exp_binhh4b2plus1_proc_Signal2plus1_mX_1800 = -1.47947,n_exp_final_binhh4b2plus1_proc_QCD2plus1 = 170.605)
[#0] WARNING:Plotting -- At observable [x]=17.5 RooAddPdf::pdf_binhh4b2plus1_nuis[ n_exp_binhh4b2plus1_proc_Signal2plus1_mX_1800 * shapeSig_Signal2plus1_mX_1800_hh4b2plus1_rebinPdf + n_exp_final_binhh4b2plus1_proc_QCD2plus1 * shapeBkg_hh4b2plus1_QCD2plus1_morph ]
     p.d.f value is less than zero (-0.001657), forcing value to zero @ !refCoefNorm=(CMS_th1x = 17.5), !pdfs=(shapeSig_Signal2plus1_mX_1800_hh4b2plus1_rebinPdf = 0.189443/1,shapeBkg_hh4b2plus1_QCD2plus1_morph = 0.00322094/1), !coefficients=(n_exp_binhh4b2plus1_proc_Signal2plus1_mX_1800 = -1.47947,n_exp_final_binhh4b2plus1_proc_QCD2plus1 = 170.605)
[#0] WARNING:Plotting -- At observable [x]=18.5 RooAddPdf::pdf_binhh4b2plus1_nuis[ n_exp_binhh4b2plus1_proc_Signal2plus1_mX_1800 * shapeSig_Signal2plus1_mX_1800_hh4b2plus1_rebinPdf + n_exp_final_binhh4b2plus1_proc_QCD2plus1 * shapeBkg_hh4b2plus1_QCD2plus1_morph ]
     p.d.f value is less than zero (-0.002267), forcing value to zero @ !refCoefNorm=(CMS_th1x = 18.5), !pdfs=(shapeSig_Signal2plus1_mX_1800_hh4b2plus1_rebinPdf = 0.259137/1,shapeBkg_hh4b2plus1_QCD2plus1_morph = 0.00920355/1), !coefficients=(n_exp_binhh4b2plus1_proc_Signal2plus1_mX_1800 = -1.47947,n_exp_final_binhh4b2plus1_proc_QCD2plus1 = 170.605)
[#0] WARNING:Plotting -- At observable [x]=19.5 RooAddPdf::pdf_binhh4b2plus1_nuis[ n_exp_binhh4b2plus1_proc_Signal2plus1_mX_1800 * shapeSig_Signal2plus1_mX_1800_hh4b2plus1_rebinPdf + n_exp_final_binhh4b2plus1_proc_QCD2plus1 * shapeBkg_hh4b2plus1_QCD2plus1_morph ]
     p.d.f value is less than zero (-0.002613), forcing value to zero @ !refCoefNorm=(CMS_th1x = 19.5), !pdfs=(shapeSig_Signal2plus1_mX_1800_hh4b2plus1_rebinPdf = 0.298658/1,shapeBkg_hh4b2plus1_QCD2plus1_morph = 0/1), !coefficients=(n_exp_binhh4b2plus1_proc_Signal2plus1_mX_1800 = -1.47947,n_exp_final_binhh4b2plus1_proc_QCD2plus1 = 170.605)
[#0] WARNING:Plotting -- At observable [x]=20.5 RooAddPdf::pdf_binhh4b2plus1_nuis[ n_exp_binhh4b2plus1_proc_Signal2plus1_mX_1800 * shapeSig_Signal2plus1_mX_1800_hh4b2plus1_rebinPdf + n_exp_final_binhh4b2plus1_proc_QCD2plus1 * shapeBkg_hh4b2plus1_QCD2plus1_morph ]
     p.d.f value is less than zero (-0.000781), forcing value to zero @ !refCoefNorm=(CMS_th1x = 20.5), !pdfs=(shapeSig_Signal2plus1_mX_1800_hh4b2plus1_rebinPdf = 0.0893055/1,shapeBkg_hh4b2plus1_QCD2plus1_morph = 0.00668709/1), !coefficients=(n_exp_binhh4b2plus1_proc_Signal2plus1_mX_1800 = -1.47947,n_exp_final_binhh4b2plus1_proc_QCD2plus1 = 170.605)
[#0] WARNING:Plotting -- At observable [x]=21.5 RooAddPdf::pdf_binhh4b2plus1_nuis[ n_exp_binhh4b2plus1_proc_Signal2plus1_mX_1800 * shapeSig_Signal2plus1_mX_1800_hh4b2plus1_rebinPdf + n_exp_final_binhh4b2plus1_proc_QCD2plus1 * shapeBkg_hh4b2plus1_QCD2plus1_morph ]
     p.d.f value is less than zero (-0.000162), forcing value to zero @ !refCoefNorm=(CMS_th1x = 21.5), !pdfs=(shapeSig_Signal2plus1_mX_1800_hh4b2plus1_rebinPdf = 0.0185381/1,shapeBkg_hh4b2plus1_QCD2plus1_morph = 0.00457193/1), !coefficients=(n_exp_binhh4b2plus1_proc_Signal2plus1_mX_1800 = -1.47947,n_exp_final_binhh4b2plus1_proc_QCD2plus1 = 170.605)
[#0] WARNING:Plotting -- At observable [x]=22.5 RooAddPdf::pdf_binhh4b2plus1_nuis[ n_exp_binhh4b2plus1_proc_Signal2plus1_mX_1800 * shapeSig_Signal2plus1_mX_1800_hh4b2plus1_rebinPdf + n_exp_final_binhh4b2plus1_proc_QCD2plus1 * shapeBkg_hh4b2plus1_QCD2plus1_morph ]
     p.d.f value is less than zero (-0.000000), forcing value to zero @ !refCoefNorm=(CMS_th1x = 22.5), !pdfs=(shapeSig_Signal2plus1_mX_1800_hh4b2plus1_rebinPdf = 1e-09/1,shapeBkg_hh4b2plus1_QCD2plus1_morph = 0.00246237/1), !coefficients=(n_exp_binhh4b2plus1_proc_Signal2plus1_mX_1800 = -1.47947,n_exp_final_binhh4b2plus1_proc_QCD2plus1 = 170.605)
[#0] WARNING:Plotting -- At observable [x]=23.5 RooAddPdf::pdf_binhh4b2plus1_nuis[ n_exp_binhh4b2plus1_proc_Signal2plus1_mX_1800 * shapeSig_Signal2plus1_mX_1800_hh4b2plus1_rebinPdf + n_exp_final_binhh4b2plus1_proc_QCD2plus1 * shapeBkg_hh4b2plus1_QCD2plus1_morph ]
     p.d.f value is less than zero (-0.000000), forcing value to zero @ !refCoefNorm=(CMS_th1x = 23.5), !pdfs=(shapeSig_Signal2plus1_mX_1800_hh4b2plus1_rebinPdf = 1e-09/1,shapeBkg_hh4b2plus1_QCD2plus1_morph = 0.00231479/1), !coefficients=(n_exp_binhh4b2plus1_proc_Signal2plus1_mX_1800 = -1.47947,n_exp_final_binhh4b2plus1_proc_QCD2plus1 = 170.605)
[#0] WARNING:Plotting -- At observable [x]=24.5 RooAddPdf::pdf_binhh4b2plus1_nuis[ n_exp_binhh4b2plus1_proc_Signal2plus1_mX_1800 * shapeSig_Signal2plus1_mX_1800_hh4b2plus1_rebinPdf + n_exp_final_binhh4b2plus1_proc_QCD2plus1 * shapeBkg_hh4b2plus1_QCD2plus1_morph ]
     p.d.f value is less than zero (-0.000000), forcing value to zero @ !refCoefNorm=(CMS_th1x = 24.5), !pdfs=(shapeSig_Signal2plus1_mX_1800_hh4b2plus1_rebinPdf = 1e-09/1,shapeBkg_hh4b2plus1_QCD2plus1_morph = 0.00228377/1), !coefficients=(n_exp_binhh4b2plus1_proc_Signal2plus1_mX_1800 = -1.47947,n_exp_final_binhh4b2plus1_proc_QCD2plus1 = 170.605)
[#0] WARNING:Plotting -- At observable [x]=20 RooAddPdf::pdf_binhh4b2plus1_nuis[ n_exp_binhh4b2plus1_proc_Signal2plus1_mX_1800 * shapeSig_Signal2plus1_mX_1800_hh4b2plus1_rebinPdf + n_exp_final_binhh4b2plus1_proc_QCD2plus1 * shapeBkg_hh4b2plus1_QCD2plus1_morph ]
     p.d.f value is less than zero (-0.002613), forcing value to zero @ !refCoefNorm=(CMS_th1x = 20), !pdfs=(shapeSig_Signal2plus1_mX_1800_hh4b2plus1_rebinPdf = 0.298658/1,shapeBkg_hh4b2plus1_QCD2plus1_morph = 0/1), !coefficients=(n_exp_binhh4b2plus1_proc_Signal2plus1_mX_1800 = -1.47947,n_exp_final_binhh4b2plus1_proc_QCD2plus1 = 170.605)
[#0] WARNING:Plotting -- At observable [x]=19.5 RooAddPdf::pdf_binhh4b2plus1_nuis[ n_exp_binhh4b2plus1_proc_Signal2plus1_mX_1800 * shapeSig_Signal2plus1_mX_1800_hh4b2plus1_rebinPdf + n_exp_final_binhh4b2plus1_proc_QCD2plus1 * shapeBkg_hh4b2plus1_QCD2plus1_morph ]
     p.d.f value is less than zero (-0.002613), forcing value to zero @ !refCoefNorm=(CMS_th1x = 19.5), !pdfs=(shapeSig_Signal2plus1_mX_1800_hh4b2plus1_rebinPdf = 0.298658/1,shapeBkg_hh4b2plus1_QCD2plus1_morph = 0/1), !coefficients=(n_exp_binhh4b2plus1_proc_Signal2plus1_mX_1800 = -1.47947,n_exp_final_binhh4b2plus1_proc_QCD2plus1 = 170.605)
[#0] WARNING:Plotting -- At observable [x]=19.25 RooAddPdf::pdf_binhh4b2plus1_nuis[ n_exp_binhh4b2plus1_proc_Signal2plus1_mX_1800 * shapeSig_Signal2plus1_mX_1800_hh4b2plus1_rebinPdf + n_exp_final_binhh4b2plus1_proc_QCD2plus1 * shapeBkg_hh4b2plus1_QCD2plus1_morph ]
     p.d.f value is less than zero (-0.002613), forcing value to zero @ !refCoefNorm=(CMS_th1x = 19.25), !pdfs=(shapeSig_Signal2plus1_mX_1800_hh4b2plus1_rebinPdf = 0.298658/1,shapeBkg_hh4b2plus1_QCD2plus1_morph = 0/1), !coefficients=(n_exp_binhh4b2plus1_proc_Signal2plus1_mX_1800 = -1.47947,n_exp_final_binhh4b2plus1_proc_QCD2plus1 = 170.605)
[#0] WARNING:Plotting -- At observable [x]=19.125 RooAddPdf::pdf_binhh4b2plus1_nuis[ n_exp_binhh4b2plus1_proc_Signal2plus1_mX_1800 * shapeSig_Signal2plus1_mX_1800_hh4b2plus1_rebinPdf + n_exp_final_binhh4b2plus1_proc_QCD2plus1 * shapeBkg_hh4b2plus1_QCD2plus1_morph ]
     p.d.f value is less than zero (-0.002613), forcing value to zero @ !refCoefNorm=(CMS_th1x = 19.125), !pdfs=(shapeSig_Signal2plus1_mX_1800_hh4b2plus1_rebinPdf = 0.298658/1,shapeBkg_hh4b2plus1_QCD2plus1_morph = 0/1), !coefficients=(n_exp_binhh4b2plus1_proc_Signal2plus1_mX_1800 = -1.47947,n_exp_final_binhh4b2plus1_proc_QCD2plus1 = 170.605)
[#0] WARNING:Plotting -- At observable [x]=19.0625 RooAddPdf::pdf_binhh4b2plus1_nuis[ n_exp_binhh4b2plus1_proc_Signal2plus1_mX_1800 * shapeSig_Signal2plus1_mX_1800_hh4b2plus1_rebinPdf + n_exp_final_binhh4b2plus1_proc_QCD2plus1 * shapeBkg_hh4b2plus1_QCD2plus1_morph ]
     p.d.f value is less than zero (-0.002613), forcing value to zero @ !refCoefNorm=(CMS_th1x = 19.0625), !pdfs=(shapeSig_Signal2plus1_mX_1800_hh4b2plus1_rebinPdf = 0.298658/1,shapeBkg_hh4b2plus1_QCD2plus1_morph = 0/1), !coefficients=(n_exp_binhh4b2plus1_proc_Signal2plus1_mX_1800 = -1.47947,n_exp_final_binhh4b2plus1_proc_QCD2plus1 = 170.605)
[#0] WARNING:Plotting -- At observable [x]=19.0312 RooAddPdf::pdf_binhh4b2plus1_nuis[ n_exp_binhh4b2plus1_proc_Signal2plus1_mX_1800 * shapeSig_Signal2plus1_mX_1800_hh4b2plus1_rebinPdf + n_exp_final_binhh4b2plus1_proc_QCD2plus1 * shapeBkg_hh4b2plus1_QCD2plus1_morph ]
     p.d.f value is less than zero (-0.002613), forcing value to zero @ !refCoefNorm=(CMS_th1x = 19.0312), !pdfs=(shapeSig_Signal2plus1_mX_1800_hh4b2plus1_rebinPdf = 0.298658/1,shapeBkg_hh4b2plus1_QCD2plus1_morph = 0/1), !coefficients=(n_exp_binhh4b2plus1_proc_Signal2plus1_mX_1800 = -1.47947,n_exp_final_binhh4b2plus1_proc_QCD2plus1 = 170.605)
[#0] WARNING:Plotting -- At observable [x]=19.0156 RooAddPdf::pdf_binhh4b2plus1_nuis[ n_exp_binhh4b2plus1_proc_Signal2plus1_mX_1800 * shapeSig_Signal2plus1_mX_1800_hh4b2plus1_rebinPdf + n_exp_final_binhh4b2plus1_proc_QCD2plus1 * shapeBkg_hh4b2plus1_QCD2plus1_morph ]
     p.d.f value is less than zero (-0.002613), forcing value to zero @ !refCoefNorm=(CMS_th1x = 19.0156), !pdfs=(shapeSig_Signal2plus1_mX_1800_hh4b2plus1_rebinPdf = 0.298658/1,shapeBkg_hh4b2plus1_QCD2plus1_morph = 0/1), !coefficients=(n_exp_binhh4b2plus1_proc_Signal2plus1_mX_1800 = -1.47947,n_exp_final_binhh4b2plus1_proc_QCD2plus1 = 170.605)
[#0] WARNING:Plotting -- At observable [x]=19.0469 RooAddPdf::pdf_binhh4b2plus1_nuis[ n_exp_binhh4b2plus1_proc_Signal2plus1_mX_1800 * shapeSig_Signal2plus1_mX_1800_hh4b2plus1_rebinPdf + n_exp_final_binhh4b2plus1_proc_QCD2plus1 * shapeBkg_hh4b2plus1_QCD2plus1_morph ]
     p.d.f value is less than zero (-0.002613), forcing value to zero @ !refCoefNorm=(CMS_th1x = 19.0469), !pdfs=(shapeSig_Signal2plus1_mX_1800_hh4b2plus1_rebinPdf = 0.298658/1,shapeBkg_hh4b2plus1_QCD2plus1_morph = 0/1), !coefficients=(n_exp_binhh4b2plus1_proc_Signal2plus1_mX_1800 = -1.47947,n_exp_final_binhh4b2plus1_proc_QCD2plus1 = 170.605)
[#0] WARNING:Plotting -- At observable [x]=19.0938 RooAddPdf::pdf_binhh4b2plus1_nuis[ n_exp_binhh4b2plus1_proc_Signal2plus1_mX_1800 * shapeSig_Signal2plus1_mX_1800_hh4b2plus1_rebinPdf + n_exp_final_binhh4b2plus1_proc_QCD2plus1 * shapeBkg_hh4b2plus1_QCD2plus1_morph ]
     p.d.f value is less than zero (-0.002613), forcing value to zero @ !refCoefNorm=(CMS_th1x = 19.0938), !pdfs=(shapeSig_Signal2plus1_mX_1800_hh4b2plus1_rebinPdf = 0.298658/1,shapeBkg_hh4b2plus1_QCD2plus1_morph = 0/1), !coefficients=(n_exp_binhh4b2plus1_proc_Signal2plus1_mX_1800 = -1.47947,n_exp_final_binhh4b2plus1_proc_QCD2plus1 = 170.605)
[#0] WARNING:Plotting -- At observable [x]=19.1875 RooAddPdf::pdf_binhh4b2plus1_nuis[ n_exp_binhh4b2plus1_proc_Signal2plus1_mX_1800 * shapeSig_Signal2plus1_mX_1800_hh4b2plus1_rebinPdf + n_exp_final_binhh4b2plus1_proc_QCD2plus1 * shapeBkg_hh4b2plus1_QCD2plus1_morph ]
     p.d.f value is less than zero (-0.002613), forcing value to zero @ !refCoefNorm=(CMS_th1x = 19.1875), !pdfs=(shapeSig_Signal2plus1_mX_1800_hh4b2plus1_rebinPdf = 0.298658/1,shapeBkg_hh4b2plus1_QCD2plus1_morph = 0/1), !coefficients=(n_exp_binhh4b2plus1_proc_Signal2plus1_mX_1800 = -1.47947,n_exp_final_binhh4b2plus1_proc_QCD2plus1 = 170.605)
[#0] WARNING:Plotting -- At observable [x]=19.375 RooAddPdf::pdf_binhh4b2plus1_nuis[ n_exp_binhh4b2plus1_proc_Signal2plus1_mX_1800 * shapeSig_Signal2plus1_mX_1800_hh4b2plus1_rebinPdf + n_exp_final_binhh4b2plus1_proc_QCD2plus1 * shapeBkg_hh4b2plus1_QCD2plus1_morph ]
     p.d.f value is less than zero (-0.002613), forcing value to zero @ !refCoefNorm=(CMS_th1x = 19.375), !pdfs=(shapeSig_Signal2plus1_mX_1800_hh4b2plus1_rebinPdf = 0.298658/1,shapeBkg_hh4b2plus1_QCD2plus1_morph = 0/1), !coefficients=(n_exp_binhh4b2plus1_proc_Signal2plus1_mX_1800 = -1.47947,n_exp_final_binhh4b2plus1_proc_QCD2plus1 = 170.605)
[#0] WARNING:Plotting -- At observable [x]=19.75 RooAddPdf::pdf_binhh4b2plus1_nuis[ n_exp_binhh4b2plus1_proc_Signal2plus1_mX_1800 * shapeSig_Signal2plus1_mX_1800_hh4b2plus1_rebinPdf + n_exp_final_binhh4b2plus1_proc_QCD2plus1 * shapeBkg_hh4b2plus1_QCD2plus1_morph ]
     p.d.f value is less than zero (-0.002613), forcing value to zero @ !refCoefNorm=(CMS_th1x = 19.75), !pdfs=(shapeSig_Signal2plus1_mX_1800_hh4b2plus1_rebinPdf = 0.298658/1,shapeBkg_hh4b2plus1_QCD2plus1_morph = 0/1), !coefficients=(n_exp_binhh4b2plus1_proc_Signal2plus1_mX_1800 = -1.47947,n_exp_final_binhh4b2plus1_proc_QCD2plus1 = 170.605)

 --- MaxLikelihoodFit ---
Best fit r: -2.84297  -2.15703/+7.84297  (68% CL)
nll S+B -> -0.121008  nll B -> 0
Done in 0.02 min (cpu), 0.03 min (real)
