Info in <TCanvas::Print>: png file Limits/sig1000/hh4b2plus1_fit_s.png has been created
Warning in <TFile::Append>: Replacing existing TH1: correlation_matrix (Potential memory leak).
Info in <TCanvas::Print>: png file Limits/sig1000/covariance_fit_s.png has been created
h4b2plus1_plot__CMS_th1x) WARNING: non-integer bin entry 17.8611 with Poisson errors, interpolating between Poisson errors of adjacent integer
[#0] WARNING:Plotting -- RooHist::addBin(hh4b2plus1_plot__CMS_th1x) WARNING: non-integer bin entry 27.0425 with Poisson errors, interpolating between Poisson errors of adjacent integer
[#0] WARNING:Plotting -- RooHist::addBin(hh4b2plus1_plot__CMS_th1x) WARNING: non-integer bin entry 21.0588 with Poisson errors, interpolating between Poisson errors of adjacent integer
[#0] WARNING:Plotting -- RooHist::addBin(hh4b2plus1_plot__CMS_th1x) WARNING: non-integer bin entry 22.6305 with Poisson errors, interpolating between Poisson errors of adjacent integer
[#0] WARNING:Plotting -- RooHist::addBin(hh4b2plus1_plot__CMS_th1x) WARNING: non-integer bin entry 13.1726 with Poisson errors, interpolating between Poisson errors of adjacent integer
[#0] WARNING:Plotting -- RooHist::addBin(hh4b2plus1_plot__CMS_th1x) WARNING: non-integer bin entry 9.71275 with Poisson errors, interpolating between Poisson errors of adjacent integer
[#0] WARNING:Plotting -- RooHist::addBin(hh4b2plus1_plot__CMS_th1x) WARNING: non-integer bin entry 8.44501 with Poisson errors, interpolating between Poisson errors of adjacent integer
[#0] WARNING:Plotting -- RooHist::addBin(hh4b2plus1_plot__CMS_th1x) WARNING: non-integer bin entry 7.75365 with Poisson errors, interpolating between Poisson errors of adjacent integer
[#0] WARNING:Plotting -- RooHist::addBin(hh4b2plus1_plot__CMS_th1x) WARNING: non-integer bin entry 7.39454 with Poisson errors, interpolating between Poisson errors of adjacent integer
[#0] WARNING:Plotting -- RooHist::addBin(hh4b2plus1_plot__CMS_th1x) WARNING: non-integer bin entry 5.42858 with Poisson errors, interpolating between Poisson errors of adjacent integer
[#0] WARNING:Plotting -- RooHist::addBin(hh4b2plus1_plot__CMS_th1x) WARNING: non-integer bin entry 1.5148 with Poisson errors, interpolating between Poisson errors of adjacent integer
[#0] WARNING:Plotting -- RooHist::addBin(hh4b2plus1_plot__CMS_th1x) WARNING: non-integer bin entry 3.42598 with Poisson errors, interpolating between Poisson errors of adjacent integer
[#0] WARNING:Plotting -- RooHist::addBin(hh4b2plus1_plot__CMS_th1x) WARNING: non-integer bin entry 1.57015 with Poisson errors, interpolating between Poisson errors of adjacent integer
[#0] WARNING:Plotting -- RooHist::addBin(hh4b2plus1_plot__CMS_th1x) WARNING: non-integer bin entry 1.1732 with Poisson errors, interpolating between Poisson errors of adjacent integer
[#0] WARNING:Plotting -- RooHist::addBin(hh4b2plus1_plot__CMS_th1x) WARNING: non-integer bin entry 1.93335 with Poisson errors, interpolating between Poisson errors of adjacent integer
[#0] WARNING:Plotting -- RooHist::addBin(hh4b2plus1_plot__CMS_th1x) WARNING: non-integer bin entry 1.16159 with Poisson errors, interpolating between Poisson errors of adjacent integer
[#0] WARNING:Plotting -- RooHist::addBin(hh4b2plus1_plot__CMS_th1x) WARNING: non-integer bin entry 0.394967 with Poisson errors, interpolating between Poisson errors of adjacent integer
[#0] WARNING:Plotting -- RooHist::addBin(hh4b2plus1_plot__CMS_th1x) WARNING: non-integer bin entry 1.52557 with Poisson errors, interpolating between Poisson errors of adjacent integer
[#0] WARNING:Plotting -- RooHist::addBin(hh4b2plus1_plot__CMS_th1x) WARNING: non-integer bin entry 1.12607 with Poisson errors, interpolating between Poisson errors of adjacent integer
[#0] WARNING:Plotting -- RooHist::addBin(hh4b2plus1_plot__CMS_th1x) WARNING: non-integer bin entry 0.769082 with Poisson errors, interpolating between Poisson errors of adjacent integer
[#0] WARNING:Plotting -- RooHist::addBin(hh4b2plus1_plot__CMS_th1x) WARNING: non-integer bin entry 0.404585 with Poisson errors, interpolating between Poisson errors of adjacent integer
[#0] WARNING:Plotting -- RooHist::addBin(hh4b2plus1_plot__CMS_th1x) WARNING: non-integer bin entry 0.379811 with Poisson errors, interpolating between Poisson errors of adjacent integer
[#0] WARNING:Plotting -- RooHist::addBin(hh4b2plus1_plot__CMS_th1x) WARNING: non-integer bin entry 0.375051 with Poisson errors, interpolating between Poisson errors of adjacent integer

 --- MaxLikelihoodFit ---
Best fit r: 0.00244313  -5.00244/+4.99756  (68% CL)
nll S+B -> 0.000249755  nll B -> 0
Done in 0.01 min (cpu), 0.02 min (real)
