Info in <TCanvas::Print>: png file Limits/sig1600/hh4b2plus1_fit_s.png has been created
Warning in <TFile::Append>: Replacing existing TH1: correlation_matrix (Potential memory leak).
Info in <TCanvas::Print>: png file Limits/sig1600/covariance_fit_s.png has been created
hh4b2plus1_plot__CMS_th1x) WARNING: non-integer bin entry 17.8611 with Poisson errors, interpolating between Poisson errors of adjacent integer
[#0] WARNING:Plotting -- RooHist::addBin(hh4b2plus1_plot__CMS_th1x) WARNING: non-integer bin entry 27.0425 with Poisson errors, interpolating between Poisson errors of adjacent integer
[#0] WARNING:Plotting -- RooHist::addBin(hh4b2plus1_plot__CMS_th1x) WARNING: non-integer bin entry 21.0588 with Poisson errors, interpolating between Poisson errors of adjacent integer
[#0] WARNING:Plotting -- RooHist::addBin(hh4b2plus1_plot__CMS_th1x) WARNING: non-integer bin entry 22.6305 with Poisson errors, interpolating between Poisson errors of adjacent integer
[#0] WARNING:Plotting -- RooHist::addBin(hh4b2plus1_plot__CMS_th1x) WARNING: non-integer bin entry 13.1726 with Poisson errors, interpolating between Poisson errors of adjacent integer
[#0] WARNING:Plotting -- RooHist::addBin(hh4b2plus1_plot__CMS_th1x) WARNING: non-integer bin entry 9.71275 with Poisson errors, interpolating between Poisson errors of adjacent integer
[#0] WARNING:Plotting -- RooHist::addBin(hh4b2plus1_plot__CMS_th1x) WARNING: non-integer bin entry 8.44501 with Poisson errors, interpolating between Poisson errors of adjacent integer
[#0] WARNING:Plotting -- RooHist::addBin(hh4b2plus1_plot__CMS_th1x) WARNING: non-integer bin entry 7.75365 with Poisson errors, interpolating between Poisson errors of adjacent integer
[#0] WARNING:Plotting -- RooHist::addBin(hh4b2plus1_plot__CMS_th1x) WARNING: non-integer bin entry 7.39454 with Poisson errors, interpolating between Poisson errors of adjacent integer
[#0] WARNING:Plotting -- RooHist::addBin(hh4b2plus1_plot__CMS_th1x) WARNING: non-integer bin entry 5.42858 with Poisson errors, interpolating between Poisson errors of adjacent integer
[#0] WARNING:Plotting -- RooHist::addBin(hh4b2plus1_plot__CMS_th1x) WARNING: non-integer bin entry 1.5148 with Poisson errors, interpolating between Poisson errors of adjacent integer
[#0] WARNING:Plotting -- RooHist::addBin(hh4b2plus1_plot__CMS_th1x) WARNING: non-integer bin entry 3.42598 with Poisson errors, interpolating between Poisson errors of adjacent integer
[#0] WARNING:Plotting -- RooHist::addBin(hh4b2plus1_plot__CMS_th1x) WARNING: non-integer bin entry 1.57015 with Poisson errors, interpolating between Poisson errors of adjacent integer
[#0] WARNING:Plotting -- RooHist::addBin(hh4b2plus1_plot__CMS_th1x) WARNING: non-integer bin entry 1.1732 with Poisson errors, interpolating between Poisson errors of adjacent integer
[#0] WARNING:Plotting -- RooHist::addBin(hh4b2plus1_plot__CMS_th1x) WARNING: non-integer bin entry 1.93335 with Poisson errors, interpolating between Poisson errors of adjacent integer
[#0] WARNING:Plotting -- RooHist::addBin(hh4b2plus1_plot__CMS_th1x) WARNING: non-integer bin entry 1.16159 with Poisson errors, interpolating between Poisson errors of adjacent integer
[#0] WARNING:Plotting -- RooHist::addBin(hh4b2plus1_plot__CMS_th1x) WARNING: non-integer bin entry 0.394967 with Poisson errors, interpolating between Poisson errors of adjacent integer
[#0] WARNING:Plotting -- RooHist::addBin(hh4b2plus1_plot__CMS_th1x) WARNING: non-integer bin entry 1.52557 with Poisson errors, interpolating between Poisson errors of adjacent integer
[#0] WARNING:Plotting -- RooHist::addBin(hh4b2plus1_plot__CMS_th1x) WARNING: non-integer bin entry 1.12607 with Poisson errors, interpolating between Poisson errors of adjacent integer
[#0] WARNING:Plotting -- RooHist::addBin(hh4b2plus1_plot__CMS_th1x) WARNING: non-integer bin entry 0.769082 with Poisson errors, interpolating between Poisson errors of adjacent integer
[#0] WARNING:Plotting -- RooHist::addBin(hh4b2plus1_plot__CMS_th1x) WARNING: non-integer bin entry 0.404585 with Poisson errors, interpolating between Poisson errors of adjacent integer
[#0] WARNING:Plotting -- RooHist::addBin(hh4b2plus1_plot__CMS_th1x) WARNING: non-integer bin entry 0.379811 with Poisson errors, interpolating between Poisson errors of adjacent integer
[#0] WARNING:Plotting -- RooHist::addBin(hh4b2plus1_plot__CMS_th1x) WARNING: non-integer bin entry 0.375051 with Poisson errors, interpolating between Poisson errors of adjacent integer
[#0] ERROR:Eval -- RooAbsReal::logEvalError(pdf_binhh4b2plus1_nuis) evaluation error, 
 origin       : RooAddPdf::pdf_binhh4b2plus1_nuis[ n_exp_binhh4b2plus1_proc_Signal2plus1_mX_1600 * shapeSig_Signal2plus1_mX_1600_hh4b2plus1_rebinPdf + n_exp_final_binhh4b2plus1_proc_QCD2plus1 * shapeBkg_hh4b2plus1_QCD2plus1_morph ]
 message      : p.d.f value is less than zero (-0.000001), forcing value to zero
 server values: !refCoefNorm=(), !pdfs=(shapeSig_Signal2plus1_mX_1600_hh4b2plus1_rebinPdf = 0.0194548,shapeBkg_hh4b2plus1_QCD2plus1_morph = 0.0203473), !coefficients=(n_exp_binhh4b2plus1_proc_Signal2plus1_mX_1600 = -0.00687296,n_exp_final_binhh4b2plus1_proc_QCD2plus1 = 168.356)
[#0] ERROR:Eval -- RooAbsReal::logEvalError(pdf_binhh4b2plus1_nuis) evaluation error, 
 origin       : RooAddPdf::pdf_binhh4b2plus1_nuis[ n_exp_binhh4b2plus1_proc_Signal2plus1_mX_1600 * shapeSig_Signal2plus1_mX_1600_hh4b2plus1_rebinPdf + n_exp_final_binhh4b2plus1_proc_QCD2plus1 * shapeBkg_hh4b2plus1_QCD2plus1_morph ]
 message      : p.d.f value is less than zero (-0.000001), forcing value to zero
 server values: !refCoefNorm=(), !pdfs=(shapeSig_Signal2plus1_mX_1600_hh4b2plus1_rebinPdf = 0.0194548,shapeBkg_hh4b2plus1_QCD2plus1_morph = 0.0203473), !coefficients=(n_exp_binhh4b2plus1_proc_Signal2plus1_mX_1600 = -0.00687296,n_exp_final_binhh4b2plus1_proc_QCD2plus1 = 168.356)
[#0] ERROR:Eval -- RooAbsReal::logEvalError(pdf_binhh4b2plus1_nuis) evaluation error, 
 origin       : RooAddPdf::pdf_binhh4b2plus1_nuis[ n_exp_binhh4b2plus1_proc_Signal2plus1_mX_1600 * shapeSig_Signal2plus1_mX_1600_hh4b2plus1_rebinPdf + n_exp_final_binhh4b2plus1_proc_QCD2plus1 * shapeBkg_hh4b2plus1_QCD2plus1_morph ]
 message      : p.d.f value is less than zero (-0.000001), forcing value to zero
 server values: !refCoefNorm=(), !pdfs=(shapeSig_Signal2plus1_mX_1600_hh4b2plus1_rebinPdf = 0.0194548/1,shapeBkg_hh4b2plus1_QCD2plus1_morph = 0.0203473/1), !coefficients=(n_exp_binhh4b2plus1_proc_Signal2plus1_mX_1600 = -0.00687296,n_exp_final_binhh4b2plus1_proc_QCD2plus1 = 168.356)
[#0] WARNING:Plotting -- At observable [x]=1 RooAddPdf::pdf_binhh4b2plus1_nuis[ n_exp_binhh4b2plus1_proc_Signal2plus1_mX_1600 * shapeSig_Signal2plus1_mX_1600_hh4b2plus1_rebinPdf + n_exp_final_binhh4b2plus1_proc_QCD2plus1 * shapeBkg_hh4b2plus1_QCD2plus1_morph ]
     p.d.f value is less than zero (-0.000000), forcing value to zero @ !refCoefNorm=(CMS_th1x = 1), !pdfs=(shapeSig_Signal2plus1_mX_1600_hh4b2plus1_rebinPdf = 1e-09/1,shapeBkg_hh4b2plus1_QCD2plus1_morph = 0.0719476/1), !coefficients=(n_exp_binhh4b2plus1_proc_Signal2plus1_mX_1600 = -0.00687296,n_exp_final_binhh4b2plus1_proc_QCD2plus1 = 168.356)
[#0] WARNING:Plotting -- At observable [x]=2 RooAddPdf::pdf_binhh4b2plus1_nuis[ n_exp_binhh4b2plus1_proc_Signal2plus1_mX_1600 * shapeSig_Signal2plus1_mX_1600_hh4b2plus1_rebinPdf + n_exp_final_binhh4b2plus1_proc_QCD2plus1 * shapeBkg_hh4b2plus1_QCD2plus1_morph ]
     p.d.f value is less than zero (-0.000000), forcing value to zero @ !refCoefNorm=(CMS_th1x = 2), !pdfs=(shapeSig_Signal2plus1_mX_1600_hh4b2plus1_rebinPdf = 1e-09/1,shapeBkg_hh4b2plus1_QCD2plus1_morph = 0.106089/1), !coefficients=(n_exp_binhh4b2plus1_proc_Signal2plus1_mX_1600 = -0.00687296,n_exp_final_binhh4b2plus1_proc_QCD2plus1 = 168.356)
[#0] WARNING:Plotting -- At observable [x]=3 RooAddPdf::pdf_binhh4b2plus1_nuis[ n_exp_binhh4b2plus1_proc_Signal2plus1_mX_1600 * shapeSig_Signal2plus1_mX_1600_hh4b2plus1_rebinPdf + n_exp_final_binhh4b2plus1_proc_QCD2plus1 * shapeBkg_hh4b2plus1_QCD2plus1_morph ]
     p.d.f value is less than zero (-0.000000), forcing value to zero @ !refCoefNorm=(CMS_th1x = 3), !pdfs=(shapeSig_Signal2plus1_mX_1600_hh4b2plus1_rebinPdf = 0.000484867/1,shapeBkg_hh4b2plus1_QCD2plus1_morph = 0.160645/1), !coefficients=(n_exp_binhh4b2plus1_proc_Signal2plus1_mX_1600 = -0.00687296,n_exp_final_binhh4b2plus1_proc_QCD2plus1 = 168.356)
[#0] WARNING:Plotting -- At observable [x]=4 RooAddPdf::pdf_binhh4b2plus1_nuis[ n_exp_binhh4b2plus1_proc_Signal2plus1_mX_1600 * shapeSig_Signal2plus1_mX_1600_hh4b2plus1_rebinPdf + n_exp_final_binhh4b2plus1_proc_QCD2plus1 * shapeBkg_hh4b2plus1_QCD2plus1_morph ]
     p.d.f value is less than zero (-0.000000), forcing value to zero @ !refCoefNorm=(CMS_th1x = 4), !pdfs=(shapeSig_Signal2plus1_mX_1600_hh4b2plus1_rebinPdf = 1e-09/1,shapeBkg_hh4b2plus1_QCD2plus1_morph = 0.125084/1), !coefficients=(n_exp_binhh4b2plus1_proc_Signal2plus1_mX_1600 = -0.00687296,n_exp_final_binhh4b2plus1_proc_QCD2plus1 = 168.356)
[#0] WARNING:Plotting -- At observable [x]=5 RooAddPdf::pdf_binhh4b2plus1_nuis[ n_exp_binhh4b2plus1_proc_Signal2plus1_mX_1600 * shapeSig_Signal2plus1_mX_1600_hh4b2plus1_rebinPdf + n_exp_final_binhh4b2plus1_proc_QCD2plus1 * shapeBkg_hh4b2plus1_QCD2plus1_morph ]
     p.d.f value is less than zero (-0.000000), forcing value to zero @ !refCoefNorm=(CMS_th1x = 5), !pdfs=(shapeSig_Signal2plus1_mX_1600_hh4b2plus1_rebinPdf = 1e-09/1,shapeBkg_hh4b2plus1_QCD2plus1_morph = 0.134399/1), !coefficients=(n_exp_binhh4b2plus1_proc_Signal2plus1_mX_1600 = -0.00687296,n_exp_final_binhh4b2plus1_proc_QCD2plus1 = 168.356)
[#0] WARNING:Plotting -- At observable [x]=6 RooAddPdf::pdf_binhh4b2plus1_nuis[ n_exp_binhh4b2plus1_proc_Signal2plus1_mX_1600 * shapeSig_Signal2plus1_mX_1600_hh4b2plus1_rebinPdf + n_exp_final_binhh4b2plus1_proc_QCD2plus1 * shapeBkg_hh4b2plus1_QCD2plus1_morph ]
     p.d.f value is less than zero (-0.000000), forcing value to zero @ !refCoefNorm=(CMS_th1x = 6), !pdfs=(shapeSig_Signal2plus1_mX_1600_hh4b2plus1_rebinPdf = 0.000809558/1,shapeBkg_hh4b2plus1_QCD2plus1_morph = 0.078228/1), !coefficients=(n_exp_binhh4b2plus1_proc_Signal2plus1_mX_1600 = -0.00687296,n_exp_final_binhh4b2plus1_proc_QCD2plus1 = 168.356)
[#0] WARNING:Plotting -- At observable [x]=7 RooAddPdf::pdf_binhh4b2plus1_nuis[ n_exp_binhh4b2plus1_proc_Signal2plus1_mX_1600 * shapeSig_Signal2plus1_mX_1600_hh4b2plus1_rebinPdf + n_exp_final_binhh4b2plus1_proc_QCD2plus1 * shapeBkg_hh4b2plus1_QCD2plus1_morph ]
     p.d.f value is less than zero (-0.000000), forcing value to zero @ !refCoefNorm=(CMS_th1x = 7), !pdfs=(shapeSig_Signal2plus1_mX_1600_hh4b2plus1_rebinPdf = 0.00044736/1,shapeBkg_hh4b2plus1_QCD2plus1_morph = 0.0576813/1), !coefficients=(n_exp_binhh4b2plus1_proc_Signal2plus1_mX_1600 = -0.00687296,n_exp_final_binhh4b2plus1_proc_QCD2plus1 = 168.356)
[#0] WARNING:Plotting -- At observable [x]=8 RooAddPdf::pdf_binhh4b2plus1_nuis[ n_exp_binhh4b2plus1_proc_Signal2plus1_mX_1600 * shapeSig_Signal2plus1_mX_1600_hh4b2plus1_rebinPdf + n_exp_final_binhh4b2plus1_proc_QCD2plus1 * shapeBkg_hh4b2plus1_QCD2plus1_morph ]
     p.d.f value is less than zero (-0.000000), forcing value to zero @ !refCoefNorm=(CMS_th1x = 8), !pdfs=(shapeSig_Signal2plus1_mX_1600_hh4b2plus1_rebinPdf = 0.000554621/1,shapeBkg_hh4b2plus1_QCD2plus1_morph = 0.0501526/1), !coefficients=(n_exp_binhh4b2plus1_proc_Signal2plus1_mX_1600 = -0.00687296,n_exp_final_binhh4b2plus1_proc_QCD2plus1 = 168.356)
[#0] WARNING:Plotting -- At observable [x]=9 RooAddPdf::pdf_binhh4b2plus1_nuis[ n_exp_binhh4b2plus1_proc_Signal2plus1_mX_1600 * shapeSig_Signal2plus1_mX_1600_hh4b2plus1_rebinPdf + n_exp_final_binhh4b2plus1_proc_QCD2plus1 * shapeBkg_hh4b2plus1_QCD2plus1_morph ]
     p.d.f value is less than zero (-0.000000), forcing value to zero @ !refCoefNorm=(CMS_th1x = 9), !pdfs=(shapeSig_Signal2plus1_mX_1600_hh4b2plus1_rebinPdf = 0.00316095/1,shapeBkg_hh4b2plus1_QCD2plus1_morph = 0.0460497/1), !coefficients=(n_exp_binhh4b2plus1_proc_Signal2plus1_mX_1600 = -0.00687296,n_exp_final_binhh4b2plus1_proc_QCD2plus1 = 168.356)
[#0] WARNING:Plotting -- At observable [x]=10 RooAddPdf::pdf_binhh4b2plus1_nuis[ n_exp_binhh4b2plus1_proc_Signal2plus1_mX_1600 * shapeSig_Signal2plus1_mX_1600_hh4b2plus1_rebinPdf + n_exp_final_binhh4b2plus1_proc_QCD2plus1 * shapeBkg_hh4b2plus1_QCD2plus1_morph ]
     p.d.f value is less than zero (-0.000000), forcing value to zero @ !refCoefNorm=(CMS_th1x = 10), !pdfs=(shapeSig_Signal2plus1_mX_1600_hh4b2plus1_rebinPdf = 0.000407735/1,shapeBkg_hh4b2plus1_QCD2plus1_morph = 0.0439169/1), !coefficients=(n_exp_binhh4b2plus1_proc_Signal2plus1_mX_1600 = -0.00687296,n_exp_final_binhh4b2plus1_proc_QCD2plus1 = 168.356)
[#0] WARNING:Plotting -- At observable [x]=11 RooAddPdf::pdf_binhh4b2plus1_nuis[ n_exp_binhh4b2plus1_proc_Signal2plus1_mX_1600 * shapeSig_Signal2plus1_mX_1600_hh4b2plus1_rebinPdf + n_exp_final_binhh4b2plus1_proc_QCD2plus1 * shapeBkg_hh4b2plus1_QCD2plus1_morph ]
     p.d.f value is less than zero (-0.000000), forcing value to zero @ !refCoefNorm=(CMS_th1x = 11), !pdfs=(shapeSig_Signal2plus1_mX_1600_hh4b2plus1_rebinPdf = 1e-09/1,shapeBkg_hh4b2plus1_QCD2plus1_morph = 0.0322408/1), !coefficients=(n_exp_binhh4b2plus1_proc_Signal2plus1_mX_1600 = -0.00687296,n_exp_final_binhh4b2plus1_proc_QCD2plus1 = 168.356)
[#0] WARNING:Plotting -- At observable [x]=12 RooAddPdf::pdf_binhh4b2plus1_nuis[ n_exp_binhh4b2plus1_proc_Signal2plus1_mX_1600 * shapeSig_Signal2plus1_mX_1600_hh4b2plus1_rebinPdf + n_exp_final_binhh4b2plus1_proc_QCD2plus1 * shapeBkg_hh4b2plus1_QCD2plus1_morph ]
     p.d.f value is less than zero (-0.000000), forcing value to zero @ !refCoefNorm=(CMS_th1x = 12), !pdfs=(shapeSig_Signal2plus1_mX_1600_hh4b2plus1_rebinPdf = 0.00501542/1,shapeBkg_hh4b2plus1_QCD2plus1_morph = 0.00899649/1), !coefficients=(n_exp_binhh4b2plus1_proc_Signal2plus1_mX_1600 = -0.00687296,n_exp_final_binhh4b2plus1_proc_QCD2plus1 = 168.356)
[#0] WARNING:Plotting -- At observable [x]=13 RooAddPdf::pdf_binhh4b2plus1_nuis[ n_exp_binhh4b2plus1_proc_Signal2plus1_mX_1600 * shapeSig_Signal2plus1_mX_1600_hh4b2plus1_rebinPdf + n_exp_final_binhh4b2plus1_proc_QCD2plus1 * shapeBkg_hh4b2plus1_QCD2plus1_morph ]
     p.d.f value is less than zero (-0.000001), forcing value to zero @ !refCoefNorm=(CMS_th1x = 13), !pdfs=(shapeSig_Signal2plus1_mX_1600_hh4b2plus1_rebinPdf = 0.0194548/1,shapeBkg_hh4b2plus1_QCD2plus1_morph = 0.0203473/1), !coefficients=(n_exp_binhh4b2plus1_proc_Signal2plus1_mX_1600 = -0.00687296,n_exp_final_binhh4b2plus1_proc_QCD2plus1 = 168.356)
[#0] WARNING:Plotting -- At observable [x]=14 RooAddPdf::pdf_binhh4b2plus1_nuis[ n_exp_binhh4b2plus1_proc_Signal2plus1_mX_1600 * shapeSig_Signal2plus1_mX_1600_hh4b2plus1_rebinPdf + n_exp_final_binhh4b2plus1_proc_QCD2plus1 * shapeBkg_hh4b2plus1_QCD2plus1_morph ]
     p.d.f value is less than zero (-0.000003), forcing value to zero @ !refCoefNorm=(CMS_th1x = 14), !pdfs=(shapeSig_Signal2plus1_mX_1600_hh4b2plus1_rebinPdf = 0.0634942/1,shapeBkg_hh4b2plus1_QCD2plus1_morph = 0.00932517/1), !coefficients=(n_exp_binhh4b2plus1_proc_Signal2plus1_mX_1600 = -0.00687296,n_exp_final_binhh4b2plus1_proc_QCD2plus1 = 168.356)
[#0] WARNING:Plotting -- At observable [x]=15 RooAddPdf::pdf_binhh4b2plus1_nuis[ n_exp_binhh4b2plus1_proc_Signal2plus1_mX_1600 * shapeSig_Signal2plus1_mX_1600_hh4b2plus1_rebinPdf + n_exp_final_binhh4b2plus1_proc_QCD2plus1 * shapeBkg_hh4b2plus1_QCD2plus1_morph ]
     p.d.f value is less than zero (-0.000006), forcing value to zero @ !refCoefNorm=(CMS_th1x = 15), !pdfs=(shapeSig_Signal2plus1_mX_1600_hh4b2plus1_rebinPdf = 0.143242/1,shapeBkg_hh4b2plus1_QCD2plus1_morph = 0.0069677/1), !coefficients=(n_exp_binhh4b2plus1_proc_Signal2plus1_mX_1600 = -0.00687296,n_exp_final_binhh4b2plus1_proc_QCD2plus1 = 168.356)
[#0] WARNING:Plotting -- At observable [x]=16 RooAddPdf::pdf_binhh4b2plus1_nuis[ n_exp_binhh4b2plus1_proc_Signal2plus1_mX_1600 * shapeSig_Signal2plus1_mX_1600_hh4b2plus1_rebinPdf + n_exp_final_binhh4b2plus1_proc_QCD2plus1 * shapeBkg_hh4b2plus1_QCD2plus1_morph ]
     p.d.f value is less than zero (-0.000011), forcing value to zero @ !refCoefNorm=(CMS_th1x = 16), !pdfs=(shapeSig_Signal2plus1_mX_1600_hh4b2plus1_rebinPdf = 0.259143/1,shapeBkg_hh4b2plus1_QCD2plus1_morph = 0.0114823/1), !coefficients=(n_exp_binhh4b2plus1_proc_Signal2plus1_mX_1600 = -0.00687296,n_exp_final_binhh4b2plus1_proc_QCD2plus1 = 168.356)
[#0] WARNING:Plotting -- At observable [x]=17 RooAddPdf::pdf_binhh4b2plus1_nuis[ n_exp_binhh4b2plus1_proc_Signal2plus1_mX_1600 * shapeSig_Signal2plus1_mX_1600_hh4b2plus1_rebinPdf + n_exp_final_binhh4b2plus1_proc_QCD2plus1 * shapeBkg_hh4b2plus1_QCD2plus1_morph ]
     p.d.f value is less than zero (-0.000013), forcing value to zero @ !refCoefNorm=(CMS_th1x = 17), !pdfs=(shapeSig_Signal2plus1_mX_1600_hh4b2plus1_rebinPdf = 0.317865/1,shapeBkg_hh4b2plus1_QCD2plus1_morph = 0.00689879/1), !coefficients=(n_exp_binhh4b2plus1_proc_Signal2plus1_mX_1600 = -0.00687296,n_exp_final_binhh4b2plus1_proc_QCD2plus1 = 168.356)
[#0] WARNING:Plotting -- At observable [x]=18 RooAddPdf::pdf_binhh4b2plus1_nuis[ n_exp_binhh4b2plus1_proc_Signal2plus1_mX_1600 * shapeSig_Signal2plus1_mX_1600_hh4b2plus1_rebinPdf + n_exp_final_binhh4b2plus1_proc_QCD2plus1 * shapeBkg_hh4b2plus1_QCD2plus1_morph ]
     p.d.f value is less than zero (-0.000006), forcing value to zero @ !refCoefNorm=(CMS_th1x = 18), !pdfs=(shapeSig_Signal2plus1_mX_1600_hh4b2plus1_rebinPdf = 0.156146/1,shapeBkg_hh4b2plus1_QCD2plus1_morph = 0.00234572/1), !coefficients=(n_exp_binhh4b2plus1_proc_Signal2plus1_mX_1600 = -0.00687296,n_exp_final_binhh4b2plus1_proc_QCD2plus1 = 168.356)
[#0] WARNING:Plotting -- At observable [x]=19 RooAddPdf::pdf_binhh4b2plus1_nuis[ n_exp_binhh4b2plus1_proc_Signal2plus1_mX_1600 * shapeSig_Signal2plus1_mX_1600_hh4b2plus1_rebinPdf + n_exp_final_binhh4b2plus1_proc_QCD2plus1 * shapeBkg_hh4b2plus1_QCD2plus1_morph ]
     p.d.f value is less than zero (-0.000001), forcing value to zero @ !refCoefNorm=(CMS_th1x = 19), !pdfs=(shapeSig_Signal2plus1_mX_1600_hh4b2plus1_rebinPdf = 0.0280234/1,shapeBkg_hh4b2plus1_QCD2plus1_morph = 0.00906041/1), !coefficients=(n_exp_binhh4b2plus1_proc_Signal2plus1_mX_1600 = -0.00687296,n_exp_final_binhh4b2plus1_proc_QCD2plus1 = 168.356)
[#0] WARNING:Plotting -- At observable [x]=20 RooAddPdf::pdf_binhh4b2plus1_nuis[ n_exp_binhh4b2plus1_proc_Signal2plus1_mX_1600 * shapeSig_Signal2plus1_mX_1600_hh4b2plus1_rebinPdf + n_exp_final_binhh4b2plus1_proc_QCD2plus1 * shapeBkg_hh4b2plus1_QCD2plus1_morph ]
     p.d.f value is less than zero (-0.000000), forcing value to zero @ !refCoefNorm=(CMS_th1x = 20), !pdfs=(shapeSig_Signal2plus1_mX_1600_hh4b2plus1_rebinPdf = 0.00119389/1,shapeBkg_hh4b2plus1_QCD2plus1_morph = 0/1), !coefficients=(n_exp_binhh4b2plus1_proc_Signal2plus1_mX_1600 = -0.00687296,n_exp_final_binhh4b2plus1_proc_QCD2plus1 = 168.356)
[#0] WARNING:Plotting -- At observable [x]=21 RooAddPdf::pdf_binhh4b2plus1_nuis[ n_exp_binhh4b2plus1_proc_Signal2plus1_mX_1600 * shapeSig_Signal2plus1_mX_1600_hh4b2plus1_rebinPdf + n_exp_final_binhh4b2plus1_proc_QCD2plus1 * shapeBkg_hh4b2plus1_QCD2plus1_morph ]
     p.d.f value is less than zero (-0.000000), forcing value to zero @ !refCoefNorm=(CMS_th1x = 21), !pdfs=(shapeSig_Signal2plus1_mX_1600_hh4b2plus1_rebinPdf = 0.00055707/1,shapeBkg_hh4b2plus1_QCD2plus1_morph = 0.0066878/1), !coefficients=(n_exp_binhh4b2plus1_proc_Signal2plus1_mX_1600 = -0.00687296,n_exp_final_binhh4b2plus1_proc_QCD2plus1 = 168.356)
[#0] WARNING:Plotting -- At observable [x]=22 RooAddPdf::pdf_binhh4b2plus1_nuis[ n_exp_binhh4b2plus1_proc_Signal2plus1_mX_1600 * shapeSig_Signal2plus1_mX_1600_hh4b2plus1_rebinPdf + n_exp_final_binhh4b2plus1_proc_QCD2plus1 * shapeBkg_hh4b2plus1_QCD2plus1_morph ]
     p.d.f value is less than zero (-0.000000), forcing value to zero @ !refCoefNorm=(CMS_th1x = 22), !pdfs=(shapeSig_Signal2plus1_mX_1600_hh4b2plus1_rebinPdf = 1e-09/1,shapeBkg_hh4b2plus1_QCD2plus1_morph = 0.00456762/1), !coefficients=(n_exp_binhh4b2plus1_proc_Signal2plus1_mX_1600 = -0.00687296,n_exp_final_binhh4b2plus1_proc_QCD2plus1 = 168.356)
[#0] WARNING:Plotting -- At observable [x]=23 RooAddPdf::pdf_binhh4b2plus1_nuis[ n_exp_binhh4b2plus1_proc_Signal2plus1_mX_1600 * shapeSig_Signal2plus1_mX_1600_hh4b2plus1_rebinPdf + n_exp_final_binhh4b2plus1_proc_QCD2plus1 * shapeBkg_hh4b2plus1_QCD2plus1_morph ]
     p.d.f value is less than zero (-0.000000), forcing value to zero @ !refCoefNorm=(CMS_th1x = 23), !pdfs=(shapeSig_Signal2plus1_mX_1600_hh4b2plus1_rebinPdf = 1e-09/1,shapeBkg_hh4b2plus1_QCD2plus1_morph = 0.00240287/1), !coefficients=(n_exp_binhh4b2plus1_proc_Signal2plus1_mX_1600 = -0.00687296,n_exp_final_binhh4b2plus1_proc_QCD2plus1 = 168.356)
[#0] WARNING:Plotting -- At observable [x]=24 RooAddPdf::pdf_binhh4b2plus1_nuis[ n_exp_binhh4b2plus1_proc_Signal2plus1_mX_1600 * shapeSig_Signal2plus1_mX_1600_hh4b2plus1_rebinPdf + n_exp_final_binhh4b2plus1_proc_QCD2plus1 * shapeBkg_hh4b2plus1_QCD2plus1_morph ]
     p.d.f value is less than zero (-0.000000), forcing value to zero @ !refCoefNorm=(CMS_th1x = 24), !pdfs=(shapeSig_Signal2plus1_mX_1600_hh4b2plus1_rebinPdf = 1e-09/1,shapeBkg_hh4b2plus1_QCD2plus1_morph = 0.0022557/1), !coefficients=(n_exp_binhh4b2plus1_proc_Signal2plus1_mX_1600 = -0.00687296,n_exp_final_binhh4b2plus1_proc_QCD2plus1 = 168.356)
[#0] WARNING:Plotting -- At observable [x]=25 RooAddPdf::pdf_binhh4b2plus1_nuis[ n_exp_binhh4b2plus1_proc_Signal2plus1_mX_1600 * shapeSig_Signal2plus1_mX_1600_hh4b2plus1_rebinPdf + n_exp_final_binhh4b2plus1_proc_QCD2plus1 * shapeBkg_hh4b2plus1_QCD2plus1_morph ]
     p.d.f value is less than zero (-0.000000), forcing value to zero @ !refCoefNorm=(CMS_th1x = 25), !pdfs=(shapeSig_Signal2plus1_mX_1600_hh4b2plus1_rebinPdf = 1e-09/1,shapeBkg_hh4b2plus1_QCD2plus1_morph = 0.00222744/1), !coefficients=(n_exp_binhh4b2plus1_proc_Signal2plus1_mX_1600 = -0.00687296,n_exp_final_binhh4b2plus1_proc_QCD2plus1 = 168.356)
[#0] WARNING:Plotting -- At observable [x]=0.5 RooAddPdf::pdf_binhh4b2plus1_nuis[ n_exp_binhh4b2plus1_proc_Signal2plus1_mX_1600 * shapeSig_Signal2plus1_mX_1600_hh4b2plus1_rebinPdf + n_exp_final_binhh4b2plus1_proc_QCD2plus1 * shapeBkg_hh4b2plus1_QCD2plus1_morph ]
     p.d.f value is less than zero (-0.000000), forcing value to zero @ !refCoefNorm=(CMS_th1x = 0.5), !pdfs=(shapeSig_Signal2plus1_mX_1600_hh4b2plus1_rebinPdf = 1e-09/1,shapeBkg_hh4b2plus1_QCD2plus1_morph = 0.0719476/1), !coefficients=(n_exp_binhh4b2plus1_proc_Signal2plus1_mX_1600 = -0.00687296,n_exp_final_binhh4b2plus1_proc_QCD2plus1 = 168.356)
[#0] WARNING:Plotting -- At observable [x]=1.5 RooAddPdf::pdf_binhh4b2plus1_nuis[ n_exp_binhh4b2plus1_proc_Signal2plus1_mX_1600 * shapeSig_Signal2plus1_mX_1600_hh4b2plus1_rebinPdf + n_exp_final_binhh4b2plus1_proc_QCD2plus1 * shapeBkg_hh4b2plus1_QCD2plus1_morph ]
     p.d.f value is less than zero (-0.000000), forcing value to zero @ !refCoefNorm=(CMS_th1x = 1.5), !pdfs=(shapeSig_Signal2plus1_mX_1600_hh4b2plus1_rebinPdf = 1e-09/1,shapeBkg_hh4b2plus1_QCD2plus1_morph = 0.106089/1), !coefficients=(n_exp_binhh4b2plus1_proc_Signal2plus1_mX_1600 = -0.00687296,n_exp_final_binhh4b2plus1_proc_QCD2plus1 = 168.356)
[#0] WARNING:Plotting -- At observable [x]=2.5 RooAddPdf::pdf_binhh4b2plus1_nuis[ n_exp_binhh4b2plus1_proc_Signal2plus1_mX_1600 * shapeSig_Signal2plus1_mX_1600_hh4b2plus1_rebinPdf + n_exp_final_binhh4b2plus1_proc_QCD2plus1 * shapeBkg_hh4b2plus1_QCD2plus1_morph ]
     p.d.f value is less than zero (-0.000000), forcing value to zero @ !refCoefNorm=(CMS_th1x = 2.5), !pdfs=(shapeSig_Signal2plus1_mX_1600_hh4b2plus1_rebinPdf = 0.000484867/1,shapeBkg_hh4b2plus1_QCD2plus1_morph = 0.160645/1), !coefficients=(n_exp_binhh4b2plus1_proc_Signal2plus1_mX_1600 = -0.00687296,n_exp_final_binhh4b2plus1_proc_QCD2plus1 = 168.356)
[#0] WARNING:Plotting -- At observable [x]=3.5 RooAddPdf::pdf_binhh4b2plus1_nuis[ n_exp_binhh4b2plus1_proc_Signal2plus1_mX_1600 * shapeSig_Signal2plus1_mX_1600_hh4b2plus1_rebinPdf + n_exp_final_binhh4b2plus1_proc_QCD2plus1 * shapeBkg_hh4b2plus1_QCD2plus1_morph ]
     p.d.f value is less than zero (-0.000000), forcing value to zero @ !refCoefNorm=(CMS_th1x = 3.5), !pdfs=(shapeSig_Signal2plus1_mX_1600_hh4b2plus1_rebinPdf = 1e-09/1,shapeBkg_hh4b2plus1_QCD2plus1_morph = 0.125084/1), !coefficients=(n_exp_binhh4b2plus1_proc_Signal2plus1_mX_1600 = -0.00687296,n_exp_final_binhh4b2plus1_proc_QCD2plus1 = 168.356)
[#0] WARNING:Plotting -- At observable [x]=4.5 RooAddPdf::pdf_binhh4b2plus1_nuis[ n_exp_binhh4b2plus1_proc_Signal2plus1_mX_1600 * shapeSig_Signal2plus1_mX_1600_hh4b2plus1_rebinPdf + n_exp_final_binhh4b2plus1_proc_QCD2plus1 * shapeBkg_hh4b2plus1_QCD2plus1_morph ]
     p.d.f value is less than zero (-0.000000), forcing value to zero @ !refCoefNorm=(CMS_th1x = 4.5), !pdfs=(shapeSig_Signal2plus1_mX_1600_hh4b2plus1_rebinPdf = 1e-09/1,shapeBkg_hh4b2plus1_QCD2plus1_morph = 0.134399/1), !coefficients=(n_exp_binhh4b2plus1_proc_Signal2plus1_mX_1600 = -0.00687296,n_exp_final_binhh4b2plus1_proc_QCD2plus1 = 168.356)
[#0] WARNING:Plotting -- At observable [x]=5.5 RooAddPdf::pdf_binhh4b2plus1_nuis[ n_exp_binhh4b2plus1_proc_Signal2plus1_mX_1600 * shapeSig_Signal2plus1_mX_1600_hh4b2plus1_rebinPdf + n_exp_final_binhh4b2plus1_proc_QCD2plus1 * shapeBkg_hh4b2plus1_QCD2plus1_morph ]
     p.d.f value is less than zero (-0.000000), forcing value to zero @ !refCoefNorm=(CMS_th1x = 5.5), !pdfs=(shapeSig_Signal2plus1_mX_1600_hh4b2plus1_rebinPdf = 0.000809558/1,shapeBkg_hh4b2plus1_QCD2plus1_morph = 0.078228/1), !coefficients=(n_exp_binhh4b2plus1_proc_Signal2plus1_mX_1600 = -0.00687296,n_exp_final_binhh4b2plus1_proc_QCD2plus1 = 168.356)
[#0] WARNING:Plotting -- At observable [x]=6.5 RooAddPdf::pdf_binhh4b2plus1_nuis[ n_exp_binhh4b2plus1_proc_Signal2plus1_mX_1600 * shapeSig_Signal2plus1_mX_1600_hh4b2plus1_rebinPdf + n_exp_final_binhh4b2plus1_proc_QCD2plus1 * shapeBkg_hh4b2plus1_QCD2plus1_morph ]
     p.d.f value is less than zero (-0.000000), forcing value to zero @ !refCoefNorm=(CMS_th1x = 6.5), !pdfs=(shapeSig_Signal2plus1_mX_1600_hh4b2plus1_rebinPdf = 0.00044736/1,shapeBkg_hh4b2plus1_QCD2plus1_morph = 0.0576813/1), !coefficients=(n_exp_binhh4b2plus1_proc_Signal2plus1_mX_1600 = -0.00687296,n_exp_final_binhh4b2plus1_proc_QCD2plus1 = 168.356)
[#0] WARNING:Plotting -- At observable [x]=7.5 RooAddPdf::pdf_binhh4b2plus1_nuis[ n_exp_binhh4b2plus1_proc_Signal2plus1_mX_1600 * shapeSig_Signal2plus1_mX_1600_hh4b2plus1_rebinPdf + n_exp_final_binhh4b2plus1_proc_QCD2plus1 * shapeBkg_hh4b2plus1_QCD2plus1_morph ]
     p.d.f value is less than zero (-0.000000), forcing value to zero @ !refCoefNorm=(CMS_th1x = 7.5), !pdfs=(shapeSig_Signal2plus1_mX_1600_hh4b2plus1_rebinPdf = 0.000554621/1,shapeBkg_hh4b2plus1_QCD2plus1_morph = 0.0501526/1), !coefficients=(n_exp_binhh4b2plus1_proc_Signal2plus1_mX_1600 = -0.00687296,n_exp_final_binhh4b2plus1_proc_QCD2plus1 = 168.356)
[#0] WARNING:Plotting -- At observable [x]=8.5 RooAddPdf::pdf_binhh4b2plus1_nuis[ n_exp_binhh4b2plus1_proc_Signal2plus1_mX_1600 * shapeSig_Signal2plus1_mX_1600_hh4b2plus1_rebinPdf + n_exp_final_binhh4b2plus1_proc_QCD2plus1 * shapeBkg_hh4b2plus1_QCD2plus1_morph ]
     p.d.f value is less than zero (-0.000000), forcing value to zero @ !refCoefNorm=(CMS_th1x = 8.5), !pdfs=(shapeSig_Signal2plus1_mX_1600_hh4b2plus1_rebinPdf = 0.00316095/1,shapeBkg_hh4b2plus1_QCD2plus1_morph = 0.0460497/1), !coefficients=(n_exp_binhh4b2plus1_proc_Signal2plus1_mX_1600 = -0.00687296,n_exp_final_binhh4b2plus1_proc_QCD2plus1 = 168.356)
[#0] WARNING:Plotting -- At observable [x]=9.5 RooAddPdf::pdf_binhh4b2plus1_nuis[ n_exp_binhh4b2plus1_proc_Signal2plus1_mX_1600 * shapeSig_Signal2plus1_mX_1600_hh4b2plus1_rebinPdf + n_exp_final_binhh4b2plus1_proc_QCD2plus1 * shapeBkg_hh4b2plus1_QCD2plus1_morph ]
     p.d.f value is less than zero (-0.000000), forcing value to zero @ !refCoefNorm=(CMS_th1x = 9.5), !pdfs=(shapeSig_Signal2plus1_mX_1600_hh4b2plus1_rebinPdf = 0.000407735/1,shapeBkg_hh4b2plus1_QCD2plus1_morph = 0.0439169/1), !coefficients=(n_exp_binhh4b2plus1_proc_Signal2plus1_mX_1600 = -0.00687296,n_exp_final_binhh4b2plus1_proc_QCD2plus1 = 168.356)
[#0] WARNING:Plotting -- At observable [x]=10.5 RooAddPdf::pdf_binhh4b2plus1_nuis[ n_exp_binhh4b2plus1_proc_Signal2plus1_mX_1600 * shapeSig_Signal2plus1_mX_1600_hh4b2plus1_rebinPdf + n_exp_final_binhh4b2plus1_proc_QCD2plus1 * shapeBkg_hh4b2plus1_QCD2plus1_morph ]
     p.d.f value is less than zero (-0.000000), forcing value to zero @ !refCoefNorm=(CMS_th1x = 10.5), !pdfs=(shapeSig_Signal2plus1_mX_1600_hh4b2plus1_rebinPdf = 1e-09/1,shapeBkg_hh4b2plus1_QCD2plus1_morph = 0.0322408/1), !coefficients=(n_exp_binhh4b2plus1_proc_Signal2plus1_mX_1600 = -0.00687296,n_exp_final_binhh4b2plus1_proc_QCD2plus1 = 168.356)
[#0] WARNING:Plotting -- At observable [x]=11.5 RooAddPdf::pdf_binhh4b2plus1_nuis[ n_exp_binhh4b2plus1_proc_Signal2plus1_mX_1600 * shapeSig_Signal2plus1_mX_1600_hh4b2plus1_rebinPdf + n_exp_final_binhh4b2plus1_proc_QCD2plus1 * shapeBkg_hh4b2plus1_QCD2plus1_morph ]
     p.d.f value is less than zero (-0.000000), forcing value to zero @ !refCoefNorm=(CMS_th1x = 11.5), !pdfs=(shapeSig_Signal2plus1_mX_1600_hh4b2plus1_rebinPdf = 0.00501542/1,shapeBkg_hh4b2plus1_QCD2plus1_morph = 0.00899649/1), !coefficients=(n_exp_binhh4b2plus1_proc_Signal2plus1_mX_1600 = -0.00687296,n_exp_final_binhh4b2plus1_proc_QCD2plus1 = 168.356)
[#0] WARNING:Plotting -- At observable [x]=12.5 RooAddPdf::pdf_binhh4b2plus1_nuis[ n_exp_binhh4b2plus1_proc_Signal2plus1_mX_1600 * shapeSig_Signal2plus1_mX_1600_hh4b2plus1_rebinPdf + n_exp_final_binhh4b2plus1_proc_QCD2plus1 * shapeBkg_hh4b2plus1_QCD2plus1_morph ]
     p.d.f value is less than zero (-0.000001), forcing value to zero @ !refCoefNorm=(CMS_th1x = 12.5), !pdfs=(shapeSig_Signal2plus1_mX_1600_hh4b2plus1_rebinPdf = 0.0194548/1,shapeBkg_hh4b2plus1_QCD2plus1_morph = 0.0203473/1), !coefficients=(n_exp_binhh4b2plus1_proc_Signal2plus1_mX_1600 = -0.00687296,n_exp_final_binhh4b2plus1_proc_QCD2plus1 = 168.356)
[#0] WARNING:Plotting -- At observable [x]=13.5 RooAddPdf::pdf_binhh4b2plus1_nuis[ n_exp_binhh4b2plus1_proc_Signal2plus1_mX_1600 * shapeSig_Signal2plus1_mX_1600_hh4b2plus1_rebinPdf + n_exp_final_binhh4b2plus1_proc_QCD2plus1 * shapeBkg_hh4b2plus1_QCD2plus1_morph ]
     p.d.f value is less than zero (-0.000003), forcing value to zero @ !refCoefNorm=(CMS_th1x = 13.5), !pdfs=(shapeSig_Signal2plus1_mX_1600_hh4b2plus1_rebinPdf = 0.0634942/1,shapeBkg_hh4b2plus1_QCD2plus1_morph = 0.00932517/1), !coefficients=(n_exp_binhh4b2plus1_proc_Signal2plus1_mX_1600 = -0.00687296,n_exp_final_binhh4b2plus1_proc_QCD2plus1 = 168.356)
[#0] WARNING:Plotting -- At observable [x]=14.5 RooAddPdf::pdf_binhh4b2plus1_nuis[ n_exp_binhh4b2plus1_proc_Signal2plus1_mX_1600 * shapeSig_Signal2plus1_mX_1600_hh4b2plus1_rebinPdf + n_exp_final_binhh4b2plus1_proc_QCD2plus1 * shapeBkg_hh4b2plus1_QCD2plus1_morph ]
     p.d.f value is less than zero (-0.000006), forcing value to zero @ !refCoefNorm=(CMS_th1x = 14.5), !pdfs=(shapeSig_Signal2plus1_mX_1600_hh4b2plus1_rebinPdf = 0.143242/1,shapeBkg_hh4b2plus1_QCD2plus1_morph = 0.0069677/1), !coefficients=(n_exp_binhh4b2plus1_proc_Signal2plus1_mX_1600 = -0.00687296,n_exp_final_binhh4b2plus1_proc_QCD2plus1 = 168.356)
[#0] WARNING:Plotting -- At observable [x]=15.5 RooAddPdf::pdf_binhh4b2plus1_nuis[ n_exp_binhh4b2plus1_proc_Signal2plus1_mX_1600 * shapeSig_Signal2plus1_mX_1600_hh4b2plus1_rebinPdf + n_exp_final_binhh4b2plus1_proc_QCD2plus1 * shapeBkg_hh4b2plus1_QCD2plus1_morph ]
     p.d.f value is less than zero (-0.000011), forcing value to zero @ !refCoefNorm=(CMS_th1x = 15.5), !pdfs=(shapeSig_Signal2plus1_mX_1600_hh4b2plus1_rebinPdf = 0.259143/1,shapeBkg_hh4b2plus1_QCD2plus1_morph = 0.0114823/1), !coefficients=(n_exp_binhh4b2plus1_proc_Signal2plus1_mX_1600 = -0.00687296,n_exp_final_binhh4b2plus1_proc_QCD2plus1 = 168.356)
[#0] WARNING:Plotting -- At observable [x]=16.5 RooAddPdf::pdf_binhh4b2plus1_nuis[ n_exp_binhh4b2plus1_proc_Signal2plus1_mX_1600 * shapeSig_Signal2plus1_mX_1600_hh4b2plus1_rebinPdf + n_exp_final_binhh4b2plus1_proc_QCD2plus1 * shapeBkg_hh4b2plus1_QCD2plus1_morph ]
     p.d.f value is less than zero (-0.000013), forcing value to zero @ !refCoefNorm=(CMS_th1x = 16.5), !pdfs=(shapeSig_Signal2plus1_mX_1600_hh4b2plus1_rebinPdf = 0.317865/1,shapeBkg_hh4b2plus1_QCD2plus1_morph = 0.00689879/1), !coefficients=(n_exp_binhh4b2plus1_proc_Signal2plus1_mX_1600 = -0.00687296,n_exp_final_binhh4b2plus1_proc_QCD2plus1 = 168.356)
[#0] WARNING:Plotting -- At observable [x]=17.5 RooAddPdf::pdf_binhh4b2plus1_nuis[ n_exp_binhh4b2plus1_proc_Signal2plus1_mX_1600 * shapeSig_Signal2plus1_mX_1600_hh4b2plus1_rebinPdf + n_exp_final_binhh4b2plus1_proc_QCD2plus1 * shapeBkg_hh4b2plus1_QCD2plus1_morph ]
     p.d.f value is less than zero (-0.000006), forcing value to zero @ !refCoefNorm=(CMS_th1x = 17.5), !pdfs=(shapeSig_Signal2plus1_mX_1600_hh4b2plus1_rebinPdf = 0.156146/1,shapeBkg_hh4b2plus1_QCD2plus1_morph = 0.00234572/1), !coefficients=(n_exp_binhh4b2plus1_proc_Signal2plus1_mX_1600 = -0.00687296,n_exp_final_binhh4b2plus1_proc_QCD2plus1 = 168.356)
[#0] WARNING:Plotting -- At observable [x]=18.5 RooAddPdf::pdf_binhh4b2plus1_nuis[ n_exp_binhh4b2plus1_proc_Signal2plus1_mX_1600 * shapeSig_Signal2plus1_mX_1600_hh4b2plus1_rebinPdf + n_exp_final_binhh4b2plus1_proc_QCD2plus1 * shapeBkg_hh4b2plus1_QCD2plus1_morph ]
     p.d.f value is less than zero (-0.000001), forcing value to zero @ !refCoefNorm=(CMS_th1x = 18.5), !pdfs=(shapeSig_Signal2plus1_mX_1600_hh4b2plus1_rebinPdf = 0.0280234/1,shapeBkg_hh4b2plus1_QCD2plus1_morph = 0.00906041/1), !coefficients=(n_exp_binhh4b2plus1_proc_Signal2plus1_mX_1600 = -0.00687296,n_exp_final_binhh4b2plus1_proc_QCD2plus1 = 168.356)
[#0] WARNING:Plotting -- At observable [x]=19.5 RooAddPdf::pdf_binhh4b2plus1_nuis[ n_exp_binhh4b2plus1_proc_Signal2plus1_mX_1600 * shapeSig_Signal2plus1_mX_1600_hh4b2plus1_rebinPdf + n_exp_final_binhh4b2plus1_proc_QCD2plus1 * shapeBkg_hh4b2plus1_QCD2plus1_morph ]
     p.d.f value is less than zero (-0.000000), forcing value to zero @ !refCoefNorm=(CMS_th1x = 19.5), !pdfs=(shapeSig_Signal2plus1_mX_1600_hh4b2plus1_rebinPdf = 0.00119389/1,shapeBkg_hh4b2plus1_QCD2plus1_morph = 0/1), !coefficients=(n_exp_binhh4b2plus1_proc_Signal2plus1_mX_1600 = -0.00687296,n_exp_final_binhh4b2plus1_proc_QCD2plus1 = 168.356)
[#0] WARNING:Plotting -- At observable [x]=20.5 RooAddPdf::pdf_binhh4b2plus1_nuis[ n_exp_binhh4b2plus1_proc_Signal2plus1_mX_1600 * shapeSig_Signal2plus1_mX_1600_hh4b2plus1_rebinPdf + n_exp_final_binhh4b2plus1_proc_QCD2plus1 * shapeBkg_hh4b2plus1_QCD2plus1_morph ]
     p.d.f value is less than zero (-0.000000), forcing value to zero @ !refCoefNorm=(CMS_th1x = 20.5), !pdfs=(shapeSig_Signal2plus1_mX_1600_hh4b2plus1_rebinPdf = 0.00055707/1,shapeBkg_hh4b2plus1_QCD2plus1_morph = 0.0066878/1), !coefficients=(n_exp_binhh4b2plus1_proc_Signal2plus1_mX_1600 = -0.00687296,n_exp_final_binhh4b2plus1_proc_QCD2plus1 = 168.356)
[#0] WARNING:Plotting -- At observable [x]=21.5 RooAddPdf::pdf_binhh4b2plus1_nuis[ n_exp_binhh4b2plus1_proc_Signal2plus1_mX_1600 * shapeSig_Signal2plus1_mX_1600_hh4b2plus1_rebinPdf + n_exp_final_binhh4b2plus1_proc_QCD2plus1 * shapeBkg_hh4b2plus1_QCD2plus1_morph ]
     p.d.f value is less than zero (-0.000000), forcing value to zero @ !refCoefNorm=(CMS_th1x = 21.5), !pdfs=(shapeSig_Signal2plus1_mX_1600_hh4b2plus1_rebinPdf = 1e-09/1,shapeBkg_hh4b2plus1_QCD2plus1_morph = 0.00456762/1), !coefficients=(n_exp_binhh4b2plus1_proc_Signal2plus1_mX_1600 = -0.00687296,n_exp_final_binhh4b2plus1_proc_QCD2plus1 = 168.356)
[#0] WARNING:Plotting -- At observable [x]=22.5 RooAddPdf::pdf_binhh4b2plus1_nuis[ n_exp_binhh4b2plus1_proc_Signal2plus1_mX_1600 * shapeSig_Signal2plus1_mX_1600_hh4b2plus1_rebinPdf + n_exp_final_binhh4b2plus1_proc_QCD2plus1 * shapeBkg_hh4b2plus1_QCD2plus1_morph ]
     p.d.f value is less than zero (-0.000000), forcing value to zero @ !refCoefNorm=(CMS_th1x = 22.5), !pdfs=(shapeSig_Signal2plus1_mX_1600_hh4b2plus1_rebinPdf = 1e-09/1,shapeBkg_hh4b2plus1_QCD2plus1_morph = 0.00240287/1), !coefficients=(n_exp_binhh4b2plus1_proc_Signal2plus1_mX_1600 = -0.00687296,n_exp_final_binhh4b2plus1_proc_QCD2plus1 = 168.356)
[#0] WARNING:Plotting -- At observable [x]=23.5 RooAddPdf::pdf_binhh4b2plus1_nuis[ n_exp_binhh4b2plus1_proc_Signal2plus1_mX_1600 * shapeSig_Signal2plus1_mX_1600_hh4b2plus1_rebinPdf + n_exp_final_binhh4b2plus1_proc_QCD2plus1 * shapeBkg_hh4b2plus1_QCD2plus1_morph ]
     p.d.f value is less than zero (-0.000000), forcing value to zero @ !refCoefNorm=(CMS_th1x = 23.5), !pdfs=(shapeSig_Signal2plus1_mX_1600_hh4b2plus1_rebinPdf = 1e-09/1,shapeBkg_hh4b2plus1_QCD2plus1_morph = 0.0022557/1), !coefficients=(n_exp_binhh4b2plus1_proc_Signal2plus1_mX_1600 = -0.00687296,n_exp_final_binhh4b2plus1_proc_QCD2plus1 = 168.356)
[#0] WARNING:Plotting -- At observable [x]=24.5 RooAddPdf::pdf_binhh4b2plus1_nuis[ n_exp_binhh4b2plus1_proc_Signal2plus1_mX_1600 * shapeSig_Signal2plus1_mX_1600_hh4b2plus1_rebinPdf + n_exp_final_binhh4b2plus1_proc_QCD2plus1 * shapeBkg_hh4b2plus1_QCD2plus1_morph ]
     p.d.f value is less than zero (-0.000000), forcing value to zero @ !refCoefNorm=(CMS_th1x = 24.5), !pdfs=(shapeSig_Signal2plus1_mX_1600_hh4b2plus1_rebinPdf = 1e-09/1,shapeBkg_hh4b2plus1_QCD2plus1_morph = 0.00222744/1), !coefficients=(n_exp_binhh4b2plus1_proc_Signal2plus1_mX_1600 = -0.00687296,n_exp_final_binhh4b2plus1_proc_QCD2plus1 = 168.356)
[#0] WARNING:Plotting -- At observable [x]=20 RooAddPdf::pdf_binhh4b2plus1_nuis[ n_exp_binhh4b2plus1_proc_Signal2plus1_mX_1600 * shapeSig_Signal2plus1_mX_1600_hh4b2plus1_rebinPdf + n_exp_final_binhh4b2plus1_proc_QCD2plus1 * shapeBkg_hh4b2plus1_QCD2plus1_morph ]
     p.d.f value is less than zero (-0.000000), forcing value to zero @ !refCoefNorm=(CMS_th1x = 20), !pdfs=(shapeSig_Signal2plus1_mX_1600_hh4b2plus1_rebinPdf = 0.00119389/1,shapeBkg_hh4b2plus1_QCD2plus1_morph = 0/1), !coefficients=(n_exp_binhh4b2plus1_proc_Signal2plus1_mX_1600 = -0.00687296,n_exp_final_binhh4b2plus1_proc_QCD2plus1 = 168.356)
[#0] WARNING:Plotting -- At observable [x]=19.5 RooAddPdf::pdf_binhh4b2plus1_nuis[ n_exp_binhh4b2plus1_proc_Signal2plus1_mX_1600 * shapeSig_Signal2plus1_mX_1600_hh4b2plus1_rebinPdf + n_exp_final_binhh4b2plus1_proc_QCD2plus1 * shapeBkg_hh4b2plus1_QCD2plus1_morph ]
     p.d.f value is less than zero (-0.000000), forcing value to zero @ !refCoefNorm=(CMS_th1x = 19.5), !pdfs=(shapeSig_Signal2plus1_mX_1600_hh4b2plus1_rebinPdf = 0.00119389/1,shapeBkg_hh4b2plus1_QCD2plus1_morph = 0/1), !coefficients=(n_exp_binhh4b2plus1_proc_Signal2plus1_mX_1600 = -0.00687296,n_exp_final_binhh4b2plus1_proc_QCD2plus1 = 168.356)
[#0] WARNING:Plotting -- At observable [x]=19.25 RooAddPdf::pdf_binhh4b2plus1_nuis[ n_exp_binhh4b2plus1_proc_Signal2plus1_mX_1600 * shapeSig_Signal2plus1_mX_1600_hh4b2plus1_rebinPdf + n_exp_final_binhh4b2plus1_proc_QCD2plus1 * shapeBkg_hh4b2plus1_QCD2plus1_morph ]
     p.d.f value is less than zero (-0.000000), forcing value to zero @ !refCoefNorm=(CMS_th1x = 19.25), !pdfs=(shapeSig_Signal2plus1_mX_1600_hh4b2plus1_rebinPdf = 0.00119389/1,shapeBkg_hh4b2plus1_QCD2plus1_morph = 0/1), !coefficients=(n_exp_binhh4b2plus1_proc_Signal2plus1_mX_1600 = -0.00687296,n_exp_final_binhh4b2plus1_proc_QCD2plus1 = 168.356)
[#0] WARNING:Plotting -- At observable [x]=19.125 RooAddPdf::pdf_binhh4b2plus1_nuis[ n_exp_binhh4b2plus1_proc_Signal2plus1_mX_1600 * shapeSig_Signal2plus1_mX_1600_hh4b2plus1_rebinPdf + n_exp_final_binhh4b2plus1_proc_QCD2plus1 * shapeBkg_hh4b2plus1_QCD2plus1_morph ]
     p.d.f value is less than zero (-0.000000), forcing value to zero @ !refCoefNorm=(CMS_th1x = 19.125), !pdfs=(shapeSig_Signal2plus1_mX_1600_hh4b2plus1_rebinPdf = 0.00119389/1,shapeBkg_hh4b2plus1_QCD2plus1_morph = 0/1), !coefficients=(n_exp_binhh4b2plus1_proc_Signal2plus1_mX_1600 = -0.00687296,n_exp_final_binhh4b2plus1_proc_QCD2plus1 = 168.356)
[#0] WARNING:Plotting -- At observable [x]=19.0625 RooAddPdf::pdf_binhh4b2plus1_nuis[ n_exp_binhh4b2plus1_proc_Signal2plus1_mX_1600 * shapeSig_Signal2plus1_mX_1600_hh4b2plus1_rebinPdf + n_exp_final_binhh4b2plus1_proc_QCD2plus1 * shapeBkg_hh4b2plus1_QCD2plus1_morph ]
     p.d.f value is less than zero (-0.000000), forcing value to zero @ !refCoefNorm=(CMS_th1x = 19.0625), !pdfs=(shapeSig_Signal2plus1_mX_1600_hh4b2plus1_rebinPdf = 0.00119389/1,shapeBkg_hh4b2plus1_QCD2plus1_morph = 0/1), !coefficients=(n_exp_binhh4b2plus1_proc_Signal2plus1_mX_1600 = -0.00687296,n_exp_final_binhh4b2plus1_proc_QCD2plus1 = 168.356)
[#0] WARNING:Plotting -- At observable [x]=19.0312 RooAddPdf::pdf_binhh4b2plus1_nuis[ n_exp_binhh4b2plus1_proc_Signal2plus1_mX_1600 * shapeSig_Signal2plus1_mX_1600_hh4b2plus1_rebinPdf + n_exp_final_binhh4b2plus1_proc_QCD2plus1 * shapeBkg_hh4b2plus1_QCD2plus1_morph ]
     p.d.f value is less than zero (-0.000000), forcing value to zero @ !refCoefNorm=(CMS_th1x = 19.0312), !pdfs=(shapeSig_Signal2plus1_mX_1600_hh4b2plus1_rebinPdf = 0.00119389/1,shapeBkg_hh4b2plus1_QCD2plus1_morph = 0/1), !coefficients=(n_exp_binhh4b2plus1_proc_Signal2plus1_mX_1600 = -0.00687296,n_exp_final_binhh4b2plus1_proc_QCD2plus1 = 168.356)
[#0] WARNING:Plotting -- At observable [x]=19.0156 RooAddPdf::pdf_binhh4b2plus1_nuis[ n_exp_binhh4b2plus1_proc_Signal2plus1_mX_1600 * shapeSig_Signal2plus1_mX_1600_hh4b2plus1_rebinPdf + n_exp_final_binhh4b2plus1_proc_QCD2plus1 * shapeBkg_hh4b2plus1_QCD2plus1_morph ]
     p.d.f value is less than zero (-0.000000), forcing value to zero @ !refCoefNorm=(CMS_th1x = 19.0156), !pdfs=(shapeSig_Signal2plus1_mX_1600_hh4b2plus1_rebinPdf = 0.00119389/1,shapeBkg_hh4b2plus1_QCD2plus1_morph = 0/1), !coefficients=(n_exp_binhh4b2plus1_proc_Signal2plus1_mX_1600 = -0.00687296,n_exp_final_binhh4b2plus1_proc_QCD2plus1 = 168.356)
[#0] WARNING:Plotting -- At observable [x]=19.0469 RooAddPdf::pdf_binhh4b2plus1_nuis[ n_exp_binhh4b2plus1_proc_Signal2plus1_mX_1600 * shapeSig_Signal2plus1_mX_1600_hh4b2plus1_rebinPdf + n_exp_final_binhh4b2plus1_proc_QCD2plus1 * shapeBkg_hh4b2plus1_QCD2plus1_morph ]
     p.d.f value is less than zero (-0.000000), forcing value to zero @ !refCoefNorm=(CMS_th1x = 19.0469), !pdfs=(shapeSig_Signal2plus1_mX_1600_hh4b2plus1_rebinPdf = 0.00119389/1,shapeBkg_hh4b2plus1_QCD2plus1_morph = 0/1), !coefficients=(n_exp_binhh4b2plus1_proc_Signal2plus1_mX_1600 = -0.00687296,n_exp_final_binhh4b2plus1_proc_QCD2plus1 = 168.356)
[#0] WARNING:Plotting -- At observable [x]=19.0938 RooAddPdf::pdf_binhh4b2plus1_nuis[ n_exp_binhh4b2plus1_proc_Signal2plus1_mX_1600 * shapeSig_Signal2plus1_mX_1600_hh4b2plus1_rebinPdf + n_exp_final_binhh4b2plus1_proc_QCD2plus1 * shapeBkg_hh4b2plus1_QCD2plus1_morph ]
     p.d.f value is less than zero (-0.000000), forcing value to zero @ !refCoefNorm=(CMS_th1x = 19.0938), !pdfs=(shapeSig_Signal2plus1_mX_1600_hh4b2plus1_rebinPdf = 0.00119389/1,shapeBkg_hh4b2plus1_QCD2plus1_morph = 0/1), !coefficients=(n_exp_binhh4b2plus1_proc_Signal2plus1_mX_1600 = -0.00687296,n_exp_final_binhh4b2plus1_proc_QCD2plus1 = 168.356)
[#0] WARNING:Plotting -- At observable [x]=19.1875 RooAddPdf::pdf_binhh4b2plus1_nuis[ n_exp_binhh4b2plus1_proc_Signal2plus1_mX_1600 * shapeSig_Signal2plus1_mX_1600_hh4b2plus1_rebinPdf + n_exp_final_binhh4b2plus1_proc_QCD2plus1 * shapeBkg_hh4b2plus1_QCD2plus1_morph ]
     p.d.f value is less than zero (-0.000000), forcing value to zero @ !refCoefNorm=(CMS_th1x = 19.1875), !pdfs=(shapeSig_Signal2plus1_mX_1600_hh4b2plus1_rebinPdf = 0.00119389/1,shapeBkg_hh4b2plus1_QCD2plus1_morph = 0/1), !coefficients=(n_exp_binhh4b2plus1_proc_Signal2plus1_mX_1600 = -0.00687296,n_exp_final_binhh4b2plus1_proc_QCD2plus1 = 168.356)
[#0] WARNING:Plotting -- At observable [x]=19.375 RooAddPdf::pdf_binhh4b2plus1_nuis[ n_exp_binhh4b2plus1_proc_Signal2plus1_mX_1600 * shapeSig_Signal2plus1_mX_1600_hh4b2plus1_rebinPdf + n_exp_final_binhh4b2plus1_proc_QCD2plus1 * shapeBkg_hh4b2plus1_QCD2plus1_morph ]
     p.d.f value is less than zero (-0.000000), forcing value to zero @ !refCoefNorm=(CMS_th1x = 19.375), !pdfs=(shapeSig_Signal2plus1_mX_1600_hh4b2plus1_rebinPdf = 0.00119389/1,shapeBkg_hh4b2plus1_QCD2plus1_morph = 0/1), !coefficients=(n_exp_binhh4b2plus1_proc_Signal2plus1_mX_1600 = -0.00687296,n_exp_final_binhh4b2plus1_proc_QCD2plus1 = 168.356)
[#0] WARNING:Plotting -- At observable [x]=19.75 RooAddPdf::pdf_binhh4b2plus1_nuis[ n_exp_binhh4b2plus1_proc_Signal2plus1_mX_1600 * shapeSig_Signal2plus1_mX_1600_hh4b2plus1_rebinPdf + n_exp_final_binhh4b2plus1_proc_QCD2plus1 * shapeBkg_hh4b2plus1_QCD2plus1_morph ]
     p.d.f value is less than zero (-0.000000), forcing value to zero @ !refCoefNorm=(CMS_th1x = 19.75), !pdfs=(shapeSig_Signal2plus1_mX_1600_hh4b2plus1_rebinPdf = 0.00119389/1,shapeBkg_hh4b2plus1_QCD2plus1_morph = 0/1), !coefficients=(n_exp_binhh4b2plus1_proc_Signal2plus1_mX_1600 = -0.00687296,n_exp_final_binhh4b2plus1_proc_QCD2plus1 = 168.356)

 --- MaxLikelihoodFit ---
Best fit r: -0.00690814  -4.99309/+5.00691  (68% CL)
nll S+B -> 0.000103387  nll B -> 0
Done in 0.01 min (cpu), 0.02 min (real)
