Info in <TCanvas::Print>: png file Limits/sig1400/hh4b2plus1_fit_s.png has been created
Warning in <TFile::Append>: Replacing existing TH1: correlation_matrix (Potential memory leak).
Info in <TCanvas::Print>: png file Limits/sig1400/covariance_fit_s.png has been created
b2plus1_plot__CMS_th1x) WARNING: non-integer bin entry 17.8611 with Poisson errors, interpolating between Poisson errors of adjacent integer
[#0] WARNING:Plotting -- RooHist::addBin(hh4b2plus1_plot__CMS_th1x) WARNING: non-integer bin entry 27.0425 with Poisson errors, interpolating between Poisson errors of adjacent integer
[#0] WARNING:Plotting -- RooHist::addBin(hh4b2plus1_plot__CMS_th1x) WARNING: non-integer bin entry 21.0588 with Poisson errors, interpolating between Poisson errors of adjacent integer
[#0] WARNING:Plotting -- RooHist::addBin(hh4b2plus1_plot__CMS_th1x) WARNING: non-integer bin entry 22.6305 with Poisson errors, interpolating between Poisson errors of adjacent integer
[#0] WARNING:Plotting -- RooHist::addBin(hh4b2plus1_plot__CMS_th1x) WARNING: non-integer bin entry 13.1726 with Poisson errors, interpolating between Poisson errors of adjacent integer
[#0] WARNING:Plotting -- RooHist::addBin(hh4b2plus1_plot__CMS_th1x) WARNING: non-integer bin entry 9.71275 with Poisson errors, interpolating between Poisson errors of adjacent integer
[#0] WARNING:Plotting -- RooHist::addBin(hh4b2plus1_plot__CMS_th1x) WARNING: non-integer bin entry 8.44501 with Poisson errors, interpolating between Poisson errors of adjacent integer
[#0] WARNING:Plotting -- RooHist::addBin(hh4b2plus1_plot__CMS_th1x) WARNING: non-integer bin entry 7.75365 with Poisson errors, interpolating between Poisson errors of adjacent integer
[#0] WARNING:Plotting -- RooHist::addBin(hh4b2plus1_plot__CMS_th1x) WARNING: non-integer bin entry 7.39454 with Poisson errors, interpolating between Poisson errors of adjacent integer
[#0] WARNING:Plotting -- RooHist::addBin(hh4b2plus1_plot__CMS_th1x) WARNING: non-integer bin entry 5.42858 with Poisson errors, interpolating between Poisson errors of adjacent integer
[#0] WARNING:Plotting -- RooHist::addBin(hh4b2plus1_plot__CMS_th1x) WARNING: non-integer bin entry 1.5148 with Poisson errors, interpolating between Poisson errors of adjacent integer
[#0] WARNING:Plotting -- RooHist::addBin(hh4b2plus1_plot__CMS_th1x) WARNING: non-integer bin entry 3.42598 with Poisson errors, interpolating between Poisson errors of adjacent integer
[#0] WARNING:Plotting -- RooHist::addBin(hh4b2plus1_plot__CMS_th1x) WARNING: non-integer bin entry 1.57015 with Poisson errors, interpolating between Poisson errors of adjacent integer
[#0] WARNING:Plotting -- RooHist::addBin(hh4b2plus1_plot__CMS_th1x) WARNING: non-integer bin entry 1.1732 with Poisson errors, interpolating between Poisson errors of adjacent integer
[#0] WARNING:Plotting -- RooHist::addBin(hh4b2plus1_plot__CMS_th1x) WARNING: non-integer bin entry 1.93335 with Poisson errors, interpolating between Poisson errors of adjacent integer
[#0] WARNING:Plotting -- RooHist::addBin(hh4b2plus1_plot__CMS_th1x) WARNING: non-integer bin entry 1.16159 with Poisson errors, interpolating between Poisson errors of adjacent integer
[#0] WARNING:Plotting -- RooHist::addBin(hh4b2plus1_plot__CMS_th1x) WARNING: non-integer bin entry 0.394967 with Poisson errors, interpolating between Poisson errors of adjacent integer
[#0] WARNING:Plotting -- RooHist::addBin(hh4b2plus1_plot__CMS_th1x) WARNING: non-integer bin entry 1.52557 with Poisson errors, interpolating between Poisson errors of adjacent integer
[#0] WARNING:Plotting -- RooHist::addBin(hh4b2plus1_plot__CMS_th1x) WARNING: non-integer bin entry 1.12607 with Poisson errors, interpolating between Poisson errors of adjacent integer
[#0] WARNING:Plotting -- RooHist::addBin(hh4b2plus1_plot__CMS_th1x) WARNING: non-integer bin entry 0.769082 with Poisson errors, interpolating between Poisson errors of adjacent integer
[#0] WARNING:Plotting -- RooHist::addBin(hh4b2plus1_plot__CMS_th1x) WARNING: non-integer bin entry 0.404585 with Poisson errors, interpolating between Poisson errors of adjacent integer
[#0] WARNING:Plotting -- RooHist::addBin(hh4b2plus1_plot__CMS_th1x) WARNING: non-integer bin entry 0.379811 with Poisson errors, interpolating between Poisson errors of adjacent integer
[#0] WARNING:Plotting -- RooHist::addBin(hh4b2plus1_plot__CMS_th1x) WARNING: non-integer bin entry 0.375051 with Poisson errors, interpolating between Poisson errors of adjacent integer
[#0] ERROR:Eval -- RooAbsReal::logEvalError(pdf_binhh4b2plus1_nuis) evaluation error, 
 origin       : RooAddPdf::pdf_binhh4b2plus1_nuis[ n_exp_final_binhh4b2plus1_proc_QCD2plus1 * shapeBkg_hh4b2plus1_QCD2plus1_morph + n_exp_binhh4b2plus1_proc_Signal2plus1_mX_1400 * shapeSig_Signal2plus1_mX_1400_hh4b2plus1_rebinPdf ]
 message      : p.d.f value is less than zero (-0.000000), forcing value to zero
 server values: !refCoefNorm=(), !pdfs=(shapeBkg_hh4b2plus1_QCD2plus1_morph = 0.0204498,shapeSig_Signal2plus1_mX_1400_hh4b2plus1_rebinPdf = 0.257523), !coefficients=(n_exp_final_binhh4b2plus1_proc_QCD2plus1 = 170.501,n_exp_binhh4b2plus1_proc_Signal2plus1_mX_1400 = -0.000185578)
[#0] ERROR:Eval -- RooAbsReal::logEvalError(pdf_binhh4b2plus1_nuis) evaluation error, 
 origin       : RooAddPdf::pdf_binhh4b2plus1_nuis[ n_exp_final_binhh4b2plus1_proc_QCD2plus1 * shapeBkg_hh4b2plus1_QCD2plus1_morph + n_exp_binhh4b2plus1_proc_Signal2plus1_mX_1400 * shapeSig_Signal2plus1_mX_1400_hh4b2plus1_rebinPdf ]
 message      : p.d.f value is less than zero (-0.000000), forcing value to zero
 server values: !refCoefNorm=(), !pdfs=(shapeBkg_hh4b2plus1_QCD2plus1_morph = 0.0204498,shapeSig_Signal2plus1_mX_1400_hh4b2plus1_rebinPdf = 0.257523), !coefficients=(n_exp_final_binhh4b2plus1_proc_QCD2plus1 = 170.501,n_exp_binhh4b2plus1_proc_Signal2plus1_mX_1400 = -0.000185578)
[#0] ERROR:Eval -- RooAbsReal::logEvalError(pdf_binhh4b2plus1_nuis) evaluation error, 
 origin       : RooAddPdf::pdf_binhh4b2plus1_nuis[ n_exp_final_binhh4b2plus1_proc_QCD2plus1 * shapeBkg_hh4b2plus1_QCD2plus1_morph + n_exp_binhh4b2plus1_proc_Signal2plus1_mX_1400 * shapeSig_Signal2plus1_mX_1400_hh4b2plus1_rebinPdf ]
 message      : p.d.f value is less than zero (-0.000000), forcing value to zero
 server values: !refCoefNorm=(), !pdfs=(shapeBkg_hh4b2plus1_QCD2plus1_morph = 0.0204498/1,shapeSig_Signal2plus1_mX_1400_hh4b2plus1_rebinPdf = 0.257523/1), !coefficients=(n_exp_final_binhh4b2plus1_proc_QCD2plus1 = 170.501,n_exp_binhh4b2plus1_proc_Signal2plus1_mX_1400 = -0.000185578)
[#0] WARNING:Plotting -- At observable [x]=1 RooAddPdf::pdf_binhh4b2plus1_nuis[ n_exp_final_binhh4b2plus1_proc_QCD2plus1 * shapeBkg_hh4b2plus1_QCD2plus1_morph + n_exp_binhh4b2plus1_proc_Signal2plus1_mX_1400 * shapeSig_Signal2plus1_mX_1400_hh4b2plus1_rebinPdf ]
     p.d.f value is less than zero (-0.000000), forcing value to zero @ !refCoefNorm=(CMS_th1x = 1), !pdfs=(shapeBkg_hh4b2plus1_QCD2plus1_morph = 0.0719048/1,shapeSig_Signal2plus1_mX_1400_hh4b2plus1_rebinPdf = 1e-09/1), !coefficients=(n_exp_final_binhh4b2plus1_proc_QCD2plus1 = 170.501,n_exp_binhh4b2plus1_proc_Signal2plus1_mX_1400 = -0.000185578)
[#0] WARNING:Plotting -- At observable [x]=2 RooAddPdf::pdf_binhh4b2plus1_nuis[ n_exp_final_binhh4b2plus1_proc_QCD2plus1 * shapeBkg_hh4b2plus1_QCD2plus1_morph + n_exp_binhh4b2plus1_proc_Signal2plus1_mX_1400 * shapeSig_Signal2plus1_mX_1400_hh4b2plus1_rebinPdf ]
     p.d.f value is less than zero (-0.000000), forcing value to zero @ !refCoefNorm=(CMS_th1x = 2), !pdfs=(shapeBkg_hh4b2plus1_QCD2plus1_morph = 0.10612/1,shapeSig_Signal2plus1_mX_1400_hh4b2plus1_rebinPdf = 1e-09/1), !coefficients=(n_exp_final_binhh4b2plus1_proc_QCD2plus1 = 170.501,n_exp_binhh4b2plus1_proc_Signal2plus1_mX_1400 = -0.000185578)
[#0] WARNING:Plotting -- At observable [x]=3 RooAddPdf::pdf_binhh4b2plus1_nuis[ n_exp_final_binhh4b2plus1_proc_QCD2plus1 * shapeBkg_hh4b2plus1_QCD2plus1_morph + n_exp_binhh4b2plus1_proc_Signal2plus1_mX_1400 * shapeSig_Signal2plus1_mX_1400_hh4b2plus1_rebinPdf ]
     p.d.f value is less than zero (-0.000000), forcing value to zero @ !refCoefNorm=(CMS_th1x = 3), !pdfs=(shapeBkg_hh4b2plus1_QCD2plus1_morph = 0.160785/1,shapeSig_Signal2plus1_mX_1400_hh4b2plus1_rebinPdf = 1e-09/1), !coefficients=(n_exp_final_binhh4b2plus1_proc_QCD2plus1 = 170.501,n_exp_binhh4b2plus1_proc_Signal2plus1_mX_1400 = -0.000185578)
[#0] WARNING:Plotting -- At observable [x]=4 RooAddPdf::pdf_binhh4b2plus1_nuis[ n_exp_final_binhh4b2plus1_proc_QCD2plus1 * shapeBkg_hh4b2plus1_QCD2plus1_morph + n_exp_binhh4b2plus1_proc_Signal2plus1_mX_1400 * shapeSig_Signal2plus1_mX_1400_hh4b2plus1_rebinPdf ]
     p.d.f value is less than zero (-0.000000), forcing value to zero @ !refCoefNorm=(CMS_th1x = 4), !pdfs=(shapeBkg_hh4b2plus1_QCD2plus1_morph = 0.125116/1,shapeSig_Signal2plus1_mX_1400_hh4b2plus1_rebinPdf = 0.000340209/1), !coefficients=(n_exp_final_binhh4b2plus1_proc_QCD2plus1 = 170.501,n_exp_binhh4b2plus1_proc_Signal2plus1_mX_1400 = -0.000185578)
[#0] WARNING:Plotting -- At observable [x]=5 RooAddPdf::pdf_binhh4b2plus1_nuis[ n_exp_final_binhh4b2plus1_proc_QCD2plus1 * shapeBkg_hh4b2plus1_QCD2plus1_morph + n_exp_binhh4b2plus1_proc_Signal2plus1_mX_1400 * shapeSig_Signal2plus1_mX_1400_hh4b2plus1_rebinPdf ]
     p.d.f value is less than zero (-0.000000), forcing value to zero @ !refCoefNorm=(CMS_th1x = 5), !pdfs=(shapeBkg_hh4b2plus1_QCD2plus1_morph = 0.134164/1,shapeSig_Signal2plus1_mX_1400_hh4b2plus1_rebinPdf = 0.000297853/1), !coefficients=(n_exp_final_binhh4b2plus1_proc_QCD2plus1 = 170.501,n_exp_binhh4b2plus1_proc_Signal2plus1_mX_1400 = -0.000185578)
[#0] WARNING:Plotting -- At observable [x]=6 RooAddPdf::pdf_binhh4b2plus1_nuis[ n_exp_final_binhh4b2plus1_proc_QCD2plus1 * shapeBkg_hh4b2plus1_QCD2plus1_morph + n_exp_binhh4b2plus1_proc_Signal2plus1_mX_1400 * shapeSig_Signal2plus1_mX_1400_hh4b2plus1_rebinPdf ]
     p.d.f value is less than zero (-0.000000), forcing value to zero @ !refCoefNorm=(CMS_th1x = 6), !pdfs=(shapeBkg_hh4b2plus1_QCD2plus1_morph = 0.0780986/1,shapeSig_Signal2plus1_mX_1400_hh4b2plus1_rebinPdf = 0.00101992/1), !coefficients=(n_exp_final_binhh4b2plus1_proc_QCD2plus1 = 170.501,n_exp_binhh4b2plus1_proc_Signal2plus1_mX_1400 = -0.000185578)
[#0] WARNING:Plotting -- At observable [x]=7 RooAddPdf::pdf_binhh4b2plus1_nuis[ n_exp_final_binhh4b2plus1_proc_QCD2plus1 * shapeBkg_hh4b2plus1_QCD2plus1_morph + n_exp_binhh4b2plus1_proc_Signal2plus1_mX_1400 * shapeSig_Signal2plus1_mX_1400_hh4b2plus1_rebinPdf ]
     p.d.f value is less than zero (-0.000000), forcing value to zero @ !refCoefNorm=(CMS_th1x = 7), !pdfs=(shapeBkg_hh4b2plus1_QCD2plus1_morph = 0.0575852/1,shapeSig_Signal2plus1_mX_1400_hh4b2plus1_rebinPdf = 0.000246451/1), !coefficients=(n_exp_final_binhh4b2plus1_proc_QCD2plus1 = 170.501,n_exp_binhh4b2plus1_proc_Signal2plus1_mX_1400 = -0.000185578)
[#0] WARNING:Plotting -- At observable [x]=8 RooAddPdf::pdf_binhh4b2plus1_nuis[ n_exp_final_binhh4b2plus1_proc_QCD2plus1 * shapeBkg_hh4b2plus1_QCD2plus1_morph + n_exp_binhh4b2plus1_proc_Signal2plus1_mX_1400 * shapeSig_Signal2plus1_mX_1400_hh4b2plus1_rebinPdf ]
     p.d.f value is less than zero (-0.000000), forcing value to zero @ !refCoefNorm=(CMS_th1x = 8), !pdfs=(shapeBkg_hh4b2plus1_QCD2plus1_morph = 0.0500681/1,shapeSig_Signal2plus1_mX_1400_hh4b2plus1_rebinPdf = 0.000649586/1), !coefficients=(n_exp_final_binhh4b2plus1_proc_QCD2plus1 = 170.501,n_exp_binhh4b2plus1_proc_Signal2plus1_mX_1400 = -0.000185578)
[#0] WARNING:Plotting -- At observable [x]=9 RooAddPdf::pdf_binhh4b2plus1_nuis[ n_exp_final_binhh4b2plus1_proc_QCD2plus1 * shapeBkg_hh4b2plus1_QCD2plus1_morph + n_exp_binhh4b2plus1_proc_Signal2plus1_mX_1400 * shapeSig_Signal2plus1_mX_1400_hh4b2plus1_rebinPdf ]
     p.d.f value is less than zero (-0.000000), forcing value to zero @ !refCoefNorm=(CMS_th1x = 9), !pdfs=(shapeBkg_hh4b2plus1_QCD2plus1_morph = 0.0460032/1,shapeSig_Signal2plus1_mX_1400_hh4b2plus1_rebinPdf = 0.00110572/1), !coefficients=(n_exp_final_binhh4b2plus1_proc_QCD2plus1 = 170.501,n_exp_binhh4b2plus1_proc_Signal2plus1_mX_1400 = -0.000185578)
[#0] WARNING:Plotting -- At observable [x]=10 RooAddPdf::pdf_binhh4b2plus1_nuis[ n_exp_final_binhh4b2plus1_proc_QCD2plus1 * shapeBkg_hh4b2plus1_QCD2plus1_morph + n_exp_binhh4b2plus1_proc_Signal2plus1_mX_1400 * shapeSig_Signal2plus1_mX_1400_hh4b2plus1_rebinPdf ]
     p.d.f value is less than zero (-0.000000), forcing value to zero @ !refCoefNorm=(CMS_th1x = 10), !pdfs=(shapeBkg_hh4b2plus1_QCD2plus1_morph = 0.0438769/1,shapeSig_Signal2plus1_mX_1400_hh4b2plus1_rebinPdf = 0.00650399/1), !coefficients=(n_exp_final_binhh4b2plus1_proc_QCD2plus1 = 170.501,n_exp_binhh4b2plus1_proc_Signal2plus1_mX_1400 = -0.000185578)
[#0] WARNING:Plotting -- At observable [x]=11 RooAddPdf::pdf_binhh4b2plus1_nuis[ n_exp_final_binhh4b2plus1_proc_QCD2plus1 * shapeBkg_hh4b2plus1_QCD2plus1_morph + n_exp_binhh4b2plus1_proc_Signal2plus1_mX_1400 * shapeSig_Signal2plus1_mX_1400_hh4b2plus1_rebinPdf ]
     p.d.f value is less than zero (-0.000000), forcing value to zero @ !refCoefNorm=(CMS_th1x = 11), !pdfs=(shapeBkg_hh4b2plus1_QCD2plus1_morph = 0.0322081/1,shapeSig_Signal2plus1_mX_1400_hh4b2plus1_rebinPdf = 0.030081/1), !coefficients=(n_exp_final_binhh4b2plus1_proc_QCD2plus1 = 170.501,n_exp_binhh4b2plus1_proc_Signal2plus1_mX_1400 = -0.000185578)
[#0] WARNING:Plotting -- At observable [x]=12 RooAddPdf::pdf_binhh4b2plus1_nuis[ n_exp_final_binhh4b2plus1_proc_QCD2plus1 * shapeBkg_hh4b2plus1_QCD2plus1_morph + n_exp_binhh4b2plus1_proc_Signal2plus1_mX_1400 * shapeSig_Signal2plus1_mX_1400_hh4b2plus1_rebinPdf ]
     p.d.f value is less than zero (-0.000000), forcing value to zero @ !refCoefNorm=(CMS_th1x = 12), !pdfs=(shapeBkg_hh4b2plus1_QCD2plus1_morph = 0.00900843/1,shapeSig_Signal2plus1_mX_1400_hh4b2plus1_rebinPdf = 0.101953/1), !coefficients=(n_exp_final_binhh4b2plus1_proc_QCD2plus1 = 170.501,n_exp_binhh4b2plus1_proc_Signal2plus1_mX_1400 = -0.000185578)
[#0] WARNING:Plotting -- At observable [x]=13 RooAddPdf::pdf_binhh4b2plus1_nuis[ n_exp_final_binhh4b2plus1_proc_QCD2plus1 * shapeBkg_hh4b2plus1_QCD2plus1_morph + n_exp_binhh4b2plus1_proc_Signal2plus1_mX_1400 * shapeSig_Signal2plus1_mX_1400_hh4b2plus1_rebinPdf ]
     p.d.f value is less than zero (-0.000000), forcing value to zero @ !refCoefNorm=(CMS_th1x = 13), !pdfs=(shapeBkg_hh4b2plus1_QCD2plus1_morph = 0.0204498/1,shapeSig_Signal2plus1_mX_1400_hh4b2plus1_rebinPdf = 0.257523/1), !coefficients=(n_exp_final_binhh4b2plus1_proc_QCD2plus1 = 170.501,n_exp_binhh4b2plus1_proc_Signal2plus1_mX_1400 = -0.000185578)
[#0] WARNING:Plotting -- At observable [x]=14 RooAddPdf::pdf_binhh4b2plus1_nuis[ n_exp_final_binhh4b2plus1_proc_QCD2plus1 * shapeBkg_hh4b2plus1_QCD2plus1_morph + n_exp_binhh4b2plus1_proc_Signal2plus1_mX_1400 * shapeSig_Signal2plus1_mX_1400_hh4b2plus1_rebinPdf ]
     p.d.f value is less than zero (-0.000000), forcing value to zero @ !refCoefNorm=(CMS_th1x = 14), !pdfs=(shapeBkg_hh4b2plus1_QCD2plus1_morph = 0.00956676/1,shapeSig_Signal2plus1_mX_1400_hh4b2plus1_rebinPdf = 0.37142/1), !coefficients=(n_exp_final_binhh4b2plus1_proc_QCD2plus1 = 170.501,n_exp_binhh4b2plus1_proc_Signal2plus1_mX_1400 = -0.000185578)
[#0] WARNING:Plotting -- At observable [x]=15 RooAddPdf::pdf_binhh4b2plus1_nuis[ n_exp_final_binhh4b2plus1_proc_QCD2plus1 * shapeBkg_hh4b2plus1_QCD2plus1_morph + n_exp_binhh4b2plus1_proc_Signal2plus1_mX_1400 * shapeSig_Signal2plus1_mX_1400_hh4b2plus1_rebinPdf ]
     p.d.f value is less than zero (-0.000000), forcing value to zero @ !refCoefNorm=(CMS_th1x = 15), !pdfs=(shapeBkg_hh4b2plus1_QCD2plus1_morph = 0.00711771/1,shapeSig_Signal2plus1_mX_1400_hh4b2plus1_rebinPdf = 0.199273/1), !coefficients=(n_exp_final_binhh4b2plus1_proc_QCD2plus1 = 170.501,n_exp_binhh4b2plus1_proc_Signal2plus1_mX_1400 = -0.000185578)
[#0] WARNING:Plotting -- At observable [x]=16 RooAddPdf::pdf_binhh4b2plus1_nuis[ n_exp_final_binhh4b2plus1_proc_QCD2plus1 * shapeBkg_hh4b2plus1_QCD2plus1_morph + n_exp_binhh4b2plus1_proc_Signal2plus1_mX_1400 * shapeSig_Signal2plus1_mX_1400_hh4b2plus1_rebinPdf ]
     p.d.f value is less than zero (-0.000000), forcing value to zero @ !refCoefNorm=(CMS_th1x = 16), !pdfs=(shapeBkg_hh4b2plus1_QCD2plus1_morph = 0.0114963/1,shapeSig_Signal2plus1_mX_1400_hh4b2plus1_rebinPdf = 0.0295311/1), !coefficients=(n_exp_final_binhh4b2plus1_proc_QCD2plus1 = 170.501,n_exp_binhh4b2plus1_proc_Signal2plus1_mX_1400 = -0.000185578)
[#0] WARNING:Plotting -- At observable [x]=17 RooAddPdf::pdf_binhh4b2plus1_nuis[ n_exp_final_binhh4b2plus1_proc_QCD2plus1 * shapeBkg_hh4b2plus1_QCD2plus1_morph + n_exp_binhh4b2plus1_proc_Signal2plus1_mX_1400 * shapeSig_Signal2plus1_mX_1400_hh4b2plus1_rebinPdf ]
     p.d.f value is less than zero (-0.000000), forcing value to zero @ !refCoefNorm=(CMS_th1x = 17), !pdfs=(shapeBkg_hh4b2plus1_QCD2plus1_morph = 0.00690879/1,shapeSig_Signal2plus1_mX_1400_hh4b2plus1_rebinPdf = 5.51317e-05/1), !coefficients=(n_exp_final_binhh4b2plus1_proc_QCD2plus1 = 170.501,n_exp_binhh4b2plus1_proc_Signal2plus1_mX_1400 = -0.000185578)
[#0] WARNING:Plotting -- At observable [x]=18 RooAddPdf::pdf_binhh4b2plus1_nuis[ n_exp_final_binhh4b2plus1_proc_QCD2plus1 * shapeBkg_hh4b2plus1_QCD2plus1_morph + n_exp_binhh4b2plus1_proc_Signal2plus1_mX_1400 * shapeSig_Signal2plus1_mX_1400_hh4b2plus1_rebinPdf ]
     p.d.f value is less than zero (-0.000000), forcing value to zero @ !refCoefNorm=(CMS_th1x = 18), !pdfs=(shapeBkg_hh4b2plus1_QCD2plus1_morph = 0.00234338/1,shapeSig_Signal2plus1_mX_1400_hh4b2plus1_rebinPdf = 1e-09/1), !coefficients=(n_exp_final_binhh4b2plus1_proc_QCD2plus1 = 170.501,n_exp_binhh4b2plus1_proc_Signal2plus1_mX_1400 = -0.000185578)
[#0] WARNING:Plotting -- At observable [x]=19 RooAddPdf::pdf_binhh4b2plus1_nuis[ n_exp_final_binhh4b2plus1_proc_QCD2plus1 * shapeBkg_hh4b2plus1_QCD2plus1_morph + n_exp_binhh4b2plus1_proc_Signal2plus1_mX_1400 * shapeSig_Signal2plus1_mX_1400_hh4b2plus1_rebinPdf ]
     p.d.f value is less than zero (-0.000000), forcing value to zero @ !refCoefNorm=(CMS_th1x = 19), !pdfs=(shapeBkg_hh4b2plus1_QCD2plus1_morph = 0.00905237/1,shapeSig_Signal2plus1_mX_1400_hh4b2plus1_rebinPdf = 1e-09/1), !coefficients=(n_exp_final_binhh4b2plus1_proc_QCD2plus1 = 170.501,n_exp_binhh4b2plus1_proc_Signal2plus1_mX_1400 = -0.000185578)
[#0] WARNING:Plotting -- At observable [x]=20 RooAddPdf::pdf_binhh4b2plus1_nuis[ n_exp_final_binhh4b2plus1_proc_QCD2plus1 * shapeBkg_hh4b2plus1_QCD2plus1_morph + n_exp_binhh4b2plus1_proc_Signal2plus1_mX_1400 * shapeSig_Signal2plus1_mX_1400_hh4b2plus1_rebinPdf ]
     p.d.f value is less than zero (-0.000000), forcing value to zero @ !refCoefNorm=(CMS_th1x = 20), !pdfs=(shapeBkg_hh4b2plus1_QCD2plus1_morph = 0/1,shapeSig_Signal2plus1_mX_1400_hh4b2plus1_rebinPdf = 1e-09/1), !coefficients=(n_exp_final_binhh4b2plus1_proc_QCD2plus1 = 170.501,n_exp_binhh4b2plus1_proc_Signal2plus1_mX_1400 = -0.000185578)
[#0] WARNING:Plotting -- At observable [x]=21 RooAddPdf::pdf_binhh4b2plus1_nuis[ n_exp_final_binhh4b2plus1_proc_QCD2plus1 * shapeBkg_hh4b2plus1_QCD2plus1_morph + n_exp_binhh4b2plus1_proc_Signal2plus1_mX_1400 * shapeSig_Signal2plus1_mX_1400_hh4b2plus1_rebinPdf ]
     p.d.f value is less than zero (-0.000000), forcing value to zero @ !refCoefNorm=(CMS_th1x = 21), !pdfs=(shapeBkg_hh4b2plus1_QCD2plus1_morph = 0.00668272/1,shapeSig_Signal2plus1_mX_1400_hh4b2plus1_rebinPdf = 1e-09/1), !coefficients=(n_exp_final_binhh4b2plus1_proc_QCD2plus1 = 170.501,n_exp_binhh4b2plus1_proc_Signal2plus1_mX_1400 = -0.000185578)
[#0] WARNING:Plotting -- At observable [x]=22 RooAddPdf::pdf_binhh4b2plus1_nuis[ n_exp_final_binhh4b2plus1_proc_QCD2plus1 * shapeBkg_hh4b2plus1_QCD2plus1_morph + n_exp_binhh4b2plus1_proc_Signal2plus1_mX_1400 * shapeSig_Signal2plus1_mX_1400_hh4b2plus1_rebinPdf ]
     p.d.f value is less than zero (-0.000000), forcing value to zero @ !refCoefNorm=(CMS_th1x = 22), !pdfs=(shapeBkg_hh4b2plus1_QCD2plus1_morph = 0.00456451/1,shapeSig_Signal2plus1_mX_1400_hh4b2plus1_rebinPdf = 1e-09/1), !coefficients=(n_exp_final_binhh4b2plus1_proc_QCD2plus1 = 170.501,n_exp_binhh4b2plus1_proc_Signal2plus1_mX_1400 = -0.000185578)
[#0] WARNING:Plotting -- At observable [x]=23 RooAddPdf::pdf_binhh4b2plus1_nuis[ n_exp_final_binhh4b2plus1_proc_QCD2plus1 * shapeBkg_hh4b2plus1_QCD2plus1_morph + n_exp_binhh4b2plus1_proc_Signal2plus1_mX_1400 * shapeSig_Signal2plus1_mX_1400_hh4b2plus1_rebinPdf ]
     p.d.f value is less than zero (-0.000000), forcing value to zero @ !refCoefNorm=(CMS_th1x = 23), !pdfs=(shapeBkg_hh4b2plus1_QCD2plus1_morph = 0.0024009/1,shapeSig_Signal2plus1_mX_1400_hh4b2plus1_rebinPdf = 1e-09/1), !coefficients=(n_exp_final_binhh4b2plus1_proc_QCD2plus1 = 170.501,n_exp_binhh4b2plus1_proc_Signal2plus1_mX_1400 = -0.000185578)
[#0] WARNING:Plotting -- At observable [x]=24 RooAddPdf::pdf_binhh4b2plus1_nuis[ n_exp_final_binhh4b2plus1_proc_QCD2plus1 * shapeBkg_hh4b2plus1_QCD2plus1_morph + n_exp_binhh4b2plus1_proc_Signal2plus1_mX_1400 * shapeSig_Signal2plus1_mX_1400_hh4b2plus1_rebinPdf ]
     p.d.f value is less than zero (-0.000000), forcing value to zero @ !refCoefNorm=(CMS_th1x = 24), !pdfs=(shapeBkg_hh4b2plus1_QCD2plus1_morph = 0.00225337/1,shapeSig_Signal2plus1_mX_1400_hh4b2plus1_rebinPdf = 1e-09/1), !coefficients=(n_exp_final_binhh4b2plus1_proc_QCD2plus1 = 170.501,n_exp_binhh4b2plus1_proc_Signal2plus1_mX_1400 = -0.000185578)
[#0] WARNING:Plotting -- At observable [x]=25 RooAddPdf::pdf_binhh4b2plus1_nuis[ n_exp_final_binhh4b2plus1_proc_QCD2plus1 * shapeBkg_hh4b2plus1_QCD2plus1_morph + n_exp_binhh4b2plus1_proc_Signal2plus1_mX_1400 * shapeSig_Signal2plus1_mX_1400_hh4b2plus1_rebinPdf ]
     p.d.f value is less than zero (-0.000000), forcing value to zero @ !refCoefNorm=(CMS_th1x = 25), !pdfs=(shapeBkg_hh4b2plus1_QCD2plus1_morph = 0.00222524/1,shapeSig_Signal2plus1_mX_1400_hh4b2plus1_rebinPdf = 1e-09/1), !coefficients=(n_exp_final_binhh4b2plus1_proc_QCD2plus1 = 170.501,n_exp_binhh4b2plus1_proc_Signal2plus1_mX_1400 = -0.000185578)
[#0] WARNING:Plotting -- At observable [x]=0.5 RooAddPdf::pdf_binhh4b2plus1_nuis[ n_exp_final_binhh4b2plus1_proc_QCD2plus1 * shapeBkg_hh4b2plus1_QCD2plus1_morph + n_exp_binhh4b2plus1_proc_Signal2plus1_mX_1400 * shapeSig_Signal2plus1_mX_1400_hh4b2plus1_rebinPdf ]
     p.d.f value is less than zero (-0.000000), forcing value to zero @ !refCoefNorm=(CMS_th1x = 0.5), !pdfs=(shapeBkg_hh4b2plus1_QCD2plus1_morph = 0.0719048/1,shapeSig_Signal2plus1_mX_1400_hh4b2plus1_rebinPdf = 1e-09/1), !coefficients=(n_exp_final_binhh4b2plus1_proc_QCD2plus1 = 170.501,n_exp_binhh4b2plus1_proc_Signal2plus1_mX_1400 = -0.000185578)
[#0] WARNING:Plotting -- At observable [x]=1.5 RooAddPdf::pdf_binhh4b2plus1_nuis[ n_exp_final_binhh4b2plus1_proc_QCD2plus1 * shapeBkg_hh4b2plus1_QCD2plus1_morph + n_exp_binhh4b2plus1_proc_Signal2plus1_mX_1400 * shapeSig_Signal2plus1_mX_1400_hh4b2plus1_rebinPdf ]
     p.d.f value is less than zero (-0.000000), forcing value to zero @ !refCoefNorm=(CMS_th1x = 1.5), !pdfs=(shapeBkg_hh4b2plus1_QCD2plus1_morph = 0.10612/1,shapeSig_Signal2plus1_mX_1400_hh4b2plus1_rebinPdf = 1e-09/1), !coefficients=(n_exp_final_binhh4b2plus1_proc_QCD2plus1 = 170.501,n_exp_binhh4b2plus1_proc_Signal2plus1_mX_1400 = -0.000185578)
[#0] WARNING:Plotting -- At observable [x]=2.5 RooAddPdf::pdf_binhh4b2plus1_nuis[ n_exp_final_binhh4b2plus1_proc_QCD2plus1 * shapeBkg_hh4b2plus1_QCD2plus1_morph + n_exp_binhh4b2plus1_proc_Signal2plus1_mX_1400 * shapeSig_Signal2plus1_mX_1400_hh4b2plus1_rebinPdf ]
     p.d.f value is less than zero (-0.000000), forcing value to zero @ !refCoefNorm=(CMS_th1x = 2.5), !pdfs=(shapeBkg_hh4b2plus1_QCD2plus1_morph = 0.160785/1,shapeSig_Signal2plus1_mX_1400_hh4b2plus1_rebinPdf = 1e-09/1), !coefficients=(n_exp_final_binhh4b2plus1_proc_QCD2plus1 = 170.501,n_exp_binhh4b2plus1_proc_Signal2plus1_mX_1400 = -0.000185578)
[#0] WARNING:Plotting -- At observable [x]=3.5 RooAddPdf::pdf_binhh4b2plus1_nuis[ n_exp_final_binhh4b2plus1_proc_QCD2plus1 * shapeBkg_hh4b2plus1_QCD2plus1_morph + n_exp_binhh4b2plus1_proc_Signal2plus1_mX_1400 * shapeSig_Signal2plus1_mX_1400_hh4b2plus1_rebinPdf ]
     p.d.f value is less than zero (-0.000000), forcing value to zero @ !refCoefNorm=(CMS_th1x = 3.5), !pdfs=(shapeBkg_hh4b2plus1_QCD2plus1_morph = 0.125116/1,shapeSig_Signal2plus1_mX_1400_hh4b2plus1_rebinPdf = 0.000340209/1), !coefficients=(n_exp_final_binhh4b2plus1_proc_QCD2plus1 = 170.501,n_exp_binhh4b2plus1_proc_Signal2plus1_mX_1400 = -0.000185578)
[#0] WARNING:Plotting -- At observable [x]=4.5 RooAddPdf::pdf_binhh4b2plus1_nuis[ n_exp_final_binhh4b2plus1_proc_QCD2plus1 * shapeBkg_hh4b2plus1_QCD2plus1_morph + n_exp_binhh4b2plus1_proc_Signal2plus1_mX_1400 * shapeSig_Signal2plus1_mX_1400_hh4b2plus1_rebinPdf ]
     p.d.f value is less than zero (-0.000000), forcing value to zero @ !refCoefNorm=(CMS_th1x = 4.5), !pdfs=(shapeBkg_hh4b2plus1_QCD2plus1_morph = 0.134164/1,shapeSig_Signal2plus1_mX_1400_hh4b2plus1_rebinPdf = 0.000297853/1), !coefficients=(n_exp_final_binhh4b2plus1_proc_QCD2plus1 = 170.501,n_exp_binhh4b2plus1_proc_Signal2plus1_mX_1400 = -0.000185578)
[#0] WARNING:Plotting -- At observable [x]=5.5 RooAddPdf::pdf_binhh4b2plus1_nuis[ n_exp_final_binhh4b2plus1_proc_QCD2plus1 * shapeBkg_hh4b2plus1_QCD2plus1_morph + n_exp_binhh4b2plus1_proc_Signal2plus1_mX_1400 * shapeSig_Signal2plus1_mX_1400_hh4b2plus1_rebinPdf ]
     p.d.f value is less than zero (-0.000000), forcing value to zero @ !refCoefNorm=(CMS_th1x = 5.5), !pdfs=(shapeBkg_hh4b2plus1_QCD2plus1_morph = 0.0780986/1,shapeSig_Signal2plus1_mX_1400_hh4b2plus1_rebinPdf = 0.00101992/1), !coefficients=(n_exp_final_binhh4b2plus1_proc_QCD2plus1 = 170.501,n_exp_binhh4b2plus1_proc_Signal2plus1_mX_1400 = -0.000185578)
[#0] WARNING:Plotting -- At observable [x]=6.5 RooAddPdf::pdf_binhh4b2plus1_nuis[ n_exp_final_binhh4b2plus1_proc_QCD2plus1 * shapeBkg_hh4b2plus1_QCD2plus1_morph + n_exp_binhh4b2plus1_proc_Signal2plus1_mX_1400 * shapeSig_Signal2plus1_mX_1400_hh4b2plus1_rebinPdf ]
     p.d.f value is less than zero (-0.000000), forcing value to zero @ !refCoefNorm=(CMS_th1x = 6.5), !pdfs=(shapeBkg_hh4b2plus1_QCD2plus1_morph = 0.0575852/1,shapeSig_Signal2plus1_mX_1400_hh4b2plus1_rebinPdf = 0.000246451/1), !coefficients=(n_exp_final_binhh4b2plus1_proc_QCD2plus1 = 170.501,n_exp_binhh4b2plus1_proc_Signal2plus1_mX_1400 = -0.000185578)
[#0] WARNING:Plotting -- At observable [x]=7.5 RooAddPdf::pdf_binhh4b2plus1_nuis[ n_exp_final_binhh4b2plus1_proc_QCD2plus1 * shapeBkg_hh4b2plus1_QCD2plus1_morph + n_exp_binhh4b2plus1_proc_Signal2plus1_mX_1400 * shapeSig_Signal2plus1_mX_1400_hh4b2plus1_rebinPdf ]
     p.d.f value is less than zero (-0.000000), forcing value to zero @ !refCoefNorm=(CMS_th1x = 7.5), !pdfs=(shapeBkg_hh4b2plus1_QCD2plus1_morph = 0.0500681/1,shapeSig_Signal2plus1_mX_1400_hh4b2plus1_rebinPdf = 0.000649586/1), !coefficients=(n_exp_final_binhh4b2plus1_proc_QCD2plus1 = 170.501,n_exp_binhh4b2plus1_proc_Signal2plus1_mX_1400 = -0.000185578)
[#0] WARNING:Plotting -- At observable [x]=8.5 RooAddPdf::pdf_binhh4b2plus1_nuis[ n_exp_final_binhh4b2plus1_proc_QCD2plus1 * shapeBkg_hh4b2plus1_QCD2plus1_morph + n_exp_binhh4b2plus1_proc_Signal2plus1_mX_1400 * shapeSig_Signal2plus1_mX_1400_hh4b2plus1_rebinPdf ]
     p.d.f value is less than zero (-0.000000), forcing value to zero @ !refCoefNorm=(CMS_th1x = 8.5), !pdfs=(shapeBkg_hh4b2plus1_QCD2plus1_morph = 0.0460032/1,shapeSig_Signal2plus1_mX_1400_hh4b2plus1_rebinPdf = 0.00110572/1), !coefficients=(n_exp_final_binhh4b2plus1_proc_QCD2plus1 = 170.501,n_exp_binhh4b2plus1_proc_Signal2plus1_mX_1400 = -0.000185578)
[#0] WARNING:Plotting -- At observable [x]=9.5 RooAddPdf::pdf_binhh4b2plus1_nuis[ n_exp_final_binhh4b2plus1_proc_QCD2plus1 * shapeBkg_hh4b2plus1_QCD2plus1_morph + n_exp_binhh4b2plus1_proc_Signal2plus1_mX_1400 * shapeSig_Signal2plus1_mX_1400_hh4b2plus1_rebinPdf ]
     p.d.f value is less than zero (-0.000000), forcing value to zero @ !refCoefNorm=(CMS_th1x = 9.5), !pdfs=(shapeBkg_hh4b2plus1_QCD2plus1_morph = 0.0438769/1,shapeSig_Signal2plus1_mX_1400_hh4b2plus1_rebinPdf = 0.00650399/1), !coefficients=(n_exp_final_binhh4b2plus1_proc_QCD2plus1 = 170.501,n_exp_binhh4b2plus1_proc_Signal2plus1_mX_1400 = -0.000185578)
[#0] WARNING:Plotting -- At observable [x]=10.5 RooAddPdf::pdf_binhh4b2plus1_nuis[ n_exp_final_binhh4b2plus1_proc_QCD2plus1 * shapeBkg_hh4b2plus1_QCD2plus1_morph + n_exp_binhh4b2plus1_proc_Signal2plus1_mX_1400 * shapeSig_Signal2plus1_mX_1400_hh4b2plus1_rebinPdf ]
     p.d.f value is less than zero (-0.000000), forcing value to zero @ !refCoefNorm=(CMS_th1x = 10.5), !pdfs=(shapeBkg_hh4b2plus1_QCD2plus1_morph = 0.0322081/1,shapeSig_Signal2plus1_mX_1400_hh4b2plus1_rebinPdf = 0.030081/1), !coefficients=(n_exp_final_binhh4b2plus1_proc_QCD2plus1 = 170.501,n_exp_binhh4b2plus1_proc_Signal2plus1_mX_1400 = -0.000185578)
[#0] WARNING:Plotting -- At observable [x]=11.5 RooAddPdf::pdf_binhh4b2plus1_nuis[ n_exp_final_binhh4b2plus1_proc_QCD2plus1 * shapeBkg_hh4b2plus1_QCD2plus1_morph + n_exp_binhh4b2plus1_proc_Signal2plus1_mX_1400 * shapeSig_Signal2plus1_mX_1400_hh4b2plus1_rebinPdf ]
     p.d.f value is less than zero (-0.000000), forcing value to zero @ !refCoefNorm=(CMS_th1x = 11.5), !pdfs=(shapeBkg_hh4b2plus1_QCD2plus1_morph = 0.00900843/1,shapeSig_Signal2plus1_mX_1400_hh4b2plus1_rebinPdf = 0.101953/1), !coefficients=(n_exp_final_binhh4b2plus1_proc_QCD2plus1 = 170.501,n_exp_binhh4b2plus1_proc_Signal2plus1_mX_1400 = -0.000185578)
[#0] WARNING:Plotting -- At observable [x]=12.5 RooAddPdf::pdf_binhh4b2plus1_nuis[ n_exp_final_binhh4b2plus1_proc_QCD2plus1 * shapeBkg_hh4b2plus1_QCD2plus1_morph + n_exp_binhh4b2plus1_proc_Signal2plus1_mX_1400 * shapeSig_Signal2plus1_mX_1400_hh4b2plus1_rebinPdf ]
     p.d.f value is less than zero (-0.000000), forcing value to zero @ !refCoefNorm=(CMS_th1x = 12.5), !pdfs=(shapeBkg_hh4b2plus1_QCD2plus1_morph = 0.0204498/1,shapeSig_Signal2plus1_mX_1400_hh4b2plus1_rebinPdf = 0.257523/1), !coefficients=(n_exp_final_binhh4b2plus1_proc_QCD2plus1 = 170.501,n_exp_binhh4b2plus1_proc_Signal2plus1_mX_1400 = -0.000185578)
[#0] WARNING:Plotting -- At observable [x]=13.5 RooAddPdf::pdf_binhh4b2plus1_nuis[ n_exp_final_binhh4b2plus1_proc_QCD2plus1 * shapeBkg_hh4b2plus1_QCD2plus1_morph + n_exp_binhh4b2plus1_proc_Signal2plus1_mX_1400 * shapeSig_Signal2plus1_mX_1400_hh4b2plus1_rebinPdf ]
     p.d.f value is less than zero (-0.000000), forcing value to zero @ !refCoefNorm=(CMS_th1x = 13.5), !pdfs=(shapeBkg_hh4b2plus1_QCD2plus1_morph = 0.00956676/1,shapeSig_Signal2plus1_mX_1400_hh4b2plus1_rebinPdf = 0.37142/1), !coefficients=(n_exp_final_binhh4b2plus1_proc_QCD2plus1 = 170.501,n_exp_binhh4b2plus1_proc_Signal2plus1_mX_1400 = -0.000185578)
[#0] WARNING:Plotting -- At observable [x]=14.5 RooAddPdf::pdf_binhh4b2plus1_nuis[ n_exp_final_binhh4b2plus1_proc_QCD2plus1 * shapeBkg_hh4b2plus1_QCD2plus1_morph + n_exp_binhh4b2plus1_proc_Signal2plus1_mX_1400 * shapeSig_Signal2plus1_mX_1400_hh4b2plus1_rebinPdf ]
     p.d.f value is less than zero (-0.000000), forcing value to zero @ !refCoefNorm=(CMS_th1x = 14.5), !pdfs=(shapeBkg_hh4b2plus1_QCD2plus1_morph = 0.00711771/1,shapeSig_Signal2plus1_mX_1400_hh4b2plus1_rebinPdf = 0.199273/1), !coefficients=(n_exp_final_binhh4b2plus1_proc_QCD2plus1 = 170.501,n_exp_binhh4b2plus1_proc_Signal2plus1_mX_1400 = -0.000185578)
[#0] WARNING:Plotting -- At observable [x]=15.5 RooAddPdf::pdf_binhh4b2plus1_nuis[ n_exp_final_binhh4b2plus1_proc_QCD2plus1 * shapeBkg_hh4b2plus1_QCD2plus1_morph + n_exp_binhh4b2plus1_proc_Signal2plus1_mX_1400 * shapeSig_Signal2plus1_mX_1400_hh4b2plus1_rebinPdf ]
     p.d.f value is less than zero (-0.000000), forcing value to zero @ !refCoefNorm=(CMS_th1x = 15.5), !pdfs=(shapeBkg_hh4b2plus1_QCD2plus1_morph = 0.0114963/1,shapeSig_Signal2plus1_mX_1400_hh4b2plus1_rebinPdf = 0.0295311/1), !coefficients=(n_exp_final_binhh4b2plus1_proc_QCD2plus1 = 170.501,n_exp_binhh4b2plus1_proc_Signal2plus1_mX_1400 = -0.000185578)
[#0] WARNING:Plotting -- At observable [x]=16.5 RooAddPdf::pdf_binhh4b2plus1_nuis[ n_exp_final_binhh4b2plus1_proc_QCD2plus1 * shapeBkg_hh4b2plus1_QCD2plus1_morph + n_exp_binhh4b2plus1_proc_Signal2plus1_mX_1400 * shapeSig_Signal2plus1_mX_1400_hh4b2plus1_rebinPdf ]
     p.d.f value is less than zero (-0.000000), forcing value to zero @ !refCoefNorm=(CMS_th1x = 16.5), !pdfs=(shapeBkg_hh4b2plus1_QCD2plus1_morph = 0.00690879/1,shapeSig_Signal2plus1_mX_1400_hh4b2plus1_rebinPdf = 5.51317e-05/1), !coefficients=(n_exp_final_binhh4b2plus1_proc_QCD2plus1 = 170.501,n_exp_binhh4b2plus1_proc_Signal2plus1_mX_1400 = -0.000185578)
[#0] WARNING:Plotting -- At observable [x]=17.5 RooAddPdf::pdf_binhh4b2plus1_nuis[ n_exp_final_binhh4b2plus1_proc_QCD2plus1 * shapeBkg_hh4b2plus1_QCD2plus1_morph + n_exp_binhh4b2plus1_proc_Signal2plus1_mX_1400 * shapeSig_Signal2plus1_mX_1400_hh4b2plus1_rebinPdf ]
     p.d.f value is less than zero (-0.000000), forcing value to zero @ !refCoefNorm=(CMS_th1x = 17.5), !pdfs=(shapeBkg_hh4b2plus1_QCD2plus1_morph = 0.00234338/1,shapeSig_Signal2plus1_mX_1400_hh4b2plus1_rebinPdf = 1e-09/1), !coefficients=(n_exp_final_binhh4b2plus1_proc_QCD2plus1 = 170.501,n_exp_binhh4b2plus1_proc_Signal2plus1_mX_1400 = -0.000185578)
[#0] WARNING:Plotting -- At observable [x]=18.5 RooAddPdf::pdf_binhh4b2plus1_nuis[ n_exp_final_binhh4b2plus1_proc_QCD2plus1 * shapeBkg_hh4b2plus1_QCD2plus1_morph + n_exp_binhh4b2plus1_proc_Signal2plus1_mX_1400 * shapeSig_Signal2plus1_mX_1400_hh4b2plus1_rebinPdf ]
     p.d.f value is less than zero (-0.000000), forcing value to zero @ !refCoefNorm=(CMS_th1x = 18.5), !pdfs=(shapeBkg_hh4b2plus1_QCD2plus1_morph = 0.00905237/1,shapeSig_Signal2plus1_mX_1400_hh4b2plus1_rebinPdf = 1e-09/1), !coefficients=(n_exp_final_binhh4b2plus1_proc_QCD2plus1 = 170.501,n_exp_binhh4b2plus1_proc_Signal2plus1_mX_1400 = -0.000185578)
[#0] WARNING:Plotting -- At observable [x]=19.5 RooAddPdf::pdf_binhh4b2plus1_nuis[ n_exp_final_binhh4b2plus1_proc_QCD2plus1 * shapeBkg_hh4b2plus1_QCD2plus1_morph + n_exp_binhh4b2plus1_proc_Signal2plus1_mX_1400 * shapeSig_Signal2plus1_mX_1400_hh4b2plus1_rebinPdf ]
     p.d.f value is less than zero (-0.000000), forcing value to zero @ !refCoefNorm=(CMS_th1x = 19.5), !pdfs=(shapeBkg_hh4b2plus1_QCD2plus1_morph = 0/1,shapeSig_Signal2plus1_mX_1400_hh4b2plus1_rebinPdf = 1e-09/1), !coefficients=(n_exp_final_binhh4b2plus1_proc_QCD2plus1 = 170.501,n_exp_binhh4b2plus1_proc_Signal2plus1_mX_1400 = -0.000185578)
[#0] WARNING:Plotting -- At observable [x]=20.5 RooAddPdf::pdf_binhh4b2plus1_nuis[ n_exp_final_binhh4b2plus1_proc_QCD2plus1 * shapeBkg_hh4b2plus1_QCD2plus1_morph + n_exp_binhh4b2plus1_proc_Signal2plus1_mX_1400 * shapeSig_Signal2plus1_mX_1400_hh4b2plus1_rebinPdf ]
     p.d.f value is less than zero (-0.000000), forcing value to zero @ !refCoefNorm=(CMS_th1x = 20.5), !pdfs=(shapeBkg_hh4b2plus1_QCD2plus1_morph = 0.00668272/1,shapeSig_Signal2plus1_mX_1400_hh4b2plus1_rebinPdf = 1e-09/1), !coefficients=(n_exp_final_binhh4b2plus1_proc_QCD2plus1 = 170.501,n_exp_binhh4b2plus1_proc_Signal2plus1_mX_1400 = -0.000185578)
[#0] WARNING:Plotting -- At observable [x]=21.5 RooAddPdf::pdf_binhh4b2plus1_nuis[ n_exp_final_binhh4b2plus1_proc_QCD2plus1 * shapeBkg_hh4b2plus1_QCD2plus1_morph + n_exp_binhh4b2plus1_proc_Signal2plus1_mX_1400 * shapeSig_Signal2plus1_mX_1400_hh4b2plus1_rebinPdf ]
     p.d.f value is less than zero (-0.000000), forcing value to zero @ !refCoefNorm=(CMS_th1x = 21.5), !pdfs=(shapeBkg_hh4b2plus1_QCD2plus1_morph = 0.00456451/1,shapeSig_Signal2plus1_mX_1400_hh4b2plus1_rebinPdf = 1e-09/1), !coefficients=(n_exp_final_binhh4b2plus1_proc_QCD2plus1 = 170.501,n_exp_binhh4b2plus1_proc_Signal2plus1_mX_1400 = -0.000185578)
[#0] WARNING:Plotting -- At observable [x]=22.5 RooAddPdf::pdf_binhh4b2plus1_nuis[ n_exp_final_binhh4b2plus1_proc_QCD2plus1 * shapeBkg_hh4b2plus1_QCD2plus1_morph + n_exp_binhh4b2plus1_proc_Signal2plus1_mX_1400 * shapeSig_Signal2plus1_mX_1400_hh4b2plus1_rebinPdf ]
     p.d.f value is less than zero (-0.000000), forcing value to zero @ !refCoefNorm=(CMS_th1x = 22.5), !pdfs=(shapeBkg_hh4b2plus1_QCD2plus1_morph = 0.0024009/1,shapeSig_Signal2plus1_mX_1400_hh4b2plus1_rebinPdf = 1e-09/1), !coefficients=(n_exp_final_binhh4b2plus1_proc_QCD2plus1 = 170.501,n_exp_binhh4b2plus1_proc_Signal2plus1_mX_1400 = -0.000185578)
[#0] WARNING:Plotting -- At observable [x]=23.5 RooAddPdf::pdf_binhh4b2plus1_nuis[ n_exp_final_binhh4b2plus1_proc_QCD2plus1 * shapeBkg_hh4b2plus1_QCD2plus1_morph + n_exp_binhh4b2plus1_proc_Signal2plus1_mX_1400 * shapeSig_Signal2plus1_mX_1400_hh4b2plus1_rebinPdf ]
     p.d.f value is less than zero (-0.000000), forcing value to zero @ !refCoefNorm=(CMS_th1x = 23.5), !pdfs=(shapeBkg_hh4b2plus1_QCD2plus1_morph = 0.00225337/1,shapeSig_Signal2plus1_mX_1400_hh4b2plus1_rebinPdf = 1e-09/1), !coefficients=(n_exp_final_binhh4b2plus1_proc_QCD2plus1 = 170.501,n_exp_binhh4b2plus1_proc_Signal2plus1_mX_1400 = -0.000185578)
[#0] WARNING:Plotting -- At observable [x]=24.5 RooAddPdf::pdf_binhh4b2plus1_nuis[ n_exp_final_binhh4b2plus1_proc_QCD2plus1 * shapeBkg_hh4b2plus1_QCD2plus1_morph + n_exp_binhh4b2plus1_proc_Signal2plus1_mX_1400 * shapeSig_Signal2plus1_mX_1400_hh4b2plus1_rebinPdf ]
     p.d.f value is less than zero (-0.000000), forcing value to zero @ !refCoefNorm=(CMS_th1x = 24.5), !pdfs=(shapeBkg_hh4b2plus1_QCD2plus1_morph = 0.00222524/1,shapeSig_Signal2plus1_mX_1400_hh4b2plus1_rebinPdf = 1e-09/1), !coefficients=(n_exp_final_binhh4b2plus1_proc_QCD2plus1 = 170.501,n_exp_binhh4b2plus1_proc_Signal2plus1_mX_1400 = -0.000185578)
[#0] WARNING:Plotting -- At observable [x]=20 RooAddPdf::pdf_binhh4b2plus1_nuis[ n_exp_final_binhh4b2plus1_proc_QCD2plus1 * shapeBkg_hh4b2plus1_QCD2plus1_morph + n_exp_binhh4b2plus1_proc_Signal2plus1_mX_1400 * shapeSig_Signal2plus1_mX_1400_hh4b2plus1_rebinPdf ]
     p.d.f value is less than zero (-0.000000), forcing value to zero @ !refCoefNorm=(CMS_th1x = 20), !pdfs=(shapeBkg_hh4b2plus1_QCD2plus1_morph = 0/1,shapeSig_Signal2plus1_mX_1400_hh4b2plus1_rebinPdf = 1e-09/1), !coefficients=(n_exp_final_binhh4b2plus1_proc_QCD2plus1 = 170.501,n_exp_binhh4b2plus1_proc_Signal2plus1_mX_1400 = -0.000185578)
[#0] WARNING:Plotting -- At observable [x]=19.5 RooAddPdf::pdf_binhh4b2plus1_nuis[ n_exp_final_binhh4b2plus1_proc_QCD2plus1 * shapeBkg_hh4b2plus1_QCD2plus1_morph + n_exp_binhh4b2plus1_proc_Signal2plus1_mX_1400 * shapeSig_Signal2plus1_mX_1400_hh4b2plus1_rebinPdf ]
     p.d.f value is less than zero (-0.000000), forcing value to zero @ !refCoefNorm=(CMS_th1x = 19.5), !pdfs=(shapeBkg_hh4b2plus1_QCD2plus1_morph = 0/1,shapeSig_Signal2plus1_mX_1400_hh4b2plus1_rebinPdf = 1e-09/1), !coefficients=(n_exp_final_binhh4b2plus1_proc_QCD2plus1 = 170.501,n_exp_binhh4b2plus1_proc_Signal2plus1_mX_1400 = -0.000185578)
[#0] WARNING:Plotting -- At observable [x]=19.25 RooAddPdf::pdf_binhh4b2plus1_nuis[ n_exp_final_binhh4b2plus1_proc_QCD2plus1 * shapeBkg_hh4b2plus1_QCD2plus1_morph + n_exp_binhh4b2plus1_proc_Signal2plus1_mX_1400 * shapeSig_Signal2plus1_mX_1400_hh4b2plus1_rebinPdf ]
     p.d.f value is less than zero (-0.000000), forcing value to zero @ !refCoefNorm=(CMS_th1x = 19.25), !pdfs=(shapeBkg_hh4b2plus1_QCD2plus1_morph = 0/1,shapeSig_Signal2plus1_mX_1400_hh4b2plus1_rebinPdf = 1e-09/1), !coefficients=(n_exp_final_binhh4b2plus1_proc_QCD2plus1 = 170.501,n_exp_binhh4b2plus1_proc_Signal2plus1_mX_1400 = -0.000185578)
[#0] WARNING:Plotting -- At observable [x]=19.125 RooAddPdf::pdf_binhh4b2plus1_nuis[ n_exp_final_binhh4b2plus1_proc_QCD2plus1 * shapeBkg_hh4b2plus1_QCD2plus1_morph + n_exp_binhh4b2plus1_proc_Signal2plus1_mX_1400 * shapeSig_Signal2plus1_mX_1400_hh4b2plus1_rebinPdf ]
     p.d.f value is less than zero (-0.000000), forcing value to zero @ !refCoefNorm=(CMS_th1x = 19.125), !pdfs=(shapeBkg_hh4b2plus1_QCD2plus1_morph = 0/1,shapeSig_Signal2plus1_mX_1400_hh4b2plus1_rebinPdf = 1e-09/1), !coefficients=(n_exp_final_binhh4b2plus1_proc_QCD2plus1 = 170.501,n_exp_binhh4b2plus1_proc_Signal2plus1_mX_1400 = -0.000185578)
[#0] WARNING:Plotting -- At observable [x]=19.0625 RooAddPdf::pdf_binhh4b2plus1_nuis[ n_exp_final_binhh4b2plus1_proc_QCD2plus1 * shapeBkg_hh4b2plus1_QCD2plus1_morph + n_exp_binhh4b2plus1_proc_Signal2plus1_mX_1400 * shapeSig_Signal2plus1_mX_1400_hh4b2plus1_rebinPdf ]
     p.d.f value is less than zero (-0.000000), forcing value to zero @ !refCoefNorm=(CMS_th1x = 19.0625), !pdfs=(shapeBkg_hh4b2plus1_QCD2plus1_morph = 0/1,shapeSig_Signal2plus1_mX_1400_hh4b2plus1_rebinPdf = 1e-09/1), !coefficients=(n_exp_final_binhh4b2plus1_proc_QCD2plus1 = 170.501,n_exp_binhh4b2plus1_proc_Signal2plus1_mX_1400 = -0.000185578)
[#0] WARNING:Plotting -- At observable [x]=19.0312 RooAddPdf::pdf_binhh4b2plus1_nuis[ n_exp_final_binhh4b2plus1_proc_QCD2plus1 * shapeBkg_hh4b2plus1_QCD2plus1_morph + n_exp_binhh4b2plus1_proc_Signal2plus1_mX_1400 * shapeSig_Signal2plus1_mX_1400_hh4b2plus1_rebinPdf ]
     p.d.f value is less than zero (-0.000000), forcing value to zero @ !refCoefNorm=(CMS_th1x = 19.0312), !pdfs=(shapeBkg_hh4b2plus1_QCD2plus1_morph = 0/1,shapeSig_Signal2plus1_mX_1400_hh4b2plus1_rebinPdf = 1e-09/1), !coefficients=(n_exp_final_binhh4b2plus1_proc_QCD2plus1 = 170.501,n_exp_binhh4b2plus1_proc_Signal2plus1_mX_1400 = -0.000185578)
[#0] WARNING:Plotting -- At observable [x]=19.0156 RooAddPdf::pdf_binhh4b2plus1_nuis[ n_exp_final_binhh4b2plus1_proc_QCD2plus1 * shapeBkg_hh4b2plus1_QCD2plus1_morph + n_exp_binhh4b2plus1_proc_Signal2plus1_mX_1400 * shapeSig_Signal2plus1_mX_1400_hh4b2plus1_rebinPdf ]
     p.d.f value is less than zero (-0.000000), forcing value to zero @ !refCoefNorm=(CMS_th1x = 19.0156), !pdfs=(shapeBkg_hh4b2plus1_QCD2plus1_morph = 0/1,shapeSig_Signal2plus1_mX_1400_hh4b2plus1_rebinPdf = 1e-09/1), !coefficients=(n_exp_final_binhh4b2plus1_proc_QCD2plus1 = 170.501,n_exp_binhh4b2plus1_proc_Signal2plus1_mX_1400 = -0.000185578)
[#0] WARNING:Plotting -- At observable [x]=19.0469 RooAddPdf::pdf_binhh4b2plus1_nuis[ n_exp_final_binhh4b2plus1_proc_QCD2plus1 * shapeBkg_hh4b2plus1_QCD2plus1_morph + n_exp_binhh4b2plus1_proc_Signal2plus1_mX_1400 * shapeSig_Signal2plus1_mX_1400_hh4b2plus1_rebinPdf ]
     p.d.f value is less than zero (-0.000000), forcing value to zero @ !refCoefNorm=(CMS_th1x = 19.0469), !pdfs=(shapeBkg_hh4b2plus1_QCD2plus1_morph = 0/1,shapeSig_Signal2plus1_mX_1400_hh4b2plus1_rebinPdf = 1e-09/1), !coefficients=(n_exp_final_binhh4b2plus1_proc_QCD2plus1 = 170.501,n_exp_binhh4b2plus1_proc_Signal2plus1_mX_1400 = -0.000185578)
[#0] WARNING:Plotting -- At observable [x]=19.0938 RooAddPdf::pdf_binhh4b2plus1_nuis[ n_exp_final_binhh4b2plus1_proc_QCD2plus1 * shapeBkg_hh4b2plus1_QCD2plus1_morph + n_exp_binhh4b2plus1_proc_Signal2plus1_mX_1400 * shapeSig_Signal2plus1_mX_1400_hh4b2plus1_rebinPdf ]
     p.d.f value is less than zero (-0.000000), forcing value to zero @ !refCoefNorm=(CMS_th1x = 19.0938), !pdfs=(shapeBkg_hh4b2plus1_QCD2plus1_morph = 0/1,shapeSig_Signal2plus1_mX_1400_hh4b2plus1_rebinPdf = 1e-09/1), !coefficients=(n_exp_final_binhh4b2plus1_proc_QCD2plus1 = 170.501,n_exp_binhh4b2plus1_proc_Signal2plus1_mX_1400 = -0.000185578)
[#0] WARNING:Plotting -- At observable [x]=19.1875 RooAddPdf::pdf_binhh4b2plus1_nuis[ n_exp_final_binhh4b2plus1_proc_QCD2plus1 * shapeBkg_hh4b2plus1_QCD2plus1_morph + n_exp_binhh4b2plus1_proc_Signal2plus1_mX_1400 * shapeSig_Signal2plus1_mX_1400_hh4b2plus1_rebinPdf ]
     p.d.f value is less than zero (-0.000000), forcing value to zero @ !refCoefNorm=(CMS_th1x = 19.1875), !pdfs=(shapeBkg_hh4b2plus1_QCD2plus1_morph = 0/1,shapeSig_Signal2plus1_mX_1400_hh4b2plus1_rebinPdf = 1e-09/1), !coefficients=(n_exp_final_binhh4b2plus1_proc_QCD2plus1 = 170.501,n_exp_binhh4b2plus1_proc_Signal2plus1_mX_1400 = -0.000185578)
[#0] WARNING:Plotting -- At observable [x]=19.375 RooAddPdf::pdf_binhh4b2plus1_nuis[ n_exp_final_binhh4b2plus1_proc_QCD2plus1 * shapeBkg_hh4b2plus1_QCD2plus1_morph + n_exp_binhh4b2plus1_proc_Signal2plus1_mX_1400 * shapeSig_Signal2plus1_mX_1400_hh4b2plus1_rebinPdf ]
     p.d.f value is less than zero (-0.000000), forcing value to zero @ !refCoefNorm=(CMS_th1x = 19.375), !pdfs=(shapeBkg_hh4b2plus1_QCD2plus1_morph = 0/1,shapeSig_Signal2plus1_mX_1400_hh4b2plus1_rebinPdf = 1e-09/1), !coefficients=(n_exp_final_binhh4b2plus1_proc_QCD2plus1 = 170.501,n_exp_binhh4b2plus1_proc_Signal2plus1_mX_1400 = -0.000185578)
[#0] WARNING:Plotting -- At observable [x]=19.75 RooAddPdf::pdf_binhh4b2plus1_nuis[ n_exp_final_binhh4b2plus1_proc_QCD2plus1 * shapeBkg_hh4b2plus1_QCD2plus1_morph + n_exp_binhh4b2plus1_proc_Signal2plus1_mX_1400 * shapeSig_Signal2plus1_mX_1400_hh4b2plus1_rebinPdf ]
     p.d.f value is less than zero (-0.000000), forcing value to zero @ !refCoefNorm=(CMS_th1x = 19.75), !pdfs=(shapeBkg_hh4b2plus1_QCD2plus1_morph = 0/1,shapeSig_Signal2plus1_mX_1400_hh4b2plus1_rebinPdf = 1e-09/1), !coefficients=(n_exp_final_binhh4b2plus1_proc_QCD2plus1 = 170.501,n_exp_binhh4b2plus1_proc_Signal2plus1_mX_1400 = -0.000185578)

 --- MaxLikelihoodFit ---
Best fit r: -0.000112559  -4.99989/+5.00011  (68% CL)
nll S+B -> 0.033478  nll B -> 0
Done in 0.03 min (cpu), 0.03 min (real)
