Info in <TCanvas::Print>: png file Limits/sig800/hh4b2plus1_fit_s.png has been created
Warning in <TFile::Append>: Replacing existing TH1: correlation_matrix (Potential memory leak).
Info in <TCanvas::Print>: png file Limits/sig800/covariance_fit_s.png has been created
(hh4b2plus1_plot__CMS_th1x) WARNING: non-integer bin entry 17.8611 with Poisson errors, interpolating between Poisson errors of adjacent integer
[#0] WARNING:Plotting -- RooHist::addBin(hh4b2plus1_plot__CMS_th1x) WARNING: non-integer bin entry 27.0425 with Poisson errors, interpolating between Poisson errors of adjacent integer
[#0] WARNING:Plotting -- RooHist::addBin(hh4b2plus1_plot__CMS_th1x) WARNING: non-integer bin entry 21.0588 with Poisson errors, interpolating between Poisson errors of adjacent integer
[#0] WARNING:Plotting -- RooHist::addBin(hh4b2plus1_plot__CMS_th1x) WARNING: non-integer bin entry 22.6305 with Poisson errors, interpolating between Poisson errors of adjacent integer
[#0] WARNING:Plotting -- RooHist::addBin(hh4b2plus1_plot__CMS_th1x) WARNING: non-integer bin entry 13.1726 with Poisson errors, interpolating between Poisson errors of adjacent integer
[#0] WARNING:Plotting -- RooHist::addBin(hh4b2plus1_plot__CMS_th1x) WARNING: non-integer bin entry 9.71275 with Poisson errors, interpolating between Poisson errors of adjacent integer
[#0] WARNING:Plotting -- RooHist::addBin(hh4b2plus1_plot__CMS_th1x) WARNING: non-integer bin entry 8.44501 with Poisson errors, interpolating between Poisson errors of adjacent integer
[#0] WARNING:Plotting -- RooHist::addBin(hh4b2plus1_plot__CMS_th1x) WARNING: non-integer bin entry 7.75365 with Poisson errors, interpolating between Poisson errors of adjacent integer
[#0] WARNING:Plotting -- RooHist::addBin(hh4b2plus1_plot__CMS_th1x) WARNING: non-integer bin entry 7.39454 with Poisson errors, interpolating between Poisson errors of adjacent integer
[#0] WARNING:Plotting -- RooHist::addBin(hh4b2plus1_plot__CMS_th1x) WARNING: non-integer bin entry 5.42858 with Poisson errors, interpolating between Poisson errors of adjacent integer
[#0] WARNING:Plotting -- RooHist::addBin(hh4b2plus1_plot__CMS_th1x) WARNING: non-integer bin entry 1.5148 with Poisson errors, interpolating between Poisson errors of adjacent integer
[#0] WARNING:Plotting -- RooHist::addBin(hh4b2plus1_plot__CMS_th1x) WARNING: non-integer bin entry 3.42598 with Poisson errors, interpolating between Poisson errors of adjacent integer
[#0] WARNING:Plotting -- RooHist::addBin(hh4b2plus1_plot__CMS_th1x) WARNING: non-integer bin entry 1.57015 with Poisson errors, interpolating between Poisson errors of adjacent integer
[#0] WARNING:Plotting -- RooHist::addBin(hh4b2plus1_plot__CMS_th1x) WARNING: non-integer bin entry 1.1732 with Poisson errors, interpolating between Poisson errors of adjacent integer
[#0] WARNING:Plotting -- RooHist::addBin(hh4b2plus1_plot__CMS_th1x) WARNING: non-integer bin entry 1.93335 with Poisson errors, interpolating between Poisson errors of adjacent integer
[#0] WARNING:Plotting -- RooHist::addBin(hh4b2plus1_plot__CMS_th1x) WARNING: non-integer bin entry 1.16159 with Poisson errors, interpolating between Poisson errors of adjacent integer
[#0] WARNING:Plotting -- RooHist::addBin(hh4b2plus1_plot__CMS_th1x) WARNING: non-integer bin entry 0.394967 with Poisson errors, interpolating between Poisson errors of adjacent integer
[#0] WARNING:Plotting -- RooHist::addBin(hh4b2plus1_plot__CMS_th1x) WARNING: non-integer bin entry 1.52557 with Poisson errors, interpolating between Poisson errors of adjacent integer
[#0] WARNING:Plotting -- RooHist::addBin(hh4b2plus1_plot__CMS_th1x) WARNING: non-integer bin entry 1.12607 with Poisson errors, interpolating between Poisson errors of adjacent integer
[#0] WARNING:Plotting -- RooHist::addBin(hh4b2plus1_plot__CMS_th1x) WARNING: non-integer bin entry 0.769082 with Poisson errors, interpolating between Poisson errors of adjacent integer
[#0] WARNING:Plotting -- RooHist::addBin(hh4b2plus1_plot__CMS_th1x) WARNING: non-integer bin entry 0.404585 with Poisson errors, interpolating between Poisson errors of adjacent integer
[#0] WARNING:Plotting -- RooHist::addBin(hh4b2plus1_plot__CMS_th1x) WARNING: non-integer bin entry 0.379811 with Poisson errors, interpolating between Poisson errors of adjacent integer
[#0] WARNING:Plotting -- RooHist::addBin(hh4b2plus1_plot__CMS_th1x) WARNING: non-integer bin entry 0.375051 with Poisson errors, interpolating between Poisson errors of adjacent integer
[#0] ERROR:Eval -- RooAbsReal::logEvalError(pdf_binhh4b2plus1_nuis) evaluation error, 
 origin       : RooAddPdf::pdf_binhh4b2plus1_nuis[ n_exp_final_binhh4b2plus1_proc_QCD2plus1 * shapeBkg_hh4b2plus1_QCD2plus1_morph + n_exp_binhh4b2plus1_proc_Signal2plus1_mX_800 * shapeSig_Signal2plus1_mX_800_hh4b2plus1_rebinPdf ]
 message      : p.d.f value is less than zero (-0.000000), forcing value to zero
 server values: !refCoefNorm=(), !pdfs=(shapeBkg_hh4b2plus1_QCD2plus1_morph = 0.0203483,shapeSig_Signal2plus1_mX_800_hh4b2plus1_rebinPdf = 0.000208016), !coefficients=(n_exp_final_binhh4b2plus1_proc_QCD2plus1 = 168.352,n_exp_binhh4b2plus1_proc_Signal2plus1_mX_800 = -0.0203951)
[#0] ERROR:Eval -- RooAbsReal::logEvalError(pdf_binhh4b2plus1_nuis) evaluation error, 
 origin       : RooAddPdf::pdf_binhh4b2plus1_nuis[ n_exp_final_binhh4b2plus1_proc_QCD2plus1 * shapeBkg_hh4b2plus1_QCD2plus1_morph + n_exp_binhh4b2plus1_proc_Signal2plus1_mX_800 * shapeSig_Signal2plus1_mX_800_hh4b2plus1_rebinPdf ]
 message      : p.d.f value is less than zero (-0.000000), forcing value to zero
 server values: !refCoefNorm=(), !pdfs=(shapeBkg_hh4b2plus1_QCD2plus1_morph = 0.0203483,shapeSig_Signal2plus1_mX_800_hh4b2plus1_rebinPdf = 0.000208016), !coefficients=(n_exp_final_binhh4b2plus1_proc_QCD2plus1 = 168.352,n_exp_binhh4b2plus1_proc_Signal2plus1_mX_800 = -0.0203951)
[#0] ERROR:Eval -- RooAbsReal::logEvalError(pdf_binhh4b2plus1_nuis) evaluation error, 
 origin       : RooAddPdf::pdf_binhh4b2plus1_nuis[ n_exp_final_binhh4b2plus1_proc_QCD2plus1 * shapeBkg_hh4b2plus1_QCD2plus1_morph + n_exp_binhh4b2plus1_proc_Signal2plus1_mX_800 * shapeSig_Signal2plus1_mX_800_hh4b2plus1_rebinPdf ]
 message      : p.d.f value is less than zero (-0.000000), forcing value to zero
 server values: !refCoefNorm=(), !pdfs=(shapeBkg_hh4b2plus1_QCD2plus1_morph = 0.0203483/1,shapeSig_Signal2plus1_mX_800_hh4b2plus1_rebinPdf = 0.000208016/1), !coefficients=(n_exp_final_binhh4b2plus1_proc_QCD2plus1 = 168.352,n_exp_binhh4b2plus1_proc_Signal2plus1_mX_800 = -0.0203951)
[#0] WARNING:Plotting -- At observable [x]=1 RooAddPdf::pdf_binhh4b2plus1_nuis[ n_exp_final_binhh4b2plus1_proc_QCD2plus1 * shapeBkg_hh4b2plus1_QCD2plus1_morph + n_exp_binhh4b2plus1_proc_Signal2plus1_mX_800 * shapeSig_Signal2plus1_mX_800_hh4b2plus1_rebinPdf ]
     p.d.f value is less than zero (-0.000000), forcing value to zero @ !refCoefNorm=(CMS_th1x = 1), !pdfs=(shapeBkg_hh4b2plus1_QCD2plus1_morph = 0.0719706/1,shapeSig_Signal2plus1_mX_800_hh4b2plus1_rebinPdf = 0.00014268/1), !coefficients=(n_exp_final_binhh4b2plus1_proc_QCD2plus1 = 168.352,n_exp_binhh4b2plus1_proc_Signal2plus1_mX_800 = -0.0203951)
[#0] WARNING:Plotting -- At observable [x]=2 RooAddPdf::pdf_binhh4b2plus1_nuis[ n_exp_final_binhh4b2plus1_proc_QCD2plus1 * shapeBkg_hh4b2plus1_QCD2plus1_morph + n_exp_binhh4b2plus1_proc_Signal2plus1_mX_800 * shapeSig_Signal2plus1_mX_800_hh4b2plus1_rebinPdf ]
     p.d.f value is less than zero (-0.000000), forcing value to zero @ !refCoefNorm=(CMS_th1x = 2), !pdfs=(shapeBkg_hh4b2plus1_QCD2plus1_morph = 0.106076/1,shapeSig_Signal2plus1_mX_800_hh4b2plus1_rebinPdf = 0.000123987/1), !coefficients=(n_exp_final_binhh4b2plus1_proc_QCD2plus1 = 168.352,n_exp_binhh4b2plus1_proc_Signal2plus1_mX_800 = -0.0203951)
[#0] WARNING:Plotting -- At observable [x]=3 RooAddPdf::pdf_binhh4b2plus1_nuis[ n_exp_final_binhh4b2plus1_proc_QCD2plus1 * shapeBkg_hh4b2plus1_QCD2plus1_morph + n_exp_binhh4b2plus1_proc_Signal2plus1_mX_800 * shapeSig_Signal2plus1_mX_800_hh4b2plus1_rebinPdf ]
     p.d.f value is less than zero (-0.000000), forcing value to zero @ !refCoefNorm=(CMS_th1x = 3), !pdfs=(shapeBkg_hh4b2plus1_QCD2plus1_morph = 0.160584/1,shapeSig_Signal2plus1_mX_800_hh4b2plus1_rebinPdf = 0.0028302/1), !coefficients=(n_exp_final_binhh4b2plus1_proc_QCD2plus1 = 168.352,n_exp_binhh4b2plus1_proc_Signal2plus1_mX_800 = -0.0203951)
[#0] WARNING:Plotting -- At observable [x]=4 RooAddPdf::pdf_binhh4b2plus1_nuis[ n_exp_final_binhh4b2plus1_proc_QCD2plus1 * shapeBkg_hh4b2plus1_QCD2plus1_morph + n_exp_binhh4b2plus1_proc_Signal2plus1_mX_800 * shapeSig_Signal2plus1_mX_800_hh4b2plus1_rebinPdf ]
     p.d.f value is less than zero (-0.000005), forcing value to zero @ !refCoefNorm=(CMS_th1x = 4), !pdfs=(shapeBkg_hh4b2plus1_QCD2plus1_morph = 0.125063/1,shapeSig_Signal2plus1_mX_800_hh4b2plus1_rebinPdf = 0.042681/1), !coefficients=(n_exp_final_binhh4b2plus1_proc_QCD2plus1 = 168.352,n_exp_binhh4b2plus1_proc_Signal2plus1_mX_800 = -0.0203951)
[#0] WARNING:Plotting -- At observable [x]=5 RooAddPdf::pdf_binhh4b2plus1_nuis[ n_exp_final_binhh4b2plus1_proc_QCD2plus1 * shapeBkg_hh4b2plus1_QCD2plus1_morph + n_exp_binhh4b2plus1_proc_Signal2plus1_mX_800 * shapeSig_Signal2plus1_mX_800_hh4b2plus1_rebinPdf ]
     p.d.f value is less than zero (-0.000054), forcing value to zero @ !refCoefNorm=(CMS_th1x = 5), !pdfs=(shapeBkg_hh4b2plus1_QCD2plus1_morph = 0.134423/1,shapeSig_Signal2plus1_mX_800_hh4b2plus1_rebinPdf = 0.442885/1), !coefficients=(n_exp_final_binhh4b2plus1_proc_QCD2plus1 = 168.352,n_exp_binhh4b2plus1_proc_Signal2plus1_mX_800 = -0.0203951)
[#0] WARNING:Plotting -- At observable [x]=6 RooAddPdf::pdf_binhh4b2plus1_nuis[ n_exp_final_binhh4b2plus1_proc_QCD2plus1 * shapeBkg_hh4b2plus1_QCD2plus1_morph + n_exp_binhh4b2plus1_proc_Signal2plus1_mX_800 * shapeSig_Signal2plus1_mX_800_hh4b2plus1_rebinPdf ]
     p.d.f value is less than zero (-0.000058), forcing value to zero @ !refCoefNorm=(CMS_th1x = 6), !pdfs=(shapeBkg_hh4b2plus1_QCD2plus1_morph = 0.0782437/1,shapeSig_Signal2plus1_mX_800_hh4b2plus1_rebinPdf = 0.476085/1), !coefficients=(n_exp_final_binhh4b2plus1_proc_QCD2plus1 = 168.352,n_exp_binhh4b2plus1_proc_Signal2plus1_mX_800 = -0.0203951)
[#0] WARNING:Plotting -- At observable [x]=7 RooAddPdf::pdf_binhh4b2plus1_nuis[ n_exp_final_binhh4b2plus1_proc_QCD2plus1 * shapeBkg_hh4b2plus1_QCD2plus1_morph + n_exp_binhh4b2plus1_proc_Signal2plus1_mX_800 * shapeSig_Signal2plus1_mX_800_hh4b2plus1_rebinPdf ]
     p.d.f value is less than zero (-0.000004), forcing value to zero @ !refCoefNorm=(CMS_th1x = 7), !pdfs=(shapeBkg_hh4b2plus1_QCD2plus1_morph = 0.0576926/1,shapeSig_Signal2plus1_mX_800_hh4b2plus1_rebinPdf = 0.0320951/1), !coefficients=(n_exp_final_binhh4b2plus1_proc_QCD2plus1 = 168.352,n_exp_binhh4b2plus1_proc_Signal2plus1_mX_800 = -0.0203951)
[#0] WARNING:Plotting -- At observable [x]=8 RooAddPdf::pdf_binhh4b2plus1_nuis[ n_exp_final_binhh4b2plus1_proc_QCD2plus1 * shapeBkg_hh4b2plus1_QCD2plus1_morph + n_exp_binhh4b2plus1_proc_Signal2plus1_mX_800 * shapeSig_Signal2plus1_mX_800_hh4b2plus1_rebinPdf ]
     p.d.f value is less than zero (-0.000000), forcing value to zero @ !refCoefNorm=(CMS_th1x = 8), !pdfs=(shapeBkg_hh4b2plus1_QCD2plus1_morph = 0.0501624/1,shapeSig_Signal2plus1_mX_800_hh4b2plus1_rebinPdf = 0.00111014/1), !coefficients=(n_exp_final_binhh4b2plus1_proc_QCD2plus1 = 168.352,n_exp_binhh4b2plus1_proc_Signal2plus1_mX_800 = -0.0203951)
[#0] WARNING:Plotting -- At observable [x]=9 RooAddPdf::pdf_binhh4b2plus1_nuis[ n_exp_final_binhh4b2plus1_proc_QCD2plus1 * shapeBkg_hh4b2plus1_QCD2plus1_morph + n_exp_binhh4b2plus1_proc_Signal2plus1_mX_800 * shapeSig_Signal2plus1_mX_800_hh4b2plus1_rebinPdf ]
     p.d.f value is less than zero (-0.000000), forcing value to zero @ !refCoefNorm=(CMS_th1x = 9), !pdfs=(shapeBkg_hh4b2plus1_QCD2plus1_morph = 0.0460523/1,shapeSig_Signal2plus1_mX_800_hh4b2plus1_rebinPdf = 0.00077714/1), !coefficients=(n_exp_final_binhh4b2plus1_proc_QCD2plus1 = 168.352,n_exp_binhh4b2plus1_proc_Signal2plus1_mX_800 = -0.0203951)
[#0] WARNING:Plotting -- At observable [x]=10 RooAddPdf::pdf_binhh4b2plus1_nuis[ n_exp_final_binhh4b2plus1_proc_QCD2plus1 * shapeBkg_hh4b2plus1_QCD2plus1_morph + n_exp_binhh4b2plus1_proc_Signal2plus1_mX_800 * shapeSig_Signal2plus1_mX_800_hh4b2plus1_rebinPdf ]
     p.d.f value is less than zero (-0.000000), forcing value to zero @ !refCoefNorm=(CMS_th1x = 10), !pdfs=(shapeBkg_hh4b2plus1_QCD2plus1_morph = 0.0439192/1,shapeSig_Signal2plus1_mX_800_hh4b2plus1_rebinPdf = 1e-09/1), !coefficients=(n_exp_final_binhh4b2plus1_proc_QCD2plus1 = 168.352,n_exp_binhh4b2plus1_proc_Signal2plus1_mX_800 = -0.0203951)
[#0] WARNING:Plotting -- At observable [x]=11 RooAddPdf::pdf_binhh4b2plus1_nuis[ n_exp_final_binhh4b2plus1_proc_QCD2plus1 * shapeBkg_hh4b2plus1_QCD2plus1_morph + n_exp_binhh4b2plus1_proc_Signal2plus1_mX_800 * shapeSig_Signal2plus1_mX_800_hh4b2plus1_rebinPdf ]
     p.d.f value is less than zero (-0.000000), forcing value to zero @ !refCoefNorm=(CMS_th1x = 11), !pdfs=(shapeBkg_hh4b2plus1_QCD2plus1_morph = 0.0322427/1,shapeSig_Signal2plus1_mX_800_hh4b2plus1_rebinPdf = 0.000394248/1), !coefficients=(n_exp_final_binhh4b2plus1_proc_QCD2plus1 = 168.352,n_exp_binhh4b2plus1_proc_Signal2plus1_mX_800 = -0.0203951)
[#0] WARNING:Plotting -- At observable [x]=12 RooAddPdf::pdf_binhh4b2plus1_nuis[ n_exp_final_binhh4b2plus1_proc_QCD2plus1 * shapeBkg_hh4b2plus1_QCD2plus1_morph + n_exp_binhh4b2plus1_proc_Signal2plus1_mX_800 * shapeSig_Signal2plus1_mX_800_hh4b2plus1_rebinPdf ]
     p.d.f value is less than zero (-0.000000), forcing value to zero @ !refCoefNorm=(CMS_th1x = 12), !pdfs=(shapeBkg_hh4b2plus1_QCD2plus1_morph = 0.00899703/1,shapeSig_Signal2plus1_mX_800_hh4b2plus1_rebinPdf = 1e-09/1), !coefficients=(n_exp_final_binhh4b2plus1_proc_QCD2plus1 = 168.352,n_exp_binhh4b2plus1_proc_Signal2plus1_mX_800 = -0.0203951)
[#0] WARNING:Plotting -- At observable [x]=13 RooAddPdf::pdf_binhh4b2plus1_nuis[ n_exp_final_binhh4b2plus1_proc_QCD2plus1 * shapeBkg_hh4b2plus1_QCD2plus1_morph + n_exp_binhh4b2plus1_proc_Signal2plus1_mX_800 * shapeSig_Signal2plus1_mX_800_hh4b2plus1_rebinPdf ]
     p.d.f value is less than zero (-0.000000), forcing value to zero @ !refCoefNorm=(CMS_th1x = 13), !pdfs=(shapeBkg_hh4b2plus1_QCD2plus1_morph = 0.0203483/1,shapeSig_Signal2plus1_mX_800_hh4b2plus1_rebinPdf = 0.000208016/1), !coefficients=(n_exp_final_binhh4b2plus1_proc_QCD2plus1 = 168.352,n_exp_binhh4b2plus1_proc_Signal2plus1_mX_800 = -0.0203951)
[#0] WARNING:Plotting -- At observable [x]=14 RooAddPdf::pdf_binhh4b2plus1_nuis[ n_exp_final_binhh4b2plus1_proc_QCD2plus1 * shapeBkg_hh4b2plus1_QCD2plus1_morph + n_exp_binhh4b2plus1_proc_Signal2plus1_mX_800 * shapeSig_Signal2plus1_mX_800_hh4b2plus1_rebinPdf ]
     p.d.f value is less than zero (-0.000000), forcing value to zero @ !refCoefNorm=(CMS_th1x = 14), !pdfs=(shapeBkg_hh4b2plus1_QCD2plus1_morph = 0.00932585/1,shapeSig_Signal2plus1_mX_800_hh4b2plus1_rebinPdf = 1e-09/1), !coefficients=(n_exp_final_binhh4b2plus1_proc_QCD2plus1 = 168.352,n_exp_binhh4b2plus1_proc_Signal2plus1_mX_800 = -0.0203951)
[#0] WARNING:Plotting -- At observable [x]=15 RooAddPdf::pdf_binhh4b2plus1_nuis[ n_exp_final_binhh4b2plus1_proc_QCD2plus1 * shapeBkg_hh4b2plus1_QCD2plus1_morph + n_exp_binhh4b2plus1_proc_Signal2plus1_mX_800 * shapeSig_Signal2plus1_mX_800_hh4b2plus1_rebinPdf ]
     p.d.f value is less than zero (-0.000000), forcing value to zero @ !refCoefNorm=(CMS_th1x = 15), !pdfs=(shapeBkg_hh4b2plus1_QCD2plus1_morph = 0.00696823/1,shapeSig_Signal2plus1_mX_800_hh4b2plus1_rebinPdf = 0.000667476/1), !coefficients=(n_exp_final_binhh4b2plus1_proc_QCD2plus1 = 168.352,n_exp_binhh4b2plus1_proc_Signal2plus1_mX_800 = -0.0203951)
[#0] WARNING:Plotting -- At observable [x]=16 RooAddPdf::pdf_binhh4b2plus1_nuis[ n_exp_final_binhh4b2plus1_proc_QCD2plus1 * shapeBkg_hh4b2plus1_QCD2plus1_morph + n_exp_binhh4b2plus1_proc_Signal2plus1_mX_800 * shapeSig_Signal2plus1_mX_800_hh4b2plus1_rebinPdf ]
     p.d.f value is less than zero (-0.000000), forcing value to zero @ !refCoefNorm=(CMS_th1x = 16), !pdfs=(shapeBkg_hh4b2plus1_QCD2plus1_morph = 0.0114831/1,shapeSig_Signal2plus1_mX_800_hh4b2plus1_rebinPdf = 1e-09/1), !coefficients=(n_exp_final_binhh4b2plus1_proc_QCD2plus1 = 168.352,n_exp_binhh4b2plus1_proc_Signal2plus1_mX_800 = -0.0203951)
[#0] WARNING:Plotting -- At observable [x]=17 RooAddPdf::pdf_binhh4b2plus1_nuis[ n_exp_final_binhh4b2plus1_proc_QCD2plus1 * shapeBkg_hh4b2plus1_QCD2plus1_morph + n_exp_binhh4b2plus1_proc_Signal2plus1_mX_800 * shapeSig_Signal2plus1_mX_800_hh4b2plus1_rebinPdf ]
     p.d.f value is less than zero (-0.000000), forcing value to zero @ !refCoefNorm=(CMS_th1x = 17), !pdfs=(shapeBkg_hh4b2plus1_QCD2plus1_morph = 0.00689922/1,shapeSig_Signal2plus1_mX_800_hh4b2plus1_rebinPdf = 1e-09/1), !coefficients=(n_exp_final_binhh4b2plus1_proc_QCD2plus1 = 168.352,n_exp_binhh4b2plus1_proc_Signal2plus1_mX_800 = -0.0203951)
[#0] WARNING:Plotting -- At observable [x]=18 RooAddPdf::pdf_binhh4b2plus1_nuis[ n_exp_final_binhh4b2plus1_proc_QCD2plus1 * shapeBkg_hh4b2plus1_QCD2plus1_morph + n_exp_binhh4b2plus1_proc_Signal2plus1_mX_800 * shapeSig_Signal2plus1_mX_800_hh4b2plus1_rebinPdf ]
     p.d.f value is less than zero (-0.000000), forcing value to zero @ !refCoefNorm=(CMS_th1x = 18), !pdfs=(shapeBkg_hh4b2plus1_QCD2plus1_morph = 0.00234589/1,shapeSig_Signal2plus1_mX_800_hh4b2plus1_rebinPdf = 1e-09/1), !coefficients=(n_exp_final_binhh4b2plus1_proc_QCD2plus1 = 168.352,n_exp_binhh4b2plus1_proc_Signal2plus1_mX_800 = -0.0203951)
[#0] WARNING:Plotting -- At observable [x]=19 RooAddPdf::pdf_binhh4b2plus1_nuis[ n_exp_final_binhh4b2plus1_proc_QCD2plus1 * shapeBkg_hh4b2plus1_QCD2plus1_morph + n_exp_binhh4b2plus1_proc_Signal2plus1_mX_800 * shapeSig_Signal2plus1_mX_800_hh4b2plus1_rebinPdf ]
     p.d.f value is less than zero (-0.000000), forcing value to zero @ !refCoefNorm=(CMS_th1x = 19), !pdfs=(shapeBkg_hh4b2plus1_QCD2plus1_morph = 0.00906113/1,shapeSig_Signal2plus1_mX_800_hh4b2plus1_rebinPdf = 1e-09/1), !coefficients=(n_exp_final_binhh4b2plus1_proc_QCD2plus1 = 168.352,n_exp_binhh4b2plus1_proc_Signal2plus1_mX_800 = -0.0203951)
[#0] WARNING:Plotting -- At observable [x]=20 RooAddPdf::pdf_binhh4b2plus1_nuis[ n_exp_final_binhh4b2plus1_proc_QCD2plus1 * shapeBkg_hh4b2plus1_QCD2plus1_morph + n_exp_binhh4b2plus1_proc_Signal2plus1_mX_800 * shapeSig_Signal2plus1_mX_800_hh4b2plus1_rebinPdf ]
     p.d.f value is less than zero (-0.000000), forcing value to zero @ !refCoefNorm=(CMS_th1x = 20), !pdfs=(shapeBkg_hh4b2plus1_QCD2plus1_morph = 0/1,shapeSig_Signal2plus1_mX_800_hh4b2plus1_rebinPdf = 1e-09/1), !coefficients=(n_exp_final_binhh4b2plus1_proc_QCD2plus1 = 168.352,n_exp_binhh4b2plus1_proc_Signal2plus1_mX_800 = -0.0203951)
[#0] WARNING:Plotting -- At observable [x]=21 RooAddPdf::pdf_binhh4b2plus1_nuis[ n_exp_final_binhh4b2plus1_proc_QCD2plus1 * shapeBkg_hh4b2plus1_QCD2plus1_morph + n_exp_binhh4b2plus1_proc_Signal2plus1_mX_800 * shapeSig_Signal2plus1_mX_800_hh4b2plus1_rebinPdf ]
     p.d.f value is less than zero (-0.000000), forcing value to zero @ !refCoefNorm=(CMS_th1x = 21), !pdfs=(shapeBkg_hh4b2plus1_QCD2plus1_morph = 0.00668826/1,shapeSig_Signal2plus1_mX_800_hh4b2plus1_rebinPdf = 1e-09/1), !coefficients=(n_exp_final_binhh4b2plus1_proc_QCD2plus1 = 168.352,n_exp_binhh4b2plus1_proc_Signal2plus1_mX_800 = -0.0203951)
[#0] WARNING:Plotting -- At observable [x]=22 RooAddPdf::pdf_binhh4b2plus1_nuis[ n_exp_final_binhh4b2plus1_proc_QCD2plus1 * shapeBkg_hh4b2plus1_QCD2plus1_morph + n_exp_binhh4b2plus1_proc_Signal2plus1_mX_800 * shapeSig_Signal2plus1_mX_800_hh4b2plus1_rebinPdf ]
     p.d.f value is less than zero (-0.000000), forcing value to zero @ !refCoefNorm=(CMS_th1x = 22), !pdfs=(shapeBkg_hh4b2plus1_QCD2plus1_morph = 0.00456793/1,shapeSig_Signal2plus1_mX_800_hh4b2plus1_rebinPdf = 1e-09/1), !coefficients=(n_exp_final_binhh4b2plus1_proc_QCD2plus1 = 168.352,n_exp_binhh4b2plus1_proc_Signal2plus1_mX_800 = -0.0203951)
[#0] WARNING:Plotting -- At observable [x]=23 RooAddPdf::pdf_binhh4b2plus1_nuis[ n_exp_final_binhh4b2plus1_proc_QCD2plus1 * shapeBkg_hh4b2plus1_QCD2plus1_morph + n_exp_binhh4b2plus1_proc_Signal2plus1_mX_800 * shapeSig_Signal2plus1_mX_800_hh4b2plus1_rebinPdf ]
     p.d.f value is less than zero (-0.000000), forcing value to zero @ !refCoefNorm=(CMS_th1x = 23), !pdfs=(shapeBkg_hh4b2plus1_QCD2plus1_morph = 0.00240297/1,shapeSig_Signal2plus1_mX_800_hh4b2plus1_rebinPdf = 1e-09/1), !coefficients=(n_exp_final_binhh4b2plus1_proc_QCD2plus1 = 168.352,n_exp_binhh4b2plus1_proc_Signal2plus1_mX_800 = -0.0203951)
[#0] WARNING:Plotting -- At observable [x]=24 RooAddPdf::pdf_binhh4b2plus1_nuis[ n_exp_final_binhh4b2plus1_proc_QCD2plus1 * shapeBkg_hh4b2plus1_QCD2plus1_morph + n_exp_binhh4b2plus1_proc_Signal2plus1_mX_800 * shapeSig_Signal2plus1_mX_800_hh4b2plus1_rebinPdf ]
     p.d.f value is less than zero (-0.000000), forcing value to zero @ !refCoefNorm=(CMS_th1x = 24), !pdfs=(shapeBkg_hh4b2plus1_QCD2plus1_morph = 0.00225588/1,shapeSig_Signal2plus1_mX_800_hh4b2plus1_rebinPdf = 1e-09/1), !coefficients=(n_exp_final_binhh4b2plus1_proc_QCD2plus1 = 168.352,n_exp_binhh4b2plus1_proc_Signal2plus1_mX_800 = -0.0203951)
[#0] WARNING:Plotting -- At observable [x]=25 RooAddPdf::pdf_binhh4b2plus1_nuis[ n_exp_final_binhh4b2plus1_proc_QCD2plus1 * shapeBkg_hh4b2plus1_QCD2plus1_morph + n_exp_binhh4b2plus1_proc_Signal2plus1_mX_800 * shapeSig_Signal2plus1_mX_800_hh4b2plus1_rebinPdf ]
     p.d.f value is less than zero (-0.000000), forcing value to zero @ !refCoefNorm=(CMS_th1x = 25), !pdfs=(shapeBkg_hh4b2plus1_QCD2plus1_morph = 0.00222759/1,shapeSig_Signal2plus1_mX_800_hh4b2plus1_rebinPdf = 1e-09/1), !coefficients=(n_exp_final_binhh4b2plus1_proc_QCD2plus1 = 168.352,n_exp_binhh4b2plus1_proc_Signal2plus1_mX_800 = -0.0203951)
[#0] WARNING:Plotting -- At observable [x]=0.5 RooAddPdf::pdf_binhh4b2plus1_nuis[ n_exp_final_binhh4b2plus1_proc_QCD2plus1 * shapeBkg_hh4b2plus1_QCD2plus1_morph + n_exp_binhh4b2plus1_proc_Signal2plus1_mX_800 * shapeSig_Signal2plus1_mX_800_hh4b2plus1_rebinPdf ]
     p.d.f value is less than zero (-0.000000), forcing value to zero @ !refCoefNorm=(CMS_th1x = 0.5), !pdfs=(shapeBkg_hh4b2plus1_QCD2plus1_morph = 0.0719706/1,shapeSig_Signal2plus1_mX_800_hh4b2plus1_rebinPdf = 0.00014268/1), !coefficients=(n_exp_final_binhh4b2plus1_proc_QCD2plus1 = 168.352,n_exp_binhh4b2plus1_proc_Signal2plus1_mX_800 = -0.0203951)
[#0] WARNING:Plotting -- At observable [x]=1.5 RooAddPdf::pdf_binhh4b2plus1_nuis[ n_exp_final_binhh4b2plus1_proc_QCD2plus1 * shapeBkg_hh4b2plus1_QCD2plus1_morph + n_exp_binhh4b2plus1_proc_Signal2plus1_mX_800 * shapeSig_Signal2plus1_mX_800_hh4b2plus1_rebinPdf ]
     p.d.f value is less than zero (-0.000000), forcing value to zero @ !refCoefNorm=(CMS_th1x = 1.5), !pdfs=(shapeBkg_hh4b2plus1_QCD2plus1_morph = 0.106076/1,shapeSig_Signal2plus1_mX_800_hh4b2plus1_rebinPdf = 0.000123987/1), !coefficients=(n_exp_final_binhh4b2plus1_proc_QCD2plus1 = 168.352,n_exp_binhh4b2plus1_proc_Signal2plus1_mX_800 = -0.0203951)
[#0] WARNING:Plotting -- At observable [x]=2.5 RooAddPdf::pdf_binhh4b2plus1_nuis[ n_exp_final_binhh4b2plus1_proc_QCD2plus1 * shapeBkg_hh4b2plus1_QCD2plus1_morph + n_exp_binhh4b2plus1_proc_Signal2plus1_mX_800 * shapeSig_Signal2plus1_mX_800_hh4b2plus1_rebinPdf ]
     p.d.f value is less than zero (-0.000000), forcing value to zero @ !refCoefNorm=(CMS_th1x = 2.5), !pdfs=(shapeBkg_hh4b2plus1_QCD2plus1_morph = 0.160584/1,shapeSig_Signal2plus1_mX_800_hh4b2plus1_rebinPdf = 0.0028302/1), !coefficients=(n_exp_final_binhh4b2plus1_proc_QCD2plus1 = 168.352,n_exp_binhh4b2plus1_proc_Signal2plus1_mX_800 = -0.0203951)
[#0] WARNING:Plotting -- At observable [x]=3.5 RooAddPdf::pdf_binhh4b2plus1_nuis[ n_exp_final_binhh4b2plus1_proc_QCD2plus1 * shapeBkg_hh4b2plus1_QCD2plus1_morph + n_exp_binhh4b2plus1_proc_Signal2plus1_mX_800 * shapeSig_Signal2plus1_mX_800_hh4b2plus1_rebinPdf ]
     p.d.f value is less than zero (-0.000005), forcing value to zero @ !refCoefNorm=(CMS_th1x = 3.5), !pdfs=(shapeBkg_hh4b2plus1_QCD2plus1_morph = 0.125063/1,shapeSig_Signal2plus1_mX_800_hh4b2plus1_rebinPdf = 0.042681/1), !coefficients=(n_exp_final_binhh4b2plus1_proc_QCD2plus1 = 168.352,n_exp_binhh4b2plus1_proc_Signal2plus1_mX_800 = -0.0203951)
[#0] WARNING:Plotting -- At observable [x]=4.5 RooAddPdf::pdf_binhh4b2plus1_nuis[ n_exp_final_binhh4b2plus1_proc_QCD2plus1 * shapeBkg_hh4b2plus1_QCD2plus1_morph + n_exp_binhh4b2plus1_proc_Signal2plus1_mX_800 * shapeSig_Signal2plus1_mX_800_hh4b2plus1_rebinPdf ]
     p.d.f value is less than zero (-0.000054), forcing value to zero @ !refCoefNorm=(CMS_th1x = 4.5), !pdfs=(shapeBkg_hh4b2plus1_QCD2plus1_morph = 0.134423/1,shapeSig_Signal2plus1_mX_800_hh4b2plus1_rebinPdf = 0.442885/1), !coefficients=(n_exp_final_binhh4b2plus1_proc_QCD2plus1 = 168.352,n_exp_binhh4b2plus1_proc_Signal2plus1_mX_800 = -0.0203951)
[#0] WARNING:Plotting -- At observable [x]=5.5 RooAddPdf::pdf_binhh4b2plus1_nuis[ n_exp_final_binhh4b2plus1_proc_QCD2plus1 * shapeBkg_hh4b2plus1_QCD2plus1_morph + n_exp_binhh4b2plus1_proc_Signal2plus1_mX_800 * shapeSig_Signal2plus1_mX_800_hh4b2plus1_rebinPdf ]
     p.d.f value is less than zero (-0.000058), forcing value to zero @ !refCoefNorm=(CMS_th1x = 5.5), !pdfs=(shapeBkg_hh4b2plus1_QCD2plus1_morph = 0.0782437/1,shapeSig_Signal2plus1_mX_800_hh4b2plus1_rebinPdf = 0.476085/1), !coefficients=(n_exp_final_binhh4b2plus1_proc_QCD2plus1 = 168.352,n_exp_binhh4b2plus1_proc_Signal2plus1_mX_800 = -0.0203951)
[#0] WARNING:Plotting -- At observable [x]=6.5 RooAddPdf::pdf_binhh4b2plus1_nuis[ n_exp_final_binhh4b2plus1_proc_QCD2plus1 * shapeBkg_hh4b2plus1_QCD2plus1_morph + n_exp_binhh4b2plus1_proc_Signal2plus1_mX_800 * shapeSig_Signal2plus1_mX_800_hh4b2plus1_rebinPdf ]
     p.d.f value is less than zero (-0.000004), forcing value to zero @ !refCoefNorm=(CMS_th1x = 6.5), !pdfs=(shapeBkg_hh4b2plus1_QCD2plus1_morph = 0.0576926/1,shapeSig_Signal2plus1_mX_800_hh4b2plus1_rebinPdf = 0.0320951/1), !coefficients=(n_exp_final_binhh4b2plus1_proc_QCD2plus1 = 168.352,n_exp_binhh4b2plus1_proc_Signal2plus1_mX_800 = -0.0203951)
[#0] WARNING:Plotting -- At observable [x]=7.5 RooAddPdf::pdf_binhh4b2plus1_nuis[ n_exp_final_binhh4b2plus1_proc_QCD2plus1 * shapeBkg_hh4b2plus1_QCD2plus1_morph + n_exp_binhh4b2plus1_proc_Signal2plus1_mX_800 * shapeSig_Signal2plus1_mX_800_hh4b2plus1_rebinPdf ]
     p.d.f value is less than zero (-0.000000), forcing value to zero @ !refCoefNorm=(CMS_th1x = 7.5), !pdfs=(shapeBkg_hh4b2plus1_QCD2plus1_morph = 0.0501624/1,shapeSig_Signal2plus1_mX_800_hh4b2plus1_rebinPdf = 0.00111014/1), !coefficients=(n_exp_final_binhh4b2plus1_proc_QCD2plus1 = 168.352,n_exp_binhh4b2plus1_proc_Signal2plus1_mX_800 = -0.0203951)
[#0] WARNING:Plotting -- At observable [x]=8.5 RooAddPdf::pdf_binhh4b2plus1_nuis[ n_exp_final_binhh4b2plus1_proc_QCD2plus1 * shapeBkg_hh4b2plus1_QCD2plus1_morph + n_exp_binhh4b2plus1_proc_Signal2plus1_mX_800 * shapeSig_Signal2plus1_mX_800_hh4b2plus1_rebinPdf ]
     p.d.f value is less than zero (-0.000000), forcing value to zero @ !refCoefNorm=(CMS_th1x = 8.5), !pdfs=(shapeBkg_hh4b2plus1_QCD2plus1_morph = 0.0460523/1,shapeSig_Signal2plus1_mX_800_hh4b2plus1_rebinPdf = 0.00077714/1), !coefficients=(n_exp_final_binhh4b2plus1_proc_QCD2plus1 = 168.352,n_exp_binhh4b2plus1_proc_Signal2plus1_mX_800 = -0.0203951)
[#0] WARNING:Plotting -- At observable [x]=9.5 RooAddPdf::pdf_binhh4b2plus1_nuis[ n_exp_final_binhh4b2plus1_proc_QCD2plus1 * shapeBkg_hh4b2plus1_QCD2plus1_morph + n_exp_binhh4b2plus1_proc_Signal2plus1_mX_800 * shapeSig_Signal2plus1_mX_800_hh4b2plus1_rebinPdf ]
     p.d.f value is less than zero (-0.000000), forcing value to zero @ !refCoefNorm=(CMS_th1x = 9.5), !pdfs=(shapeBkg_hh4b2plus1_QCD2plus1_morph = 0.0439192/1,shapeSig_Signal2plus1_mX_800_hh4b2plus1_rebinPdf = 1e-09/1), !coefficients=(n_exp_final_binhh4b2plus1_proc_QCD2plus1 = 168.352,n_exp_binhh4b2plus1_proc_Signal2plus1_mX_800 = -0.0203951)
[#0] WARNING:Plotting -- At observable [x]=10.5 RooAddPdf::pdf_binhh4b2plus1_nuis[ n_exp_final_binhh4b2plus1_proc_QCD2plus1 * shapeBkg_hh4b2plus1_QCD2plus1_morph + n_exp_binhh4b2plus1_proc_Signal2plus1_mX_800 * shapeSig_Signal2plus1_mX_800_hh4b2plus1_rebinPdf ]
     p.d.f value is less than zero (-0.000000), forcing value to zero @ !refCoefNorm=(CMS_th1x = 10.5), !pdfs=(shapeBkg_hh4b2plus1_QCD2plus1_morph = 0.0322427/1,shapeSig_Signal2plus1_mX_800_hh4b2plus1_rebinPdf = 0.000394248/1), !coefficients=(n_exp_final_binhh4b2plus1_proc_QCD2plus1 = 168.352,n_exp_binhh4b2plus1_proc_Signal2plus1_mX_800 = -0.0203951)
[#0] WARNING:Plotting -- At observable [x]=11.5 RooAddPdf::pdf_binhh4b2plus1_nuis[ n_exp_final_binhh4b2plus1_proc_QCD2plus1 * shapeBkg_hh4b2plus1_QCD2plus1_morph + n_exp_binhh4b2plus1_proc_Signal2plus1_mX_800 * shapeSig_Signal2plus1_mX_800_hh4b2plus1_rebinPdf ]
     p.d.f value is less than zero (-0.000000), forcing value to zero @ !refCoefNorm=(CMS_th1x = 11.5), !pdfs=(shapeBkg_hh4b2plus1_QCD2plus1_morph = 0.00899703/1,shapeSig_Signal2plus1_mX_800_hh4b2plus1_rebinPdf = 1e-09/1), !coefficients=(n_exp_final_binhh4b2plus1_proc_QCD2plus1 = 168.352,n_exp_binhh4b2plus1_proc_Signal2plus1_mX_800 = -0.0203951)
[#0] WARNING:Plotting -- At observable [x]=12.5 RooAddPdf::pdf_binhh4b2plus1_nuis[ n_exp_final_binhh4b2plus1_proc_QCD2plus1 * shapeBkg_hh4b2plus1_QCD2plus1_morph + n_exp_binhh4b2plus1_proc_Signal2plus1_mX_800 * shapeSig_Signal2plus1_mX_800_hh4b2plus1_rebinPdf ]
     p.d.f value is less than zero (-0.000000), forcing value to zero @ !refCoefNorm=(CMS_th1x = 12.5), !pdfs=(shapeBkg_hh4b2plus1_QCD2plus1_morph = 0.0203483/1,shapeSig_Signal2plus1_mX_800_hh4b2plus1_rebinPdf = 0.000208016/1), !coefficients=(n_exp_final_binhh4b2plus1_proc_QCD2plus1 = 168.352,n_exp_binhh4b2plus1_proc_Signal2plus1_mX_800 = -0.0203951)
[#0] WARNING:Plotting -- At observable [x]=13.5 RooAddPdf::pdf_binhh4b2plus1_nuis[ n_exp_final_binhh4b2plus1_proc_QCD2plus1 * shapeBkg_hh4b2plus1_QCD2plus1_morph + n_exp_binhh4b2plus1_proc_Signal2plus1_mX_800 * shapeSig_Signal2plus1_mX_800_hh4b2plus1_rebinPdf ]
     p.d.f value is less than zero (-0.000000), forcing value to zero @ !refCoefNorm=(CMS_th1x = 13.5), !pdfs=(shapeBkg_hh4b2plus1_QCD2plus1_morph = 0.00932585/1,shapeSig_Signal2plus1_mX_800_hh4b2plus1_rebinPdf = 1e-09/1), !coefficients=(n_exp_final_binhh4b2plus1_proc_QCD2plus1 = 168.352,n_exp_binhh4b2plus1_proc_Signal2plus1_mX_800 = -0.0203951)
[#0] WARNING:Plotting -- At observable [x]=14.5 RooAddPdf::pdf_binhh4b2plus1_nuis[ n_exp_final_binhh4b2plus1_proc_QCD2plus1 * shapeBkg_hh4b2plus1_QCD2plus1_morph + n_exp_binhh4b2plus1_proc_Signal2plus1_mX_800 * shapeSig_Signal2plus1_mX_800_hh4b2plus1_rebinPdf ]
     p.d.f value is less than zero (-0.000000), forcing value to zero @ !refCoefNorm=(CMS_th1x = 14.5), !pdfs=(shapeBkg_hh4b2plus1_QCD2plus1_morph = 0.00696823/1,shapeSig_Signal2plus1_mX_800_hh4b2plus1_rebinPdf = 0.000667476/1), !coefficients=(n_exp_final_binhh4b2plus1_proc_QCD2plus1 = 168.352,n_exp_binhh4b2plus1_proc_Signal2plus1_mX_800 = -0.0203951)
[#0] WARNING:Plotting -- At observable [x]=15.5 RooAddPdf::pdf_binhh4b2plus1_nuis[ n_exp_final_binhh4b2plus1_proc_QCD2plus1 * shapeBkg_hh4b2plus1_QCD2plus1_morph + n_exp_binhh4b2plus1_proc_Signal2plus1_mX_800 * shapeSig_Signal2plus1_mX_800_hh4b2plus1_rebinPdf ]
     p.d.f value is less than zero (-0.000000), forcing value to zero @ !refCoefNorm=(CMS_th1x = 15.5), !pdfs=(shapeBkg_hh4b2plus1_QCD2plus1_morph = 0.0114831/1,shapeSig_Signal2plus1_mX_800_hh4b2plus1_rebinPdf = 1e-09/1), !coefficients=(n_exp_final_binhh4b2plus1_proc_QCD2plus1 = 168.352,n_exp_binhh4b2plus1_proc_Signal2plus1_mX_800 = -0.0203951)
[#0] WARNING:Plotting -- At observable [x]=16.5 RooAddPdf::pdf_binhh4b2plus1_nuis[ n_exp_final_binhh4b2plus1_proc_QCD2plus1 * shapeBkg_hh4b2plus1_QCD2plus1_morph + n_exp_binhh4b2plus1_proc_Signal2plus1_mX_800 * shapeSig_Signal2plus1_mX_800_hh4b2plus1_rebinPdf ]
     p.d.f value is less than zero (-0.000000), forcing value to zero @ !refCoefNorm=(CMS_th1x = 16.5), !pdfs=(shapeBkg_hh4b2plus1_QCD2plus1_morph = 0.00689922/1,shapeSig_Signal2plus1_mX_800_hh4b2plus1_rebinPdf = 1e-09/1), !coefficients=(n_exp_final_binhh4b2plus1_proc_QCD2plus1 = 168.352,n_exp_binhh4b2plus1_proc_Signal2plus1_mX_800 = -0.0203951)
[#0] WARNING:Plotting -- At observable [x]=17.5 RooAddPdf::pdf_binhh4b2plus1_nuis[ n_exp_final_binhh4b2plus1_proc_QCD2plus1 * shapeBkg_hh4b2plus1_QCD2plus1_morph + n_exp_binhh4b2plus1_proc_Signal2plus1_mX_800 * shapeSig_Signal2plus1_mX_800_hh4b2plus1_rebinPdf ]
     p.d.f value is less than zero (-0.000000), forcing value to zero @ !refCoefNorm=(CMS_th1x = 17.5), !pdfs=(shapeBkg_hh4b2plus1_QCD2plus1_morph = 0.00234589/1,shapeSig_Signal2plus1_mX_800_hh4b2plus1_rebinPdf = 1e-09/1), !coefficients=(n_exp_final_binhh4b2plus1_proc_QCD2plus1 = 168.352,n_exp_binhh4b2plus1_proc_Signal2plus1_mX_800 = -0.0203951)
[#0] WARNING:Plotting -- At observable [x]=18.5 RooAddPdf::pdf_binhh4b2plus1_nuis[ n_exp_final_binhh4b2plus1_proc_QCD2plus1 * shapeBkg_hh4b2plus1_QCD2plus1_morph + n_exp_binhh4b2plus1_proc_Signal2plus1_mX_800 * shapeSig_Signal2plus1_mX_800_hh4b2plus1_rebinPdf ]
     p.d.f value is less than zero (-0.000000), forcing value to zero @ !refCoefNorm=(CMS_th1x = 18.5), !pdfs=(shapeBkg_hh4b2plus1_QCD2plus1_morph = 0.00906113/1,shapeSig_Signal2plus1_mX_800_hh4b2plus1_rebinPdf = 1e-09/1), !coefficients=(n_exp_final_binhh4b2plus1_proc_QCD2plus1 = 168.352,n_exp_binhh4b2plus1_proc_Signal2plus1_mX_800 = -0.0203951)
[#0] WARNING:Plotting -- At observable [x]=19.5 RooAddPdf::pdf_binhh4b2plus1_nuis[ n_exp_final_binhh4b2plus1_proc_QCD2plus1 * shapeBkg_hh4b2plus1_QCD2plus1_morph + n_exp_binhh4b2plus1_proc_Signal2plus1_mX_800 * shapeSig_Signal2plus1_mX_800_hh4b2plus1_rebinPdf ]
     p.d.f value is less than zero (-0.000000), forcing value to zero @ !refCoefNorm=(CMS_th1x = 19.5), !pdfs=(shapeBkg_hh4b2plus1_QCD2plus1_morph = 0/1,shapeSig_Signal2plus1_mX_800_hh4b2plus1_rebinPdf = 1e-09/1), !coefficients=(n_exp_final_binhh4b2plus1_proc_QCD2plus1 = 168.352,n_exp_binhh4b2plus1_proc_Signal2plus1_mX_800 = -0.0203951)
[#0] WARNING:Plotting -- At observable [x]=20.5 RooAddPdf::pdf_binhh4b2plus1_nuis[ n_exp_final_binhh4b2plus1_proc_QCD2plus1 * shapeBkg_hh4b2plus1_QCD2plus1_morph + n_exp_binhh4b2plus1_proc_Signal2plus1_mX_800 * shapeSig_Signal2plus1_mX_800_hh4b2plus1_rebinPdf ]
     p.d.f value is less than zero (-0.000000), forcing value to zero @ !refCoefNorm=(CMS_th1x = 20.5), !pdfs=(shapeBkg_hh4b2plus1_QCD2plus1_morph = 0.00668826/1,shapeSig_Signal2plus1_mX_800_hh4b2plus1_rebinPdf = 1e-09/1), !coefficients=(n_exp_final_binhh4b2plus1_proc_QCD2plus1 = 168.352,n_exp_binhh4b2plus1_proc_Signal2plus1_mX_800 = -0.0203951)
[#0] WARNING:Plotting -- At observable [x]=21.5 RooAddPdf::pdf_binhh4b2plus1_nuis[ n_exp_final_binhh4b2plus1_proc_QCD2plus1 * shapeBkg_hh4b2plus1_QCD2plus1_morph + n_exp_binhh4b2plus1_proc_Signal2plus1_mX_800 * shapeSig_Signal2plus1_mX_800_hh4b2plus1_rebinPdf ]
     p.d.f value is less than zero (-0.000000), forcing value to zero @ !refCoefNorm=(CMS_th1x = 21.5), !pdfs=(shapeBkg_hh4b2plus1_QCD2plus1_morph = 0.00456793/1,shapeSig_Signal2plus1_mX_800_hh4b2plus1_rebinPdf = 1e-09/1), !coefficients=(n_exp_final_binhh4b2plus1_proc_QCD2plus1 = 168.352,n_exp_binhh4b2plus1_proc_Signal2plus1_mX_800 = -0.0203951)
[#0] WARNING:Plotting -- At observable [x]=22.5 RooAddPdf::pdf_binhh4b2plus1_nuis[ n_exp_final_binhh4b2plus1_proc_QCD2plus1 * shapeBkg_hh4b2plus1_QCD2plus1_morph + n_exp_binhh4b2plus1_proc_Signal2plus1_mX_800 * shapeSig_Signal2plus1_mX_800_hh4b2plus1_rebinPdf ]
     p.d.f value is less than zero (-0.000000), forcing value to zero @ !refCoefNorm=(CMS_th1x = 22.5), !pdfs=(shapeBkg_hh4b2plus1_QCD2plus1_morph = 0.00240297/1,shapeSig_Signal2plus1_mX_800_hh4b2plus1_rebinPdf = 1e-09/1), !coefficients=(n_exp_final_binhh4b2plus1_proc_QCD2plus1 = 168.352,n_exp_binhh4b2plus1_proc_Signal2plus1_mX_800 = -0.0203951)
[#0] WARNING:Plotting -- At observable [x]=23.5 RooAddPdf::pdf_binhh4b2plus1_nuis[ n_exp_final_binhh4b2plus1_proc_QCD2plus1 * shapeBkg_hh4b2plus1_QCD2plus1_morph + n_exp_binhh4b2plus1_proc_Signal2plus1_mX_800 * shapeSig_Signal2plus1_mX_800_hh4b2plus1_rebinPdf ]
     p.d.f value is less than zero (-0.000000), forcing value to zero @ !refCoefNorm=(CMS_th1x = 23.5), !pdfs=(shapeBkg_hh4b2plus1_QCD2plus1_morph = 0.00225588/1,shapeSig_Signal2plus1_mX_800_hh4b2plus1_rebinPdf = 1e-09/1), !coefficients=(n_exp_final_binhh4b2plus1_proc_QCD2plus1 = 168.352,n_exp_binhh4b2plus1_proc_Signal2plus1_mX_800 = -0.0203951)
[#0] WARNING:Plotting -- At observable [x]=24.5 RooAddPdf::pdf_binhh4b2plus1_nuis[ n_exp_final_binhh4b2plus1_proc_QCD2plus1 * shapeBkg_hh4b2plus1_QCD2plus1_morph + n_exp_binhh4b2plus1_proc_Signal2plus1_mX_800 * shapeSig_Signal2plus1_mX_800_hh4b2plus1_rebinPdf ]
     p.d.f value is less than zero (-0.000000), forcing value to zero @ !refCoefNorm=(CMS_th1x = 24.5), !pdfs=(shapeBkg_hh4b2plus1_QCD2plus1_morph = 0.00222759/1,shapeSig_Signal2plus1_mX_800_hh4b2plus1_rebinPdf = 1e-09/1), !coefficients=(n_exp_final_binhh4b2plus1_proc_QCD2plus1 = 168.352,n_exp_binhh4b2plus1_proc_Signal2plus1_mX_800 = -0.0203951)
[#0] WARNING:Plotting -- At observable [x]=20 RooAddPdf::pdf_binhh4b2plus1_nuis[ n_exp_final_binhh4b2plus1_proc_QCD2plus1 * shapeBkg_hh4b2plus1_QCD2plus1_morph + n_exp_binhh4b2plus1_proc_Signal2plus1_mX_800 * shapeSig_Signal2plus1_mX_800_hh4b2plus1_rebinPdf ]
     p.d.f value is less than zero (-0.000000), forcing value to zero @ !refCoefNorm=(CMS_th1x = 20), !pdfs=(shapeBkg_hh4b2plus1_QCD2plus1_morph = 0/1,shapeSig_Signal2plus1_mX_800_hh4b2plus1_rebinPdf = 1e-09/1), !coefficients=(n_exp_final_binhh4b2plus1_proc_QCD2plus1 = 168.352,n_exp_binhh4b2plus1_proc_Signal2plus1_mX_800 = -0.0203951)
[#0] WARNING:Plotting -- At observable [x]=19.5 RooAddPdf::pdf_binhh4b2plus1_nuis[ n_exp_final_binhh4b2plus1_proc_QCD2plus1 * shapeBkg_hh4b2plus1_QCD2plus1_morph + n_exp_binhh4b2plus1_proc_Signal2plus1_mX_800 * shapeSig_Signal2plus1_mX_800_hh4b2plus1_rebinPdf ]
     p.d.f value is less than zero (-0.000000), forcing value to zero @ !refCoefNorm=(CMS_th1x = 19.5), !pdfs=(shapeBkg_hh4b2plus1_QCD2plus1_morph = 0/1,shapeSig_Signal2plus1_mX_800_hh4b2plus1_rebinPdf = 1e-09/1), !coefficients=(n_exp_final_binhh4b2plus1_proc_QCD2plus1 = 168.352,n_exp_binhh4b2plus1_proc_Signal2plus1_mX_800 = -0.0203951)
[#0] WARNING:Plotting -- At observable [x]=19.25 RooAddPdf::pdf_binhh4b2plus1_nuis[ n_exp_final_binhh4b2plus1_proc_QCD2plus1 * shapeBkg_hh4b2plus1_QCD2plus1_morph + n_exp_binhh4b2plus1_proc_Signal2plus1_mX_800 * shapeSig_Signal2plus1_mX_800_hh4b2plus1_rebinPdf ]
     p.d.f value is less than zero (-0.000000), forcing value to zero @ !refCoefNorm=(CMS_th1x = 19.25), !pdfs=(shapeBkg_hh4b2plus1_QCD2plus1_morph = 0/1,shapeSig_Signal2plus1_mX_800_hh4b2plus1_rebinPdf = 1e-09/1), !coefficients=(n_exp_final_binhh4b2plus1_proc_QCD2plus1 = 168.352,n_exp_binhh4b2plus1_proc_Signal2plus1_mX_800 = -0.0203951)
[#0] WARNING:Plotting -- At observable [x]=19.125 RooAddPdf::pdf_binhh4b2plus1_nuis[ n_exp_final_binhh4b2plus1_proc_QCD2plus1 * shapeBkg_hh4b2plus1_QCD2plus1_morph + n_exp_binhh4b2plus1_proc_Signal2plus1_mX_800 * shapeSig_Signal2plus1_mX_800_hh4b2plus1_rebinPdf ]
     p.d.f value is less than zero (-0.000000), forcing value to zero @ !refCoefNorm=(CMS_th1x = 19.125), !pdfs=(shapeBkg_hh4b2plus1_QCD2plus1_morph = 0/1,shapeSig_Signal2plus1_mX_800_hh4b2plus1_rebinPdf = 1e-09/1), !coefficients=(n_exp_final_binhh4b2plus1_proc_QCD2plus1 = 168.352,n_exp_binhh4b2plus1_proc_Signal2plus1_mX_800 = -0.0203951)
[#0] WARNING:Plotting -- At observable [x]=19.0625 RooAddPdf::pdf_binhh4b2plus1_nuis[ n_exp_final_binhh4b2plus1_proc_QCD2plus1 * shapeBkg_hh4b2plus1_QCD2plus1_morph + n_exp_binhh4b2plus1_proc_Signal2plus1_mX_800 * shapeSig_Signal2plus1_mX_800_hh4b2plus1_rebinPdf ]
     p.d.f value is less than zero (-0.000000), forcing value to zero @ !refCoefNorm=(CMS_th1x = 19.0625), !pdfs=(shapeBkg_hh4b2plus1_QCD2plus1_morph = 0/1,shapeSig_Signal2plus1_mX_800_hh4b2plus1_rebinPdf = 1e-09/1), !coefficients=(n_exp_final_binhh4b2plus1_proc_QCD2plus1 = 168.352,n_exp_binhh4b2plus1_proc_Signal2plus1_mX_800 = -0.0203951)
[#0] WARNING:Plotting -- At observable [x]=19.0312 RooAddPdf::pdf_binhh4b2plus1_nuis[ n_exp_final_binhh4b2plus1_proc_QCD2plus1 * shapeBkg_hh4b2plus1_QCD2plus1_morph + n_exp_binhh4b2plus1_proc_Signal2plus1_mX_800 * shapeSig_Signal2plus1_mX_800_hh4b2plus1_rebinPdf ]
     p.d.f value is less than zero (-0.000000), forcing value to zero @ !refCoefNorm=(CMS_th1x = 19.0312), !pdfs=(shapeBkg_hh4b2plus1_QCD2plus1_morph = 0/1,shapeSig_Signal2plus1_mX_800_hh4b2plus1_rebinPdf = 1e-09/1), !coefficients=(n_exp_final_binhh4b2plus1_proc_QCD2plus1 = 168.352,n_exp_binhh4b2plus1_proc_Signal2plus1_mX_800 = -0.0203951)
[#0] WARNING:Plotting -- At observable [x]=19.0156 RooAddPdf::pdf_binhh4b2plus1_nuis[ n_exp_final_binhh4b2plus1_proc_QCD2plus1 * shapeBkg_hh4b2plus1_QCD2plus1_morph + n_exp_binhh4b2plus1_proc_Signal2plus1_mX_800 * shapeSig_Signal2plus1_mX_800_hh4b2plus1_rebinPdf ]
     p.d.f value is less than zero (-0.000000), forcing value to zero @ !refCoefNorm=(CMS_th1x = 19.0156), !pdfs=(shapeBkg_hh4b2plus1_QCD2plus1_morph = 0/1,shapeSig_Signal2plus1_mX_800_hh4b2plus1_rebinPdf = 1e-09/1), !coefficients=(n_exp_final_binhh4b2plus1_proc_QCD2plus1 = 168.352,n_exp_binhh4b2plus1_proc_Signal2plus1_mX_800 = -0.0203951)
[#0] WARNING:Plotting -- At observable [x]=19.0469 RooAddPdf::pdf_binhh4b2plus1_nuis[ n_exp_final_binhh4b2plus1_proc_QCD2plus1 * shapeBkg_hh4b2plus1_QCD2plus1_morph + n_exp_binhh4b2plus1_proc_Signal2plus1_mX_800 * shapeSig_Signal2plus1_mX_800_hh4b2plus1_rebinPdf ]
     p.d.f value is less than zero (-0.000000), forcing value to zero @ !refCoefNorm=(CMS_th1x = 19.0469), !pdfs=(shapeBkg_hh4b2plus1_QCD2plus1_morph = 0/1,shapeSig_Signal2plus1_mX_800_hh4b2plus1_rebinPdf = 1e-09/1), !coefficients=(n_exp_final_binhh4b2plus1_proc_QCD2plus1 = 168.352,n_exp_binhh4b2plus1_proc_Signal2plus1_mX_800 = -0.0203951)
[#0] WARNING:Plotting -- At observable [x]=19.0938 RooAddPdf::pdf_binhh4b2plus1_nuis[ n_exp_final_binhh4b2plus1_proc_QCD2plus1 * shapeBkg_hh4b2plus1_QCD2plus1_morph + n_exp_binhh4b2plus1_proc_Signal2plus1_mX_800 * shapeSig_Signal2plus1_mX_800_hh4b2plus1_rebinPdf ]
     p.d.f value is less than zero (-0.000000), forcing value to zero @ !refCoefNorm=(CMS_th1x = 19.0938), !pdfs=(shapeBkg_hh4b2plus1_QCD2plus1_morph = 0/1,shapeSig_Signal2plus1_mX_800_hh4b2plus1_rebinPdf = 1e-09/1), !coefficients=(n_exp_final_binhh4b2plus1_proc_QCD2plus1 = 168.352,n_exp_binhh4b2plus1_proc_Signal2plus1_mX_800 = -0.0203951)
[#0] WARNING:Plotting -- At observable [x]=19.1875 RooAddPdf::pdf_binhh4b2plus1_nuis[ n_exp_final_binhh4b2plus1_proc_QCD2plus1 * shapeBkg_hh4b2plus1_QCD2plus1_morph + n_exp_binhh4b2plus1_proc_Signal2plus1_mX_800 * shapeSig_Signal2plus1_mX_800_hh4b2plus1_rebinPdf ]
     p.d.f value is less than zero (-0.000000), forcing value to zero @ !refCoefNorm=(CMS_th1x = 19.1875), !pdfs=(shapeBkg_hh4b2plus1_QCD2plus1_morph = 0/1,shapeSig_Signal2plus1_mX_800_hh4b2plus1_rebinPdf = 1e-09/1), !coefficients=(n_exp_final_binhh4b2plus1_proc_QCD2plus1 = 168.352,n_exp_binhh4b2plus1_proc_Signal2plus1_mX_800 = -0.0203951)
[#0] WARNING:Plotting -- At observable [x]=19.375 RooAddPdf::pdf_binhh4b2plus1_nuis[ n_exp_final_binhh4b2plus1_proc_QCD2plus1 * shapeBkg_hh4b2plus1_QCD2plus1_morph + n_exp_binhh4b2plus1_proc_Signal2plus1_mX_800 * shapeSig_Signal2plus1_mX_800_hh4b2plus1_rebinPdf ]
     p.d.f value is less than zero (-0.000000), forcing value to zero @ !refCoefNorm=(CMS_th1x = 19.375), !pdfs=(shapeBkg_hh4b2plus1_QCD2plus1_morph = 0/1,shapeSig_Signal2plus1_mX_800_hh4b2plus1_rebinPdf = 1e-09/1), !coefficients=(n_exp_final_binhh4b2plus1_proc_QCD2plus1 = 168.352,n_exp_binhh4b2plus1_proc_Signal2plus1_mX_800 = -0.0203951)
[#0] WARNING:Plotting -- At observable [x]=19.75 RooAddPdf::pdf_binhh4b2plus1_nuis[ n_exp_final_binhh4b2plus1_proc_QCD2plus1 * shapeBkg_hh4b2plus1_QCD2plus1_morph + n_exp_binhh4b2plus1_proc_Signal2plus1_mX_800 * shapeSig_Signal2plus1_mX_800_hh4b2plus1_rebinPdf ]
     p.d.f value is less than zero (-0.000000), forcing value to zero @ !refCoefNorm=(CMS_th1x = 19.75), !pdfs=(shapeBkg_hh4b2plus1_QCD2plus1_morph = 0/1,shapeSig_Signal2plus1_mX_800_hh4b2plus1_rebinPdf = 1e-09/1), !coefficients=(n_exp_final_binhh4b2plus1_proc_QCD2plus1 = 168.352,n_exp_binhh4b2plus1_proc_Signal2plus1_mX_800 = -0.0203951)

 --- MaxLikelihoodFit ---
Best fit r: -0.0100311  -4.98997/+5.01003  (68% CL)
nll S+B -> 0.000142364  nll B -> 0
Done in 0.01 min (cpu), 0.02 min (real)
